TN:
SF:script/CheckBridge.s.sol
DA:13,0
FN:13,CheckBridge.setUp
FNDA:0,CheckBridge.setUp
DA:14,0
DA:15,0
DA:18,0
FN:18,CheckBridge.run
FNDA:0,CheckBridge.run
DA:19,0
DA:20,0
DA:22,0
DA:23,0
DA:25,0
BRDA:25,0,0,-
BRDA:25,0,1,-
DA:26,0
DA:28,0
DA:30,0
BRDA:30,1,0,-
BRDA:30,1,1,-
DA:31,0
DA:32,0
BRDA:32,2,0,-
BRDA:32,2,1,-
DA:33,0
DA:35,0
DA:38,0
FNF:2
FNH:0
LF:17
LH:0
BRF:6
BRH:0
end_of_record
TN:
SF:script/ContentSignWhitelist.s.sol
DA:13,0
FN:13,ContentSignWhitelist.setUp
FNDA:0,ContentSignWhitelist.setUp
DA:14,0
DA:15,0
DA:18,0
FN:18,ContentSignWhitelist.run
FNDA:0,ContentSignWhitelist.run
DA:19,0
DA:21,0
BRDA:21,0,0,-
BRDA:21,0,1,-
DA:22,0
DA:24,0
DA:26,0
DA:27,0
DA:28,0
FNF:2
FNH:0
LF:11
LH:0
BRF:2
BRH:0
end_of_record
TN:
SF:script/DeployClick.s.sol
DA:14,0
FN:14,DeployClick.setUp
FNDA:0,DeployClick.setUp
DA:15,0
DA:16,0
DA:18,0
DA:19,0
DA:22,0
FN:22,DeployClick.run
FNDA:0,DeployClick.run
DA:23,0
DA:25,0
DA:26,0
DA:28,0
DA:29,0
DA:32,0
DA:35,0
DA:37,0
DA:39,0
DA:40,0
DA:41,0
FNF:2
FNH:0
LF:17
LH:0
BRF:0
BRH:0
end_of_record
TN:
SF:script/DeployContentSignEnterprise.s.sol
DA:15,0
FN:15,DeployContentSignEnterprise.setUp
FNDA:0,DeployContentSignEnterprise.setUp
DA:16,0
DA:17,0
DA:18,0
DA:21,0
FN:21,DeployContentSignEnterprise.run
FNDA:0,DeployContentSignEnterprise.run
DA:22,0
DA:24,0
DA:26,0
DA:28,0
DA:29,0
DA:30,0
DA:31,0
FNF:2
FNH:0
LF:12
LH:0
BRF:0
BRH:0
end_of_record
TN:
SF:script/DeployL1Bridge.s.sol
DA:22,0
FN:22,DeployL1Bridge.setUp
FNDA:0,DeployL1Bridge.setUp
DA:23,0
DA:24,0
DA:25,0
DA:26,0
DA:28,0
DA:29,0
DA:30,0
DA:31,0
DA:34,0
FN:34,DeployL1Bridge.run
FNDA:0,DeployL1Bridge.run
DA:35,0
DA:37,0
DA:39,0
DA:40,0
DA:41,0
DA:43,0
DA:45,0
DA:46,0
FNF:2
FNH:0
LF:18
LH:0
BRF:0
BRH:0
end_of_record
TN:
SF:script/DeployL1Ens.s.sol
DA:18,0
FN:18,DeployL1Ens.run
FNDA:0,DeployL1Ens.run
DA:19,0
DA:20,0
DA:22,0
DA:24,0
BRDA:24,0,0,-
BRDA:24,0,1,-
DA:25,0
DA:26,0
BRDA:26,1,0,-
BRDA:26,1,1,-
DA:27,0
DA:28,0
DA:29,0
DA:30,0
DA:32,0
DA:35,0
DA:36,0
DA:39,0
DA:40,0
DA:42,0
DA:45,0
DA:47,0
BRDA:47,2,0,-
DA:48,0
DA:49,0
DA:55,0
DA:56,0
DA:59,0
DA:60,0
DA:62,0
DA:63,0
DA:65,0
DA:66,0
DA:68,0
FNF:1
FNH:0
LF:30
LH:0
BRF:5
BRH:0
end_of_record
TN:
SF:script/DeployL1Nodl.s.sol
DA:17,0
FN:17,DeployL1Nodl.setUp
FNDA:0,DeployL1Nodl.setUp
DA:18,0
DA:19,0
DA:21,0
DA:22,0
DA:25,0
FN:25,DeployL1Nodl.run
FNDA:0,DeployL1Nodl.run
DA:26,0
DA:28,0
DA:30,0
DA:32,0
FNF:2
FNH:0
LF:10
LH:0
BRF:0
BRH:0
end_of_record
TN:
SF:script/DeployL2Bridge.s.sol
DA:19,0
FN:19,DeployL2Bridge.setUp
FNDA:0,DeployL2Bridge.setUp
DA:20,0
DA:21,0
DA:23,0
DA:24,0
DA:27,0
FN:27,DeployL2Bridge.run
FNDA:0,DeployL2Bridge.run
DA:28,0
DA:30,0
DA:32,0
DA:33,0
DA:34,0
DA:36,0
DA:38,0
DA:39,0
FNF:2
FNH:0
LF:14
LH:0
BRF:0
BRH:0
end_of_record
TN:
SF:script/DeployL2Nodl.s.sol
DA:17,0
FN:17,DeployL2Nodl.setUp
FNDA:0,DeployL2Nodl.setUp
DA:18,0
DA:19,0
DA:21,0
DA:22,0
DA:25,0
FN:25,DeployL2Nodl.run
FNDA:0,DeployL2Nodl.run
DA:26,0
DA:28,0
DA:29,0
DA:30,0
DA:32,0
DA:34,0
FNF:2
FNH:0
LF:12
LH:0
BRF:0
BRH:0
end_of_record
TN:
SF:script/DeployMigrationNFT.s.sol
DA:18,0
FN:18,DeployMigrationNFT.setUp
FNDA:0,DeployMigrationNFT.setUp
DA:19,0
DA:20,0
DA:22,0
DA:23,0
DA:24,0
DA:25,0
DA:27,0
DA:28,0
DA:32,0
FN:32,DeployMigrationNFT.run
FNDA:0,DeployMigrationNFT.run
DA:33,0
DA:35,0
DA:37,0
DA:39,0
FNF:2
FNH:0
LF:14
LH:0
BRF:0
BRH:0
end_of_record
TN:
SF:script/DeployNodlMigration.sol
DA:14,0
FN:14,DeployNodlMigration.setUp
FNDA:0,DeployNodlMigration.setUp
DA:15,0
DA:16,0
DA:18,0
DA:19,0
DA:20,0
DA:23,0
FN:23,DeployNodlMigration.run
FNDA:0,DeployNodlMigration.run
DA:24,0
DA:26,0
DA:27,0
DA:29,0
DA:30,0
DA:32,0
DA:34,0
DA:36,0
DA:37,0
FNF:2
FNH:0
LF:16
LH:0
BRF:0
BRH:0
end_of_record
TN:
SF:script/DeployRewards.sol
DA:18,0
FN:18,DeployRewards.setUp
FNDA:0,DeployRewards.setUp
DA:19,0
DA:20,0
DA:21,0
DA:22,0
DA:23,0
DA:24,0
DA:27,0
FN:27,DeployRewards.run
FNDA:0,DeployRewards.run
DA:28,0
DA:29,0
BRDA:29,0,0,-
DA:30,0
DA:31,0
DA:32,0
DA:35,0
DA:36,0
DA:39,0
DA:40,0
DA:42,0
DA:44,0
FNF:2
FNH:0
LF:19
LH:0
BRF:1
BRH:0
end_of_record
TN:
SF:script/RewardsSig.s.sol
DA:15,0
FN:15,RewardsSig.setUp
FNDA:0,RewardsSig.setUp
DA:16,0
DA:17,0
DA:18,0
DA:19,0
DA:22,0
FN:22,RewardsSig.run
FNDA:0,RewardsSig.run
DA:23,0
DA:25,0
DA:26,0
DA:27,0
DA:29,0
DA:31,0
DA:33,0
DA:34,0
DA:36,0
DA:37,0
DA:39,0
DA:40,0
DA:42,0
DA:43,0
FNF:2
FNH:0
LF:20
LH:0
BRF:0
BRH:0
end_of_record
TN:
SF:src/Grants.sol
DA:56,0
FN:56,Grants.constructor
FNDA:0,Grants.constructor
DA:57,0
BRDA:57,0,0,-
DA:58,0
DA:61,0
DA:62,0
DA:63,0
DA:75,0
FN:75,Grants.addVestingSchedule
FNDA:0,Grants.addVestingSchedule
DA:83,0
DA:85,0
DA:87,0
DA:88,0
BRDA:88,1,0,-
DA:89,0
DA:90,0
DA:92,0
DA:94,0
DA:96,0
DA:106,0
FN:106,Grants.validateVestingSchedule
FNDA:0,Grants.validateVestingSchedule
DA:110,0
DA:111,0
DA:112,0
DA:113,0
DA:114,0
DA:123,0
FN:123,Grants.claim
FNDA:0,Grants.claim
DA:124,0
DA:125,0
DA:127,0
DA:129,0
DA:130,0
DA:131,0
DA:132,0
DA:133,0
DA:134,0
BRDA:134,2,0,-
DA:135,0
DA:136,0
DA:137,0
DA:138,0
DA:139,0
DA:140,0
DA:141,0
DA:142,0
BRDA:142,3,0,-
DA:143,0
DA:144,0
DA:145,0
DA:148,0
DA:152,0
BRDA:152,4,0,-
BRDA:152,4,1,-
DA:153,0
DA:154,0
DA:156,0
DA:167,0
FN:167,Grants.renounce
FNDA:0,Grants.renounce
DA:168,0
DA:170,0
DA:171,0
DA:172,0
DA:173,0
DA:174,0
BRDA:174,5,0,-
DA:175,0
DA:176,0
DA:181,0
BRDA:181,6,0,-
BRDA:181,6,1,-
DA:182,0
DA:184,0
DA:195,0
FN:195,Grants.cancelVestingSchedules
FNDA:0,Grants.cancelVestingSchedules
DA:196,0
DA:197,0
DA:198,0
DA:200,0
DA:201,0
DA:202,0
DA:203,0
DA:204,0
DA:205,0
DA:206,0
BRDA:206,7,0,-
DA:207,0
DA:208,0
DA:209,0
DA:210,0
DA:211,0
DA:212,0
DA:213,0
DA:214,0
DA:215,0
DA:216,0
DA:217,0
DA:219,0
DA:223,0
BRDA:223,8,0,-
DA:224,0
DA:227,0
BRDA:227,9,0,-
DA:228,0
DA:231,0
BRDA:231,10,0,-
DA:232,0
DA:235,0
DA:243,0
FN:243,Grants.getGrantsCount
FNDA:0,Grants.getGrantsCount
DA:244,0
DA:245,0
DA:246,0
DA:248,0
DA:253,0
FN:253,Grants._mustBeNonZero
FNDA:0,Grants._mustBeNonZero
DA:254,0
BRDA:254,11,0,-
DA:255,0
DA:259,0
FN:259,Grants._mustBeNonZeroAddress
FNDA:0,Grants._mustBeNonZeroAddress
DA:260,0
BRDA:260,12,0,-
DA:261,0
DA:265,0
FN:265,Grants._mustNotBeSelf
FNDA:0,Grants._mustNotBeSelf
DA:266,0
BRDA:266,13,0,-
DA:267,0
DA:271,0
FN:271,Grants._mustBeEqualOrExceedMinAmount
FNDA:0,Grants._mustBeEqualOrExceedMinAmount
DA:272,0
BRDA:272,14,0,-
DA:273,0
DA:277,0
FN:277,Grants._sanitizePageRange
FNDA:0,Grants._sanitizePageRange
DA:278,0
DA:279,0
BRDA:279,15,0,-
DA:280,0
DA:282,0
BRDA:282,16,0,-
DA:283,0
DA:285,0
FNF:12
FNH:0
LF:114
LH:0
BRF:19
BRH:0
end_of_record
TN:
SF:src/L1Nodl.sol
DA:18,0
FN:18,L1Nodl.constructor
FNDA:0,L1Nodl.constructor
DA:19,0
BRDA:19,0,0,-
DA:20,0
DA:22,0
DA:23,0
DA:26,0
FN:26,L1Nodl.mint
FNDA:0,L1Nodl.mint
DA:27,0
DA:30,0
FN:30,L1Nodl.clock
FNDA:0,L1Nodl.clock
DA:31,0
DA:35,0
FN:35,L1Nodl.CLOCK_MODE
FNDA:0,L1Nodl.CLOCK_MODE
DA:36,0
DA:39,0
FN:39,L1Nodl.nonces
FNDA:0,L1Nodl.nonces
DA:40,0
DA:43,0
FN:43,L1Nodl._update
FNDA:0,L1Nodl._update
DA:44,0
FNF:6
FNH:0
LF:15
LH:0
BRF:1
BRH:0
end_of_record
TN:
SF:src/NODL.sol
DA:12,0
FN:12,NODL.constructor
FNDA:0,NODL.constructor
DA:13,0
DA:14,0
DA:17,0
FN:17,NODL.mint
FNDA:0,NODL.mint
DA:18,0
DA:20,0
FNF:2
FNH:0
LF:6
LH:0
BRF:0
BRH:0
end_of_record
TN:
SF:src/Payment.sol
DA:40,0
FN:40,Payment.constructor
FNDA:0,Payment.constructor
DA:43,0
DA:44,0
DA:58,0
FN:58,Payment.pay
FNDA:0,Payment.pay
DA:59,0
DA:60,0
DA:62,0
BRDA:62,0,0,-
DA:63,0
DA:66,0
DA:67,0
DA:69,0
DA:70,0
DA:83,0
FN:83,Payment.withdraw
FNDA:0,Payment.withdraw
DA:84,0
FNF:3
FNH:0
LF:14
LH:0
BRF:1
BRH:0
end_of_record
TN:
SF:src/QuotaControl.sol
DA:84,0
FN:84,QuotaControl.constructor
FNDA:0,QuotaControl.constructor
DA:85,0
DA:86,0
DA:88,0
DA:89,0
DA:90,0
DA:97,0
FN:97,QuotaControl.setQuota
FNDA:0,QuotaControl.setQuota
DA:98,0
DA:99,0
DA:109,0
FN:109,QuotaControl.setPeriod
FNDA:0,QuotaControl.setPeriod
DA:110,0
DA:111,0
DA:112,0
DA:121,0
FN:121,QuotaControl._checkedResetClaimed
FNDA:0,QuotaControl._checkedResetClaimed
DA:122,0
BRDA:122,0,0,-
DA:123,0
DA:126,0
DA:127,0
DA:140,0
FN:140,QuotaControl._checkedUpdateClaimed
FNDA:0,QuotaControl._checkedUpdateClaimed
DA:141,0
DA:142,0
BRDA:142,1,0,-
DA:143,0
DA:145,0
DA:156,0
FN:156,QuotaControl._mustBeWithinPeriodRange
FNDA:0,QuotaControl._mustBeWithinPeriodRange
DA:157,0
BRDA:157,2,0,-
DA:158,0
DA:160,0
BRDA:160,3,0,-
DA:161,0
FNF:6
FNH:0
LF:28
LH:0
BRF:4
BRH:0
end_of_record
TN:
SF:src/Rewards.sol
DA:137,0
FN:137,Rewards.constructor
FNDA:0,Rewards.constructor
DA:145,0
DA:147,0
DA:148,0
DA:149,0
DA:157,0
FN:157,Rewards.mintReward
FNDA:0,Rewards.mintReward
DA:158,0
DA:159,0
DA:161,0
DA:162,0
DA:165,0
DA:166,0
DA:168,0
DA:176,0
FN:176,Rewards.mintBatchReward
FNDA:0,Rewards.mintBatchReward
DA:177,0
DA:178,0
DA:180,0
DA:182,0
DA:184,0
DA:186,0
DA:187,0
DA:189,0
DA:192,0
DA:194,0
DA:196,0
DA:197,0
DA:199,0
DA:201,0
DA:208,0
FN:208,Rewards.setBatchSubmitterRewardBasisPoints
FNDA:0,Rewards.setBatchSubmitterRewardBasisPoints
DA:209,0
DA:210,0
DA:211,0
DA:213,0
DA:220,0
FN:220,Rewards._mustBeLessThanBasisPointsDivisor
FNDA:0,Rewards._mustBeLessThanBasisPointsDivisor
DA:221,0
BRDA:221,0,0,-
DA:222,0
DA:231,0
FN:231,Rewards._mustBeExpectedSequence
FNDA:0,Rewards._mustBeExpectedSequence
DA:232,0
BRDA:232,1,0,-
DA:233,0
DA:241,0
FN:241,Rewards._mustBeExpectedBatchSequence
FNDA:0,Rewards._mustBeExpectedBatchSequence
DA:242,0
BRDA:242,2,0,-
DA:243,0
DA:251,0
FN:251,Rewards._mustBeValidBatchStructure
FNDA:0,Rewards._mustBeValidBatchStructure
DA:252,0
BRDA:252,3,0,-
DA:253,0
DA:263,0
FN:263,Rewards._mustBeFromAuthorizedOracle
FNDA:0,Rewards._mustBeFromAuthorizedOracle
DA:264,0
BRDA:264,4,0,-
DA:265,0
DA:274,0
FN:274,Rewards._batchSum
FNDA:0,Rewards._batchSum
DA:275,0
DA:276,0
DA:277,0
DA:279,0
DA:287,0
FN:287,Rewards.digestReward
FNDA:0,Rewards.digestReward
DA:288,0
DA:289,0
DA:297,0
FN:297,Rewards.digestBatchReward
FNDA:0,Rewards.digestBatchReward
DA:298,0
DA:299,0
DA:300,0
DA:301,0
DA:308,0
FN:308,Rewards.latestBatchDetails
FNDA:0,Rewards.latestBatchDetails
DA:309,0
FNF:13
FNH:0
LF:63
LH:0
BRF:5
BRH:0
end_of_record
TN:
SF:src/bridge/BridgeBase.sol
DA:70,0
FN:70,BridgeBase.constructor
FNDA:0,BridgeBase.constructor
DA:71,0
DA:72,0
DA:73,0
DA:75,0
DA:76,0
DA:79,0
DA:80,0
DA:81,0
DA:90,0
FN:90,BridgeBase._createVote
FNDA:0,BridgeBase._createVote
DA:91,0
DA:93,0
DA:99,0
FN:99,BridgeBase._recordVote
FNDA:0,BridgeBase._recordVote
DA:100,0
DA:102,0
DA:104,0
DA:108,0
FN:108,BridgeBase._processVote
FNDA:0,BridgeBase._processVote
DA:109,0
DA:110,0
DA:111,0
DA:116,0
FN:116,BridgeBase._execute
FNDA:0,BridgeBase._execute
DA:117,0
DA:118,0
DA:119,0
DA:121,0
DA:164,0
FN:164,BridgeBase._mustNotHaveExecutedYet
FNDA:0,BridgeBase._mustNotHaveExecutedYet
DA:165,0
BRDA:165,0,0,-
DA:166,0
DA:170,0
FN:170,BridgeBase._mustBePastSafetyDelay
FNDA:0,BridgeBase._mustBePastSafetyDelay
DA:171,0
BRDA:171,1,0,-
DA:172,0
DA:176,0
FN:176,BridgeBase._mustHaveEnoughVotes
FNDA:0,BridgeBase._mustHaveEnoughVotes
DA:177,0
BRDA:177,2,0,-
DA:178,0
DA:182,0
FN:182,BridgeBase._mustHaveEnoughOracles
FNDA:0,BridgeBase._mustHaveEnoughOracles
DA:183,0
BRDA:183,3,0,-
DA:184,0
DA:188,0
FN:188,BridgeBase._mustBeAnOracle
FNDA:0,BridgeBase._mustBeAnOracle
DA:189,0
BRDA:189,4,0,-
DA:190,0
DA:194,0
FN:194,BridgeBase._mustNotExceedMaxOracles
FNDA:0,BridgeBase._mustNotExceedMaxOracles
DA:195,0
BRDA:195,5,0,-
DA:196,0
DA:200,0
FN:200,BridgeBase._mustNotBeZeroMinVotes
FNDA:0,BridgeBase._mustNotBeZeroMinVotes
DA:201,0
BRDA:201,6,0,-
DA:202,0
DA:206,0
FN:206,BridgeBase._mustNotHaveVotedYet
FNDA:0,BridgeBase._mustNotHaveVotedYet
DA:207,0
BRDA:207,7,0,-
DA:208,0
FNF:13
FNH:0
LF:49
LH:0
BRF:8
BRH:0
end_of_record
TN:
SF:src/bridge/GrantsMigration.sol
DA:57,0
FN:57,GrantsMigration.constructor
FNDA:0,GrantsMigration.constructor
DA:60,0
DA:70,0
FN:70,GrantsMigration.bridge
FNDA:0,GrantsMigration.bridge
DA:73,0
DA:74,0
DA:76,0
BRDA:76,0,0,-
BRDA:76,0,1,-
DA:77,0
DA:78,0
DA:80,0
DA:88,0
FN:88,GrantsMigration.grant
FNDA:0,GrantsMigration.grant
DA:89,0
DA:90,0
DA:91,0
DA:92,0
DA:93,0
DA:94,0
DA:103,0
DA:108,0
FN:108,GrantsMigration._mustNotBeChangingParameters
FNDA:0,GrantsMigration._mustNotBeChangingParameters
DA:114,0
DA:116,0
BRDA:116,1,0,-
DA:117,0
DA:120,0
DA:121,0
BRDA:121,2,0,-
DA:122,0
DA:125,0
DA:127,0
DA:128,0
DA:129,0
DA:130,0
DA:131,0
DA:132,0
BRDA:132,3,0,-
DA:133,0
DA:138,0
FN:138,GrantsMigration._createProposal
FNDA:0,GrantsMigration._createProposal
DA:145,0
BRDA:145,4,0,-
DA:146,0
DA:148,0
BRDA:148,5,0,-
DA:149,0
DA:151,0
DA:152,0
DA:153,0
DA:156,0
DA:158,0
BRDA:158,6,0,-
DA:159,0
DA:161,0
DA:162,0
DA:165,0
FN:165,GrantsMigration._proposalExists
FNDA:0,GrantsMigration._proposalExists
DA:166,0
DA:169,0
FN:169,GrantsMigration._flagAsExecuted
FNDA:0,GrantsMigration._flagAsExecuted
DA:170,0
DA:173,0
FN:173,GrantsMigration._incTotalVotes
FNDA:0,GrantsMigration._incTotalVotes
DA:174,0
DA:177,0
FN:177,GrantsMigration._updateLastVote
FNDA:0,GrantsMigration._updateLastVote
DA:178,0
DA:181,0
FN:181,GrantsMigration._totalVotes
FNDA:0,GrantsMigration._totalVotes
DA:182,0
DA:185,0
FN:185,GrantsMigration._lastVote
FNDA:0,GrantsMigration._lastVote
DA:186,0
DA:189,0
FN:189,GrantsMigration._executed
FNDA:0,GrantsMigration._executed
DA:190,0
FNF:12
FNH:0
LF:59
LH:0
BRF:8
BRH:0
end_of_record
TN:
SF:src/bridge/L1Bridge.sol
DA:80,0
FN:80,L1Bridge.constructor
FNDA:0,L1Bridge.constructor
DA:81,0
BRDA:81,0,0,-
DA:82,0
DA:84,0
DA:85,0
DA:86,0
DA:94,0
FN:94,L1Bridge.pause
FNDA:0,L1Bridge.pause
DA:95,0
DA:99,0
FN:99,L1Bridge.unpause
FNDA:0,L1Bridge.unpause
DA:100,0
DA:115,0
FN:115,L1Bridge.quoteL2BaseCost
FNDA:0,L1Bridge.quoteL2BaseCost
DA:120,0
DA:130,0
FN:130,L1Bridge.quoteL2BaseCostAtGasPrice
FNDA:0,L1Bridge.quoteL2BaseCostAtGasPrice
DA:135,0
DA:152,0
FN:152,L1Bridge.deposit
FNDA:0,L1Bridge.deposit
DA:159,0
BRDA:159,1,0,-
DA:160,0
DA:162,0
BRDA:162,2,0,-
DA:163,0
DA:166,0
DA:168,0
DA:169,0
DA:171,0
DA:175,0
DA:177,0
DA:183,0
FN:183,L1Bridge.deposit
FNDA:0,L1Bridge.deposit
DA:189,0
DA:202,0
FN:202,L1Bridge.claimFailedDeposit
FNDA:0,L1Bridge.claimFailedDeposit
DA:210,0
DA:211,0
BRDA:211,3,0,-
DA:212,0
DA:214,0
DA:217,0
BRDA:217,4,0,-
DA:218,0
DA:220,0
DA:221,0
DA:222,0
DA:234,0
FN:234,L1Bridge.finalizeWithdrawal
FNDA:0,L1Bridge.finalizeWithdrawal
DA:241,0
BRDA:241,5,0,-
DA:242,0
DA:245,0
DA:246,0
DA:249,0
DA:255,0
BRDA:255,6,0,-
DA:256,0
DA:259,0
DA:261,0
DA:262,0
DA:276,0
FN:276,L1Bridge._parseL2WithdrawalMessage
FNDA:0,L1Bridge._parseL2WithdrawalMessage
DA:282,0
BRDA:282,7,0,-
DA:283,0
DA:287,0
DA:288,0
BRDA:288,8,0,-
DA:289,0
DA:291,0
DA:292,0
FNF:10
FNH:0
LF:56
LH:0
BRF:9
BRH:0
end_of_record
TN:
SF:src/bridge/L2Bridge.sol
DA:49,0
FN:49,L2Bridge.onlyL1Bridge
FNDA:0,L2Bridge.onlyL1Bridge
DA:50,0
BRDA:50,0,0,-
DA:51,0
DA:65,0
FN:65,L2Bridge.constructor
FNDA:0,L2Bridge.constructor
DA:66,0
BRDA:66,1,0,-
DA:67,0
DA:69,0
DA:70,0
DA:78,0
FN:78,L2Bridge.pause
FNDA:0,L2Bridge.pause
DA:79,0
DA:83,0
FN:83,L2Bridge.unpause
FNDA:0,L2Bridge.unpause
DA:84,0
DA:90,0
FN:90,L2Bridge.initialize
FNDA:0,L2Bridge.initialize
DA:91,0
BRDA:91,2,0,-
DA:92,0
DA:94,0
BRDA:94,3,0,-
DA:95,0
DA:97,0
DA:103,0
FN:103,L2Bridge.finalizeDeposit
FNDA:0,L2Bridge.finalizeDeposit
DA:109,0
BRDA:109,4,0,-
DA:110,0
DA:112,0
BRDA:112,5,0,-
DA:113,0
DA:116,0
DA:118,0
DA:124,0
FN:124,L2Bridge.withdraw
FNDA:0,L2Bridge.withdraw
DA:125,0
BRDA:125,6,0,-
DA:126,0
DA:128,0
BRDA:128,7,0,-
DA:129,0
DA:132,0
DA:135,0
DA:136,0
DA:138,0
FNF:7
FNH:0
LF:34
LH:0
BRF:8
BRH:0
end_of_record
TN:
SF:src/bridge/MigrationNFT.sol
DA:69,0
FN:69,MigrationNFT.constructor
FNDA:0,MigrationNFT.constructor
DA:75,0
BRDA:75,0,0,-
DA:76,0
DA:78,0
BRDA:78,1,0,-
DA:79,0
DA:81,0
BRDA:81,2,0,-
DA:82,0
DA:85,0
DA:86,0
BRDA:86,3,0,-
DA:87,0
DA:91,0
DA:92,0
DA:93,0
DA:94,0
DA:101,0
FN:101,MigrationNFT.tokenURI
FNDA:0,MigrationNFT.tokenURI
DA:102,0
DA:104,0
DA:105,0
DA:112,0
FN:112,MigrationNFT.safeMint
FNDA:0,MigrationNFT.safeMint
DA:113,0
DA:115,0
DA:117,0
DA:118,0
DA:119,0
DA:121,0
DA:123,0
DA:124,0
BRDA:124,4,0,-
DA:125,0
DA:128,0
DA:129,0
DA:130,0
DA:131,0
DA:132,0
DA:136,0
FN:136,MigrationNFT._computeLevelUps
FNDA:0,MigrationNFT._computeLevelUps
DA:141,0
DA:142,0
DA:147,0
DA:148,0
DA:149,0
BRDA:149,5,0,-
DA:150,0
DA:151,0
DA:155,0
BRDA:155,6,0,-
DA:156,0
DA:160,0
FN:160,MigrationNFT._mustNotHaveBeenClaimed
FNDA:0,MigrationNFT._mustNotHaveBeenClaimed
DA:161,0
BRDA:161,7,0,-
DA:162,0
DA:166,0
FN:166,MigrationNFT._mustBeAnExistingProposal
FNDA:0,MigrationNFT._mustBeAnExistingProposal
DA:168,0
BRDA:168,8,0,-
DA:169,0
DA:173,0
FN:173,MigrationNFT._mustBeExecuted
FNDA:0,MigrationNFT._mustBeExecuted
DA:174,0
BRDA:174,9,0,-
DA:175,0
DA:179,0
FN:179,MigrationNFT._mustAlreadyBeHolderOrEnoughHoldersRemaining
FNDA:0,MigrationNFT._mustAlreadyBeHolderOrEnoughHoldersRemaining
DA:180,0
DA:181,0
BRDA:181,10,0,-
DA:182,0
DA:186,0
FN:186,MigrationNFT._update
FNDA:0,MigrationNFT._update
DA:187,0
DA:188,0
BRDA:188,11,0,-
DA:190,0
DA:193,0
FNF:9
FNH:0
LF:61
LH:0
BRF:12
BRH:0
end_of_record
TN:
SF:src/bridge/NODLMigration.sol
DA:35,0
FN:35,NODLMigration.bridge
FNDA:0,NODLMigration.bridge
DA:36,0
DA:37,0
DA:39,0
BRDA:39,0,0,-
BRDA:39,0,1,-
DA:40,0
DA:41,0
DA:43,0
DA:50,0
FN:50,NODLMigration.withdraw
FNDA:0,NODLMigration.withdraw
DA:51,0
DA:52,0
DA:55,0
FN:55,NODLMigration._mustNotBeChangingParameters
FNDA:0,NODLMigration._mustNotBeChangingParameters
DA:56,0
BRDA:56,1,0,-
DA:57,0
DA:61,0
FN:61,NODLMigration._proposalExists
FNDA:0,NODLMigration._proposalExists
DA:62,0
DA:65,0
FN:65,NODLMigration._createVote
FNDA:0,NODLMigration._createVote
DA:66,0
DA:67,0
DA:68,0
DA:71,0
FN:71,NODLMigration._withdraw
FNDA:0,NODLMigration._withdraw
DA:72,0
DA:73,0
DA:76,0
FN:76,NODLMigration._flagAsExecuted
FNDA:0,NODLMigration._flagAsExecuted
DA:77,0
DA:80,0
FN:80,NODLMigration._incTotalVotes
FNDA:0,NODLMigration._incTotalVotes
DA:81,0
DA:84,0
FN:84,NODLMigration._updateLastVote
FNDA:0,NODLMigration._updateLastVote
DA:85,0
DA:88,0
FN:88,NODLMigration._totalVotes
FNDA:0,NODLMigration._totalVotes
DA:89,0
DA:92,0
FN:92,NODLMigration._lastVote
FNDA:0,NODLMigration._lastVote
DA:93,0
DA:96,0
FN:96,NODLMigration._executed
FNDA:0,NODLMigration._executed
DA:97,0
FNF:12
FNH:0
LF:34
LH:0
BRF:3
BRH:0
end_of_record
TN:
SF:src/contentsign/BaseContentSign.sol
DA:17,0
FN:17,BaseContentSign.safeMint
FNDA:0,BaseContentSign.safeMint
DA:18,0
DA:20,0
DA:21,0
DA:22,0
DA:25,0
FN:25,BaseContentSign.tokenURI
FNDA:0,BaseContentSign.tokenURI
DA:26,0
DA:29,0
FN:29,BaseContentSign.supportsInterface
FNDA:0,BaseContentSign.supportsInterface
DA:36,0
DA:39,0
FN:39,BaseContentSign._mustBeWhitelisted
FNDA:0,BaseContentSign._mustBeWhitelisted
DA:40,0
BRDA:40,0,0,-
DA:41,0
FNF:4
FNH:0
LF:12
LH:0
BRF:1
BRH:0
end_of_record
TN:
SF:src/contentsign/ClickBounty.sol
DA:158,0
FN:158,ClickBounty.constructor
FNDA:0,ClickBounty.constructor
DA:159,0
DA:160,0
DA:162,0
DA:163,0
DA:164,0
DA:181,0
FN:181,ClickBounty.payEntryFee
FNDA:0,ClickBounty.payEntryFee
DA:182,0
DA:184,0
BRDA:184,0,0,-
DA:185,0
DA:188,0
DA:189,0
BRDA:189,1,0,-
DA:190,0
DA:193,0
DA:194,0
DA:209,0
FN:209,ClickBounty.setEntryFee
FNDA:0,ClickBounty.setEntryFee
DA:210,0
DA:211,0
DA:212,0
DA:224,0
FN:224,ClickBounty.withdraw
FNDA:0,ClickBounty.withdraw
DA:225,0
DA:226,0
DA:254,0
FN:254,ClickBounty.awardBounty
FNDA:0,ClickBounty.awardBounty
DA:255,0
DA:257,0
BRDA:257,2,0,-
DA:258,0
DA:260,0
DA:262,0
BRDA:262,3,0,-
DA:263,0
DA:265,0
BRDA:265,4,0,-
DA:266,0
DA:269,0
DA:272,0
DA:275,0
DA:277,0
DA:280,0
DA:294,0
FN:294,ClickBounty.getLeaderboard
FNDA:0,ClickBounty.getLeaderboard
DA:295,0
DA:296,0
DA:297,0
DA:298,0
DA:317,0
FN:317,ClickBounty._updateLeaderboard
FNDA:0,ClickBounty._updateLeaderboard
DA:319,0
BRDA:319,5,0,-
DA:320,0
DA:321,0
DA:322,0
DA:326,0
DA:327,0
DA:328,0
DA:329,0
DA:330,0
BRDA:330,6,0,-
DA:331,0
DA:332,0
DA:337,0
BRDA:337,7,0,-
DA:338,0
DA:339,0
FNF:7
FNH:0
LF:56
LH:0
BRF:8
BRH:0
end_of_record
TN:
SF:src/contentsign/ClickContentSign.sol
DA:12,0
FN:12,ClickContentSign.constructor
FNDA:0,ClickContentSign.constructor
DA:13,0
DA:16,0
FN:16,ClickContentSign._userIsWhitelisted
FNDA:0,ClickContentSign._userIsWhitelisted
DA:17,0
FNF:2
FNH:0
LF:4
LH:0
BRF:0
BRH:0
end_of_record
TN:
SF:src/contentsign/EnterpriseContentSign.sol
DA:13,0
FN:13,EnterpriseContentSign.constructor
FNDA:0,EnterpriseContentSign.constructor
DA:14,0
DA:17,0
FN:17,EnterpriseContentSign.supportsInterface
FNDA:0,EnterpriseContentSign.supportsInterface
DA:23,0
DA:26,0
FN:26,EnterpriseContentSign._userIsWhitelisted
FNDA:0,EnterpriseContentSign._userIsWhitelisted
DA:27,0
FNF:3
FNH:0
LF:6
LH:0
BRF:0
BRH:0
end_of_record
TN:
SF:src/contentsign/PaymentMiddleware.sol
DA:21,0
FN:21,PaymentMiddleware.constructor
FNDA:0,PaymentMiddleware.constructor
DA:24,0
DA:25,0
DA:26,0
DA:27,0
DA:30,0
FN:30,PaymentMiddleware.safeMint
FNDA:0,PaymentMiddleware.safeMint
DA:32,0
BRDA:32,0,0,-
DA:33,0
DA:37,0
DA:40,0
DA:43,0
FN:43,PaymentMiddleware.withdraw
FNDA:0,PaymentMiddleware.withdraw
DA:44,0
DA:46,0
DA:47,0
DA:50,0
FN:50,PaymentMiddleware.setFeeAmount
FNDA:0,PaymentMiddleware.setFeeAmount
DA:51,0
DA:53,0
DA:56,0
FN:56,PaymentMiddleware.setTarget
FNDA:0,PaymentMiddleware.setTarget
DA:57,0
DA:59,0
DA:62,0
FN:62,PaymentMiddleware.setWhitelist
FNDA:0,PaymentMiddleware.setWhitelist
DA:63,0
DA:65,0
DA:68,0
FN:68,PaymentMiddleware.setFeeToken
FNDA:0,PaymentMiddleware.setFeeToken
DA:69,0
DA:71,0
FNF:7
FNH:0
LF:26
LH:0
BRF:1
BRH:0
end_of_record
TN:
SF:src/nameservice/ClickNameService.sol
DA:62,0
FN:62,ClickNameService.constructor
FNDA:0,ClickNameService.constructor
DA:63,0
DA:64,0
DA:68,0
FN:68,ClickNameService.resolve
FNDA:0,ClickNameService.resolve
DA:69,0
DA:70,0
DA:71,0
BRDA:71,0,0,-
DA:72,0
DA:74,0
DA:80,0
FN:80,ClickNameService.batchRegister
FNDA:0,ClickNameService.batchRegister
DA:81,0
BRDA:81,1,0,-
DA:82,0
DA:85,0
DA:86,0
DA:94,0
FN:94,ClickNameService.setDefaultExpiry
FNDA:0,ClickNameService.setDefaultExpiry
DA:95,0
DA:99,0
FN:99,ClickNameService.register
FNDA:0,ClickNameService.register
DA:100,0
DA:104,0
FN:104,ClickNameService.registerWithExpiry
FNDA:0,ClickNameService.registerWithExpiry
DA:105,0
BRDA:105,2,0,-
DA:106,0
DA:109,0
DA:110,0
DA:111,0
DA:112,0
DA:115,0
FN:115,ClickNameService._register
FNDA:0,ClickNameService._register
DA:116,0
BRDA:116,3,0,-
DA:117,0
DA:119,0
BRDA:119,4,0,-
DA:120,0
DA:123,0
DA:124,0
DA:125,0
BRDA:125,5,0,-
BRDA:125,5,1,-
DA:126,0
DA:128,0
BRDA:128,6,0,-
DA:129,0
DA:131,0
DA:134,0
DA:140,0
FN:140,ClickNameService.supportsInterface
FNDA:0,ClickNameService.supportsInterface
DA:141,0
DA:142,0
DA:149,0
FN:149,ClickNameService.burn
FNDA:0,ClickNameService.burn
DA:150,0
DA:151,0
DA:158,0
FN:158,ClickNameService.removeExpired
FNDA:0,ClickNameService.removeExpired
DA:159,0
DA:160,0
BRDA:160,7,0,-
DA:161,0
DA:163,0
DA:164,0
DA:171,0
FN:171,ClickNameService.extendExpiry
FNDA:0,ClickNameService.extendExpiry
DA:172,0
BRDA:172,8,0,-
DA:173,0
DA:175,0
BRDA:175,9,0,-
DA:176,0
DA:179,0
BRDA:179,10,0,-
BRDA:179,10,1,-
DA:180,0
DA:182,0
DA:187,0
FN:187,ClickNameService._isAlphanumeric
FNDA:0,ClickNameService._isAlphanumeric
DA:188,0
DA:189,0
DA:190,0
DA:191,0
DA:193,0
DA:197,0
FN:197,ClickNameService._isAuthorized
FNDA:0,ClickNameService._isAuthorized
DA:198,0
FNF:13
FNH:0
LF:66
LH:0
BRF:13
BRH:0
end_of_record
TN:
SF:src/nameservice/NameService.sol
DA:75,0
FN:75,NameService.constructor
FNDA:0,NameService.constructor
DA:78,0
DA:79,0
DA:83,0
FN:83,NameService.resolve
FNDA:0,NameService.resolve
DA:84,0
DA:85,0
DA:86,0
BRDA:86,0,0,-
DA:87,0
DA:89,0
DA:95,0
FN:95,NameService.batchRegister
FNDA:0,NameService.batchRegister
DA:96,0
BRDA:96,1,0,-
DA:97,0
DA:100,0
DA:101,0
DA:109,0
FN:109,NameService.setDefaultExpiry
FNDA:0,NameService.setDefaultExpiry
DA:110,0
DA:114,0
FN:114,NameService.register
FNDA:0,NameService.register
DA:115,0
DA:119,0
FN:119,NameService.registerWithExpiry
FNDA:0,NameService.registerWithExpiry
DA:120,0
BRDA:120,2,0,-
DA:121,0
DA:124,0
DA:125,0
DA:126,0
DA:127,0
DA:130,0
FN:130,NameService._register
FNDA:0,NameService._register
DA:131,0
BRDA:131,3,0,-
DA:132,0
DA:134,0
BRDA:134,4,0,-
DA:135,0
DA:138,0
DA:139,0
DA:140,0
BRDA:140,5,0,-
BRDA:140,5,1,-
DA:141,0
DA:143,0
BRDA:143,6,0,-
DA:144,0
DA:146,0
DA:149,0
DA:155,0
FN:155,NameService.supportsInterface
FNDA:0,NameService.supportsInterface
DA:156,0
DA:157,0
DA:164,0
FN:164,NameService.burn
FNDA:0,NameService.burn
DA:165,0
DA:167,0
DA:168,0
DA:169,0
DA:171,0
DA:173,0
DA:174,0
DA:181,0
FN:181,NameService.removeExpired
FNDA:0,NameService.removeExpired
DA:182,0
DA:183,0
BRDA:183,7,0,-
DA:184,0
DA:186,0
DA:187,0
DA:194,0
FN:194,NameService.extendExpiry
FNDA:0,NameService.extendExpiry
DA:195,0
BRDA:195,8,0,-
DA:196,0
DA:198,0
BRDA:198,9,0,-
DA:199,0
DA:202,0
BRDA:202,10,0,-
BRDA:202,10,1,-
DA:203,0
DA:205,0
DA:210,0
FN:210,NameService._isAlphanumeric
FNDA:0,NameService._isAlphanumeric
DA:211,0
DA:212,0
DA:213,0
DA:214,0
DA:216,0
DA:220,0
FN:220,NameService._isAuthorized
FNDA:0,NameService._isAuthorized
DA:221,0
DA:228,0
FN:228,NameService.setTextRecord
FNDA:0,NameService.setTextRecord
DA:229,0
DA:231,0
DA:232,0
DA:233,0
DA:235,0
BRDA:235,12,0,-
DA:236,0
DA:238,0
BRDA:238,13,0,-
DA:239,0
DA:241,0
DA:242,0
DA:249,0
FN:249,NameService.getTextRecord
FNDA:0,NameService.getTextRecord
DA:250,0
DA:251,0
BRDA:251,14,0,-
DA:252,0
DA:254,0
FNF:15
FNH:0
LF:87
LH:0
BRF:16
BRH:0
end_of_record
TN:
SF:src/nameservice/PaymasterTest.sol
DA:23,0
FN:23,PaymasterTest.register
FNDA:0,PaymasterTest.register
DA:24,0
BRDA:24,0,0,-
DA:25,0
DA:27,0
BRDA:27,1,0,-
DA:28,0
DA:31,0
DA:32,0
DA:33,0
BRDA:33,2,0,-
BRDA:33,2,1,-
DA:34,0
DA:36,0
DA:39,0
DA:43,0
FN:43,PaymasterTest._isAlphanumeric
FNDA:0,PaymasterTest._isAlphanumeric
DA:44,0
DA:45,0
DA:46,0
DA:47,0
DA:49,0
FNF:2
FNH:0
LF:17
LH:0
BRF:4
BRH:0
end_of_record
TN:
SF:src/nameservice/UniversalResolver.sol
DA:53,0
FN:53,UniversalResolver.constructor
FNDA:0,UniversalResolver.constructor
DA:56,0
DA:57,0
DA:58,0
DA:59,0
DA:62,0
DA:63,0
DA:66,0
FN:66,UniversalResolver.setUrl
FNDA:0,UniversalResolver.setUrl
DA:67,0
DA:81,0
FN:81,UniversalResolver._parseDnsDomain
FNDA:0,UniversalResolver._parseDnsDomain
DA:86,0
DA:88,0
DA:89,0
DA:93,0
DA:95,0
DA:96,0
DA:100,0
DA:102,0
DA:103,0
DA:105,0
DA:110,0
FN:110,UniversalResolver.getStorageKey
FNDA:0,UniversalResolver.getStorageKey
DA:111,0
DA:112,0
DA:119,0
FN:119,UniversalResolver.getTextRecordStorageKey
FNDA:0,UniversalResolver.getTextRecordStorageKey
DA:120,0
DA:121,0
DA:122,0
DA:130,0
FN:130,UniversalResolver.resolve
FNDA:0,UniversalResolver.resolve
DA:131,0
DA:133,0
BRDA:133,2,0,-
DA:134,0
DA:137,0
DA:138,0
DA:140,0
BRDA:140,3,0,-
BRDA:140,3,1,-
DA:141,0
DA:142,0
DA:143,0
BRDA:143,4,0,-
BRDA:143,4,1,-
DA:144,0
DA:145,0
BRDA:145,5,0,-
DA:146,0
DA:147,0
BRDA:147,6,0,-
DA:148,0
DA:152,0
DA:155,0
DA:156,0
DA:158,0
DA:159,0
DA:161,0
DA:167,0
FN:167,UniversalResolver.resolveWithProof
FNDA:0,UniversalResolver.resolveWithProof
DA:168,0
DA:169,0
DA:172,0
DA:174,0
DA:176,0
DA:178,0
BRDA:178,7,0,-
DA:179,0
DA:182,0
BRDA:182,8,0,-
BRDA:182,8,1,-
DA:183,0
DA:184,0
BRDA:184,9,0,-
BRDA:184,9,1,-
DA:185,0
DA:187,0
DA:194,0
FN:194,UniversalResolver.supportsInterface
FNDA:0,UniversalResolver.supportsInterface
DA:195,0
DA:196,0
FNF:8
FNH:0
LF:64
LH:0
BRF:12
BRH:0
end_of_record
TN:
SF:src/paymasters/BasePaymaster.sol
DA:33,0
FN:33,BasePaymaster.constructor
FNDA:0,BasePaymaster.constructor
DA:34,0
DA:35,0
DA:38,0
FN:38,BasePaymaster.validateAndPayForPaymasterTransaction
FNDA:0,BasePaymaster.validateAndPayForPaymasterTransaction
DA:43,0
DA:46,0
DA:48,0
BRDA:48,0,0,-
DA:49,0
DA:52,0
DA:56,0
DA:57,0
DA:58,0
DA:60,0
BRDA:60,1,0,-
BRDA:60,1,1,-
DA:61,0
DA:62,0
BRDA:62,2,0,-
BRDA:62,2,1,-
DA:63,0
DA:64,0
DA:66,0
DA:68,0
DA:72,0
DA:73,0
BRDA:73,3,0,-
DA:74,0
DA:77,0
DA:80,0
FN:80,BasePaymaster.postTransaction
FNDA:0,BasePaymaster.postTransaction
DA:88,0
DA:93,0
FN:93,BasePaymaster.withdraw
FNDA:0,BasePaymaster.withdraw
DA:94,0
DA:96,0
DA:97,0
BRDA:97,4,0,-
DA:99,0
DA:104,0
FN:104,BasePaymaster._mustBeBootloader
FNDA:0,BasePaymaster._mustBeBootloader
DA:105,0
BRDA:105,5,0,-
DA:106,0
FNF:5
FNH:0
LF:33
LH:0
BRF:8
BRH:0
end_of_record
TN:
SF:src/paymasters/WhitelistPaymaster.sol
DA:22,0
FN:22,WhitelistPaymaster.constructor
FNDA:0,WhitelistPaymaster.constructor
DA:23,0
DA:26,0
FN:26,WhitelistPaymaster.addWhitelistedContracts
FNDA:0,WhitelistPaymaster.addWhitelistedContracts
DA:27,0
DA:29,0
DA:30,0
DA:33,0
DA:36,0
FN:36,WhitelistPaymaster.removeWhitelistedContracts
FNDA:0,WhitelistPaymaster.removeWhitelistedContracts
DA:37,0
DA:39,0
DA:40,0
DA:43,0
DA:46,0
FN:46,WhitelistPaymaster.addWhitelistedUsers
FNDA:0,WhitelistPaymaster.addWhitelistedUsers
DA:47,0
DA:49,0
DA:50,0
DA:53,0
DA:56,0
FN:56,WhitelistPaymaster.removeWhitelistedUsers
FNDA:0,WhitelistPaymaster.removeWhitelistedUsers
DA:57,0
DA:59,0
DA:60,0
DA:63,0
DA:66,0
FN:66,WhitelistPaymaster._validateAndPayGeneralFlow
FNDA:0,WhitelistPaymaster._validateAndPayGeneralFlow
DA:67,0
BRDA:67,0,0,-
DA:68,0
DA:71,0
BRDA:71,1,0,-
DA:72,0
DA:76,0
FN:76,WhitelistPaymaster._validateAndPayApprovalBasedFlow
FNDA:0,WhitelistPaymaster._validateAndPayApprovalBasedFlow
DA:81,0
FNF:7
FNH:0
LF:29
LH:0
BRF:2
BRH:0
end_of_record
TN:
SF:src/swarms/FleetIdentity.sol
DA:227,872
FN:227,FleetIdentity.constructor
FNDA:872,FleetIdentity.constructor
DA:228,872
DA:229,872
DA:243,12006
FN:243,FleetIdentity.registerFleetCountry
FNDA:12006,FleetIdentity.registerFleetCountry
DA:248,12006
BRDA:248,0,0,-
DA:249,12006
BRDA:249,1,0,2
DA:250,12004
DA:251,12004
DA:252,12004
DA:267,14439
FN:267,FleetIdentity.registerFleetLocal
FNDA:14439,FleetIdentity.registerFleetLocal
DA:272,14439
BRDA:272,2,0,-
DA:273,14439
BRDA:273,3,0,1
DA:274,14438
BRDA:274,4,0,2
DA:275,14436
DA:276,14436
DA:277,14436
DA:286,265
FN:286,FleetIdentity.promote
FNDA:265,FleetIdentity.promote
DA:287,265
DA:294,38
FN:294,FleetIdentity.reassignTier
FNDA:38,FleetIdentity.reassignTier
DA:295,38
DA:296,38
BRDA:296,5,0,1
DA:297,37
BRDA:297,6,0,28
BRDA:297,6,1,9
DA:298,28
DA:300,9
DA:316,282
FN:316,FleetIdentity.setOperator
FNDA:282,FleetIdentity.setOperator
DA:318,282
BRDA:318,7,0,2
DA:321,280
BRDA:321,8,0,-
DA:322,0
DA:325,280
DA:328,280
DA:329,280
DA:332,280
DA:335,280
DA:338,280
BRDA:338,9,0,278
DA:340,278
DA:342,278
DA:345,1
DA:367,905
FN:367,FleetIdentity.burn
FNDA:905,FleetIdentity.burn
DA:368,905
DA:370,905
DA:371,905
DA:372,905
DA:373,905
DA:374,905
DA:376,905
BRDA:376,10,0,27
BRDA:376,10,1,574
DA:378,27
BRDA:378,11,0,2
DA:380,25
DA:381,25
DA:382,25
DA:384,25
DA:387,878
BRDA:387,12,0,259
DA:388,259
DA:391,619
DA:392,619
DA:395,619
DA:397,619
DA:398,619
DA:400,45
BRDA:400,13,0,45
BRDA:400,13,1,574
DA:402,45
DA:403,45
DA:404,45
DA:408,574
DA:412,619
DA:414,619
DA:427,24
FN:427,FleetIdentity.claimUuid
FNDA:24,FleetIdentity.claimUuid
DA:428,24
BRDA:428,14,0,1
DA:429,23
BRDA:429,15,0,2
DA:432,21
DA:433,21
DA:434,21
DA:436,21
DA:439,21
DA:440,21
DA:442,21
DA:444,21
DA:454,29620
FN:454,FleetIdentity.tierBond
FNDA:29620,FleetIdentity.tierBond
DA:455,29620
DA:456,29620
DA:462,9
FN:462,FleetIdentity.localInclusionHint
FNDA:9,FleetIdentity.localInclusionHint
DA:467,9
BRDA:467,16,0,-
DA:468,9
BRDA:468,17,0,-
DA:469,9
DA:470,7
DA:478,8
FN:478,FleetIdentity.countryInclusionHint
FNDA:8,FleetIdentity.countryInclusionHint
DA:479,8
BRDA:479,18,0,-
DA:482,8
DA:485,7
DA:486,7
DA:487,7
DA:488,5
DA:489,5
DA:490,5
BRDA:490,19,0,-
DA:492,7
DA:496,4
FN:496,FleetIdentity.highestActiveTier
FNDA:4,FleetIdentity.highestActiveTier
DA:497,4
DA:498,4
DA:499,1
DA:503,35
FN:503,FleetIdentity.tierMemberCount
FNDA:35,FleetIdentity.tierMemberCount
DA:504,35
DA:508,2236
FN:508,FleetIdentity.getTierMembers
FNDA:2236,FleetIdentity.getTierMembers
DA:509,2236
DA:513,2
FN:513,FleetIdentity.getTierUuids
FNDA:2,FleetIdentity.getTierUuids
DA:514,2
DA:515,2
DA:516,2
DA:517,2
DA:522,14479
FN:522,FleetIdentity.tokenUuid
FNDA:14479,FleetIdentity.tokenUuid
DA:523,14479
DA:527,57639
FN:527,FleetIdentity.tokenRegion
FNDA:57639,FleetIdentity.tokenRegion
DA:528,57639
DA:532,25976
FN:532,FleetIdentity.computeTokenId
FNDA:25976,FleetIdentity.computeTokenId
DA:533,25976
DA:537,800
FN:537,FleetIdentity.bonds
FNDA:800,FleetIdentity.bonds
DA:538,800
DA:539,798
DA:540,798
DA:541,797
DA:545,16
FN:545,FleetIdentity.isOwnedOnly
FNDA:16,FleetIdentity.isOwnedOnly
DA:546,16
DA:554,4262
FN:554,FleetIdentity.operatorOf
FNDA:4262,FleetIdentity.operatorOf
DA:555,4262
DA:556,4262
BRDA:556,23,0,4230
DA:557,4230
DA:582,1343
FN:582,FleetIdentity.buildHighestBondedUuidBundle
FNDA:1343,FleetIdentity.buildHighestBondedUuidBundle
DA:587,1343
BRDA:587,24,0,-
DA:588,1343
BRDA:588,25,0,1
DA:590,1342
DA:591,1342
DA:593,1342
DA:610,8
FN:610,FleetIdentity.buildCountryOnlyBundle
FNDA:8,FleetIdentity.buildCountryOnlyBundle
DA:615,8
BRDA:615,26,0,2
DA:617,6
DA:619,6
DA:621,6
DA:633,1370
FN:633,FleetIdentity._buildHighestBondedUuidBundle
FNDA:1370,FleetIdentity._buildHighestBondedUuidBundle
DA:638,1370
DA:640,1370
DA:643,1370
DA:644,3017
DA:647,3017
DA:650,3017
DA:655,0
DA:662,6034
FN:662,FleetIdentity._appendTierUuids
FNDA:6034,FleetIdentity._appendTierUuids
DA:668,6034
DA:669,6034
DA:670,6034
DA:671,6034
DA:673,6034
DA:674,13262
DA:675,13262
DA:677,0
DA:685,5
FN:685,FleetIdentity.getActiveCountries
FNDA:5,FleetIdentity.getActiveCountries
DA:686,5
DA:691,5
FN:691,FleetIdentity.getActiveAdminAreas
FNDA:5,FleetIdentity.getActiveAdminAreas
DA:693,5
DA:694,5
DA:695,5
DA:696,5
DA:700,5
DA:701,5
DA:702,5
DA:703,5
DA:704,5
DA:705,5
DA:706,6
DA:709,0
DA:714,0
FN:714,FleetIdentity.getCountryAdminAreas
FNDA:0,FleetIdentity.getCountryAdminAreas
DA:715,0
DA:720,15838
FN:720,FleetIdentity.makeAdminRegion
FNDA:15838,FleetIdentity.makeAdminRegion
DA:721,15838
DA:731,4484
FN:731,FleetIdentity._countryFromRegion
FNDA:4484,FleetIdentity._countryFromRegion
DA:732,4484
DA:736,5
FN:736,FleetIdentity._adminFromRegion
FNDA:5,FleetIdentity._adminFromRegion
DA:737,5
DA:742,54428
FN:742,FleetIdentity._isCountryRegion
FNDA:54428,FleetIdentity._isCountryRegion
DA:743,54428
DA:749,26249
FN:749,FleetIdentity._pullBond
FNDA:26249,FleetIdentity._pullBond
DA:750,26249
BRDA:750,27,0,26248
DA:751,26248
DA:756,929
FN:756,FleetIdentity._refundBond
FNDA:929,FleetIdentity._refundBond
DA:757,929
BRDA:757,28,0,928
DA:758,928
DA:765,25
FN:765,FleetIdentity._clearUuidOwnership
FNDA:25,FleetIdentity._clearUuidOwnership
DA:766,25
DA:767,25
DA:768,25
DA:769,25
DA:770,25
DA:775,0
FN:775,FleetIdentity._decrementUuidCount
FNDA:0,FleetIdentity._decrementUuidCount
DA:776,0
DA:777,0
BRDA:777,29,0,-
BRDA:777,29,1,-
DA:778,0
DA:780,0
DA:788,619
FN:788,FleetIdentity._cleanupFleetFromTier
FNDA:619,FleetIdentity._cleanupFleetFromTier
DA:789,619
DA:790,619
DA:791,619
DA:792,619
DA:793,619
DA:800,23703
FN:800,FleetIdentity._mintFleetToken
FNDA:23703,FleetIdentity._mintFleetToken
DA:801,23703
DA:802,23703
DA:803,23703
DA:804,23703
DA:805,23703
DA:810,2216
FN:810,FleetIdentity._mintFleetTokenTo
FNDA:2216,FleetIdentity._mintFleetTokenTo
DA:811,2216
DA:812,2216
DA:813,2216
DA:814,2216
DA:815,2216
DA:824,26439
FN:824,FleetIdentity._register
FNDA:26439,FleetIdentity._register
DA:825,26439
DA:826,26439
DA:827,26439
DA:828,12004
DA:830,26439
BRDA:830,30,0,10
BRDA:830,30,1,2
DA:832,10
DA:833,10
BRDA:833,31,0,-
DA:834,10
DA:836,10
DA:837,10
DA:838,10
DA:840,10
DA:843,10
DA:845,10
DA:846,26429
BRDA:846,32,0,23703
BRDA:846,32,1,2
DA:848,23703
DA:849,23703
DA:850,23703
DA:851,23703
DA:854,23703
DA:857,23703
DA:859,23703
DA:862,2726
DA:863,2726
BRDA:863,33,0,518
DA:864,2208
BRDA:864,34,0,2
DA:865,2206
DA:867,2206
DA:868,2206
DA:870,2206
DA:873,2206
DA:875,2206
DA:880,293
FN:880,FleetIdentity._promote
FNDA:293,FleetIdentity._promote
DA:881,293
DA:882,293
DA:883,293
BRDA:883,35,0,260
DA:885,33
DA:886,33
DA:887,33
BRDA:887,36,0,-
DA:888,33
BRDA:888,37,0,1
DA:889,32
BRDA:889,38,0,1
DA:891,31
DA:892,31
DA:893,31
DA:894,31
DA:897,31
DA:898,31
DA:899,31
DA:900,31
DA:903,31
DA:905,31
DA:909,9
FN:909,FleetIdentity._demote
FNDA:9,FleetIdentity._demote
DA:910,9
DA:911,9
DA:912,9
BRDA:912,39,0,1
DA:914,8
DA:915,8
DA:916,8
BRDA:916,40,0,-
DA:917,8
BRDA:917,41,0,1
DA:919,7
DA:920,7
DA:921,7
DA:922,7
DA:925,7
DA:926,7
DA:927,7
DA:928,7
DA:929,7
DA:932,7
DA:934,7
DA:938,26440
FN:938,FleetIdentity._validateExplicitTier
FNDA:26440,FleetIdentity._validateExplicitTier
DA:939,26440
BRDA:939,42,0,-
DA:940,26440
BRDA:940,43,0,1
DA:946,1370
FN:946,FleetIdentity._findMaxTierIndex
FNDA:1370,FleetIdentity._findMaxTierIndex
DA:951,1370
DA:952,1370
DA:954,1370
DA:955,1370
BRDA:955,44,0,378
DA:956,1370
DA:976,22
FN:976,FleetIdentity._findCheapestInclusionTier
FNDA:22,FleetIdentity._findCheapestInclusionTier
DA:981,22
DA:982,22
DA:983,22
DA:985,22
DA:990,22
DA:991,26
DA:992,26
DA:994,26
BRDA:994,45,0,11
DA:995,11
DA:1000,15
DA:1001,15
DA:1002,15
DA:1003,15
DA:1007,11
BRDA:1007,46,0,8
DA:1008,8
DA:1011,3
DA:1016,25957
FN:1016,FleetIdentity._addToTier
FNDA:25957,FleetIdentity._addToTier
DA:1017,25957
DA:1018,25957
DA:1021,25957
BRDA:1021,47,0,11167
DA:1022,11167
DA:1027,657
FN:1027,FleetIdentity._removeFromTier
FNDA:657,FleetIdentity._removeFromTier
DA:1028,657
DA:1029,657
DA:1030,657
DA:1032,657
BRDA:1032,48,0,3
DA:1033,3
DA:1034,3
DA:1035,3
DA:1037,657
DA:1041,626
FN:1041,FleetIdentity._trimTierCount
FNDA:626,FleetIdentity._trimTierCount
DA:1042,626
DA:1043,1280
DA:1044,654
DA:1046,626
DA:1052,25919
FN:1052,FleetIdentity._addToRegionIndex
FNDA:25919,FleetIdentity._addToRegionIndex
DA:1053,25919
BRDA:1053,49,0,11745
BRDA:1053,49,1,3505
DA:1055,11745
DA:1056,11745
BRDA:1056,50,0,4077
DA:1057,4077
DA:1058,4077
DA:1062,14174
BRDA:1062,51,0,4447
DA:1063,4447
DA:1065,4447
BRDA:1065,52,0,3505
DA:1066,3505
DA:1067,3505
DA:1069,4447
DA:1070,4447
DA:1076,619
FN:1076,FleetIdentity._removeFromRegionIndex
FNDA:619,FleetIdentity._removeFromRegionIndex
DA:1077,619
DA:1079,616
BRDA:1079,54,0,579
BRDA:1079,54,1,5
DA:1080,579
DA:1081,579
DA:1082,579
BRDA:1082,55,0,579
DA:1084,579
DA:1086,576
DA:1087,576
DA:1088,576
BRDA:1088,57,0,416
DA:1089,416
DA:1090,416
DA:1091,416
DA:1093,576
DA:1094,576
DA:1098,37
DA:1099,37
BRDA:1099,58,0,37
DA:1100,37
DA:1101,37
DA:1102,37
DA:1103,37
DA:1104,37
BRDA:1104,59,0,1
DA:1105,1
DA:1106,1
DA:1107,1
DA:1109,37
DA:1110,37
DA:1113,37
BRDA:1113,60,0,36
DA:1114,36
DA:1115,36
BRDA:1115,61,0,36
DA:1116,36
DA:1117,36
DA:1118,36
BRDA:1118,62,0,5
DA:1119,5
DA:1120,5
DA:1121,5
DA:1123,36
DA:1124,36
DA:1135,26646
FN:1135,FleetIdentity._update
FNDA:26646,FleetIdentity._update
DA:1136,26646
DA:1140,26646
DA:1141,26646
BRDA:1141,63,0,3
DA:1142,3
DA:1145,26646
DA:1148,0
FN:1148,FleetIdentity._increaseBalance
FNDA:0,FleetIdentity._increaseBalance
DA:1149,0
DA:1152,3
FN:1152,FleetIdentity.supportsInterface
FNDA:3,FleetIdentity.supportsInterface
DA:1153,3
FNF:53
FNH:50
LF:387
LH:374
BRF:67
BRH:53
end_of_record
TN:
SF:src/swarms/ServiceProvider.sol
DA:27,1935
FN:27,ServiceProvider.registerProvider
FNDA:1935,ServiceProvider.registerProvider
DA:28,1935
BRDA:28,0,0,1
DA:29,1
DA:32,1934
DA:34,1934
DA:36,1934
DA:38,1934
DA:43,276
FN:43,ServiceProvider.burn
FNDA:276,ServiceProvider.burn
DA:44,276
BRDA:44,1,0,258
DA:45,258
DA:48,18
DA:50,18
DA:52,18
FNF:2
FNH:2
LF:13
LH:13
BRF:2
BRH:2
end_of_record
TN:
SF:src/swarms/SwarmRegistryL1.sol
DA:83,313
FN:83,SwarmRegistryL1.computeSwarmId
FNDA:313,SwarmRegistryL1.computeSwarmId
DA:88,313
DA:91,63
FN:91,SwarmRegistryL1.constructor
FNDA:63,SwarmRegistryL1.constructor
DA:92,63
BRDA:92,0,0,3
DA:93,3
DA:95,60
DA:96,60
DA:106,573
FN:106,SwarmRegistryL1.registerSwarm
FNDA:573,SwarmRegistryL1.registerSwarm
DA:113,573
BRDA:113,1,0,1
DA:114,1
DA:116,572
BRDA:116,2,0,258
DA:117,258
DA:119,314
BRDA:119,3,0,2
DA:120,2
DA:124,312
BRDA:124,4,0,1
DA:125,1
DA:127,311
BRDA:127,5,0,311
DA:128,1
BRDA:128,5,1,1
DA:129,1
DA:132,310
DA:134,310
BRDA:134,6,0,1
DA:135,1
DA:138,309
DA:139,309
DA:140,309
DA:141,309
DA:142,309
DA:143,309
DA:145,309
DA:146,309
DA:148,309
DA:150,309
DA:155,7
FN:155,SwarmRegistryL1.acceptSwarm
FNDA:7,SwarmRegistryL1.acceptSwarm
DA:156,7
DA:157,7
BRDA:157,7,0,1
DA:159,6
DA:160,6
BRDA:160,8,0,2
DA:162,4
BRDA:162,9,0,1
DA:163,1
DA:165,3
DA:166,3
DA:171,4
FN:171,SwarmRegistryL1.rejectSwarm
FNDA:4,SwarmRegistryL1.rejectSwarm
DA:172,4
DA:173,4
BRDA:173,10,0,-
DA:175,4
DA:176,4
BRDA:176,11,0,1
DA:178,3
BRDA:178,12,0,1
DA:179,1
DA:181,2
DA:182,2
DA:188,5
FN:188,SwarmRegistryL1.updateSwarmProvider
FNDA:5,SwarmRegistryL1.updateSwarmProvider
DA:189,5
DA:190,5
BRDA:190,13,0,1
DA:191,1
DA:193,4
BRDA:193,14,0,1
DA:194,1
DA:196,3
BRDA:196,15,0,3
DA:197,1
BRDA:197,15,1,1
DA:198,1
DA:201,2
DA:203,2
DA:205,0
DA:207,0
DA:212,7
FN:212,SwarmRegistryL1.deleteSwarm
FNDA:7,SwarmRegistryL1.deleteSwarm
DA:213,7
DA:214,7
BRDA:214,16,0,1
DA:215,1
DA:217,6
BRDA:217,17,0,1
DA:218,1
DA:221,5
DA:223,5
DA:225,5
DA:227,5
DA:234,26
FN:234,SwarmRegistryL1.isSwarmValid
FNDA:26,SwarmRegistryL1.isSwarmValid
DA:235,26
DA:236,26
BRDA:236,18,0,1
DA:239,25
DA:241,25
BRDA:241,19,0,25
DA:242,18
DA:243,7
BRDA:243,19,1,7
DA:244,7
DA:250,6
FN:250,SwarmRegistryL1.purgeOrphanedSwarm
FNDA:6,SwarmRegistryL1.purgeOrphanedSwarm
DA:251,6
DA:252,6
BRDA:252,20,0,1
DA:254,5
DA:255,5
BRDA:255,21,0,1
DA:257,4
DA:259,4
DA:261,4
DA:263,4
DA:270,7
FN:270,SwarmRegistryL1.checkMembership
FNDA:7,SwarmRegistryL1.checkMembership
DA:271,7
DA:272,7
BRDA:272,22,0,1
DA:273,1
DA:277,6
DA:278,6
BRDA:278,23,0,1
DA:280,5
DA:281,5
DA:283,0
DA:287,5
BRDA:287,24,0,5
DA:289,5
DA:294,5
DA:295,5
DA:297,0
DA:299,4
DA:300,4
DA:301,4
DA:303,4
DA:304,4
DA:306,4
DA:307,4
DA:308,4
DA:310,4
DA:316,9
FN:316,SwarmRegistryL1._removeFromUuidSwarms
FNDA:9,SwarmRegistryL1._removeFromUuidSwarms
DA:317,9
DA:318,9
DA:319,9
DA:321,9
DA:322,9
DA:323,9
DA:324,9
DA:333,12
FN:333,SwarmRegistryL1._readFingerprint
FNDA:12,SwarmRegistryL1._readFingerprint
DA:334,12
DA:335,12
DA:336,12
DA:339,12
DA:342,12
DA:343,12
DA:344,24
DA:346,24
DA:350,12
DA:351,12
DA:352,12
DA:354,12
FNF:12
FNH:12
LF:134
LH:130
BRF:28
BRH:27
end_of_record
TN:
SF:src/swarms/SwarmRegistryUniversal.sol
DA:89,577
FN:89,SwarmRegistryUniversal.computeSwarmId
FNDA:577,SwarmRegistryUniversal.computeSwarmId
DA:94,577
DA:97,72
FN:97,SwarmRegistryUniversal.constructor
FNDA:72,SwarmRegistryUniversal.constructor
DA:98,72
BRDA:98,0,0,3
DA:99,3
DA:101,69
DA:102,69
DA:112,837
FN:112,SwarmRegistryUniversal.registerSwarm
FNDA:837,SwarmRegistryUniversal.registerSwarm
DA:119,837
BRDA:119,1,0,1
DA:120,1
DA:122,836
BRDA:122,2,0,258
DA:123,258
DA:125,578
BRDA:125,3,0,1
DA:126,1
DA:128,577
BRDA:128,4,0,1
DA:129,1
DA:133,576
BRDA:133,5,0,1
DA:134,1
DA:136,575
BRDA:136,6,0,575
DA:137,1
BRDA:137,6,1,1
DA:138,1
DA:141,574
DA:143,574
BRDA:143,7,0,1
DA:144,1
DA:147,573
DA:148,573
DA:149,573
DA:150,573
DA:151,573
DA:152,573
DA:153,573
DA:155,573
DA:157,573
DA:158,573
DA:160,573
DA:165,9
FN:165,SwarmRegistryUniversal.acceptSwarm
FNDA:9,SwarmRegistryUniversal.acceptSwarm
DA:166,9
DA:167,9
BRDA:167,8,0,1
DA:169,8
DA:170,8
BRDA:170,9,0,2
DA:172,6
BRDA:172,10,0,2
DA:173,2
DA:175,4
DA:176,4
DA:181,5
FN:181,SwarmRegistryUniversal.rejectSwarm
FNDA:5,SwarmRegistryUniversal.rejectSwarm
DA:182,5
DA:183,5
BRDA:183,11,0,-
DA:185,5
DA:186,5
BRDA:186,12,0,1
DA:188,4
BRDA:188,13,0,1
DA:189,1
DA:191,3
DA:192,3
DA:198,5
FN:198,SwarmRegistryUniversal.updateSwarmProvider
FNDA:5,SwarmRegistryUniversal.updateSwarmProvider
DA:199,5
DA:200,5
BRDA:200,14,0,1
DA:201,1
DA:203,4
BRDA:203,15,0,1
DA:204,1
DA:206,3
BRDA:206,16,0,3
DA:207,1
BRDA:207,16,1,1
DA:208,1
DA:211,2
DA:214,2
DA:215,0
DA:217,0
DA:222,8
FN:222,SwarmRegistryUniversal.deleteSwarm
FNDA:8,SwarmRegistryUniversal.deleteSwarm
DA:223,8
DA:224,8
BRDA:224,17,0,1
DA:225,1
DA:227,7
BRDA:227,18,0,1
DA:228,1
DA:231,6
DA:233,6
DA:235,6
DA:236,6
DA:238,6
DA:245,30
FN:245,SwarmRegistryUniversal.isSwarmValid
FNDA:30,SwarmRegistryUniversal.isSwarmValid
DA:246,30
DA:247,30
BRDA:247,19,0,1
DA:250,29
DA:252,29
BRDA:252,20,0,29
DA:253,21
DA:254,8
BRDA:254,20,1,8
DA:255,8
DA:261,7
FN:261,SwarmRegistryUniversal.purgeOrphanedSwarm
FNDA:7,SwarmRegistryUniversal.purgeOrphanedSwarm
DA:262,7
DA:263,7
BRDA:263,21,0,1
DA:265,6
DA:266,6
BRDA:266,22,0,1
DA:268,5
DA:270,5
DA:272,5
DA:273,5
DA:275,5
DA:282,7
FN:282,SwarmRegistryUniversal.checkMembership
FNDA:7,SwarmRegistryUniversal.checkMembership
DA:283,7
DA:284,7
BRDA:284,23,0,1
DA:285,1
DA:289,6
DA:290,6
BRDA:290,24,0,1
DA:292,5
DA:293,5
DA:296,5
DA:297,5
DA:300,4
DA:301,4
DA:302,4
DA:304,4
DA:305,4
DA:308,4
DA:309,4
DA:310,4
DA:312,4
DA:318,3
FN:318,SwarmRegistryUniversal.getFilterData
FNDA:3,SwarmRegistryUniversal.getFilterData
DA:319,3
BRDA:319,26,0,1
DA:320,1
DA:322,2
DA:328,11
FN:328,SwarmRegistryUniversal._removeFromUuidSwarms
FNDA:11,SwarmRegistryUniversal._removeFromUuidSwarms
DA:329,11
DA:330,11
DA:331,11
DA:333,11
DA:334,11
DA:335,11
DA:336,11
DA:345,12
FN:345,SwarmRegistryUniversal._readFingerprint
FNDA:12,SwarmRegistryUniversal._readFingerprint
DA:346,12
DA:347,12
DA:348,12
DA:351,12
DA:352,12
DA:353,24
DA:355,24
DA:360,12
DA:361,12
DA:362,12
DA:364,12
FNF:13
FNH:13
LF:138
LH:136
BRF:29
BRH:28
end_of_record
TN:
SF:test/FleetIdentity.t.sol
DA:12,648
FN:12,MockERC20.mint
FNDA:648,MockERC20.mint
DA:13,648
DA:23,1
FN:23,BadERC20.mint
FNDA:1,BadERC20.mint
DA:24,1
DA:27,1
FN:27,BadERC20.setFail
FNDA:1,BadERC20.setFail
DA:28,1
DA:31,0
FN:31,BadERC20.transfer
FNDA:0,BadERC20.transfer
DA:33,0
DA:36,1
FN:36,BadERC20.transferFrom
FNDA:1,BadERC20.transferFrom
DA:38,0
FNF:5
FNH:4
LF:10
LH:7
BRF:0
BRH:0
end_of_record
TN:
SF:test/FleetIdentityFairness.t.sol
DA:12,403
FN:12,MockERC20Fairness.mint
FNDA:403,MockERC20Fairness.mint
DA:13,403
FNF:1
FNH:1
LF:2
LH:2
BRF:0
BRH:0
end_of_record
TN:
SF:test/Grants.t.sol
DA:9,0
FN:9,MockToken.constructor
FNDA:0,MockToken.constructor
DA:10,0
FNF:1
FNH:0
LF:2
LH:0
BRF:0
BRH:0
end_of_record
TN:
SF:test/Payment.t.sol
DA:12,0
FN:12,MockToken.constructor
FNDA:0,MockToken.constructor
DA:13,0
FNF:1
FNH:0
LF:2
LH:0
BRF:0
BRH:0
end_of_record
TN:
SF:test/QuotaControl.t.sol
DA:14,0
FN:14,TestableQuotaControl.exposeCheckedResetClaimed
FNDA:0,TestableQuotaControl.exposeCheckedResetClaimed
DA:15,0
DA:18,0
FN:18,TestableQuotaControl.exposeCheckedUpdateClaimed
FNDA:0,TestableQuotaControl.exposeCheckedUpdateClaimed
DA:19,0
FNF:2
FNH:0
LF:4
LH:0
BRF:0
BRH:0
end_of_record
TN:
SF:test/SwarmRegistryL1.t.sol
DA:13,60
FN:13,MockBondTokenL1.mint
FNDA:60,MockBondTokenL1.mint
DA:14,60
FNF:1
FNH:1
LF:2
LH:2
BRF:0
BRH:0
end_of_record
TN:
SF:test/SwarmRegistryUniversal.t.sol
DA:13,69
FN:13,MockBondTokenUniv.mint
FNDA:69,MockBondTokenUniv.mint
DA:14,69
FNF:1
FNH:1
LF:2
LH:2
BRF:0
BRH:0
end_of_record
TN:
SF:test/__helpers__/AccessControlUtils.sol
DA:9,0
FN:9,AccessControlUtils.expectRevert_AccessControlUnauthorizedAccount
FNDA:0,AccessControlUtils.expectRevert_AccessControlUnauthorizedAccount
DA:10,0
FNF:1
FNH:0
LF:2
LH:0
BRF:0
BRH:0
end_of_record
TN:
SF:test/bridge/L1Bridge.t.sol
DA:31,0
FN:31,MockMailbox.setL1ToL2Failed
FNDA:0,MockMailbox.setL1ToL2Failed
DA:32,0
DA:35,0
FN:35,MockMailbox.setInclusion
FNDA:0,MockMailbox.setInclusion
DA:36,0
DA:39,0
FN:39,MockMailbox.setBaseCostReturn
FNDA:0,MockMailbox.setBaseCostReturn
DA:40,0
DA:43,0
FN:43,MockMailbox.expectBaseCostParams
FNDA:0,MockMailbox.expectBaseCostParams
DA:44,0
DA:45,0
DA:46,0
DA:50,0
FN:50,MockMailbox.requestL2Transaction
FNDA:0,MockMailbox.requestL2Transaction
DA:59,0
DA:60,0
DA:63,0
DA:66,0
FN:66,MockMailbox.proveL1ToL2TransactionStatus
FNDA:0,MockMailbox.proveL1ToL2TransactionStatus
DA:74,0
BRDA:74,0,0,-
DA:75,0
DA:77,0
DA:80,0
FN:80,MockMailbox.proveL2MessageInclusion
FNDA:0,MockMailbox.proveL2MessageInclusion
DA:86,0
DA:89,0
FN:89,MockMailbox.l2TransactionBaseCost
FNDA:0,MockMailbox.l2TransactionBaseCost
DA:95,0
BRDA:95,1,0,-
BRDA:95,1,1,-
DA:96,0
BRDA:96,2,0,-
BRDA:96,2,1,-
DA:97,0
BRDA:97,3,0,-
BRDA:97,3,1,-
DA:98,0
FNF:8
FNH:0
LF:25
LH:0
BRF:7
BRH:0
end_of_record
TN:
SF:test/bridge/MigrationNFT.t.sol
DA:12,0
FN:12,MigrationNFTTestUtils.bridgeTokens
FNDA:0,MigrationNFTTestUtils.bridgeTokens
DA:20,0
DA:21,0
DA:22,0
FNF:1
FNH:0
LF:4
LH:0
BRF:0
BRH:0
end_of_record
TN:
SF:test/contentsign/BaseContentSign.t.sol
DA:13,0
FN:13,MockContentSign.setWhitelisted
FNDA:0,MockContentSign.setWhitelisted
DA:14,0
DA:17,0
FN:17,MockContentSign._userIsWhitelisted
FNDA:0,MockContentSign._userIsWhitelisted
DA:18,0
FNF:2
FNH:0
LF:4
LH:0
BRF:0
BRH:0
end_of_record
TN:
SF:test/contentsign/ClickBounty.t.sol
DA:13,0
FN:13,MockERC20.constructor
FNDA:0,MockERC20.constructor
DA:14,0
DA:21,0
FN:21,MockContentSign._userIsWhitelisted
FNDA:0,MockContentSign._userIsWhitelisted
DA:22,0
FNF:2
FNH:0
LF:4
LH:0
BRF:0
BRH:0
end_of_record
TN:
SF:test/contentsign/PaymentMiddleware.t.sol
DA:16,0
FN:16,MockToken.mint
FNDA:0,MockToken.mint
DA:17,0
DA:24,0
FN:24,MockWhitelist.mint
FNDA:0,MockWhitelist.mint
DA:25,0
DA:32,0
FN:32,MockContentSign._userIsWhitelisted
FNDA:0,MockContentSign._userIsWhitelisted
DA:33,0
FNF:3
FNH:0
LF:6
LH:0
BRF:0
BRH:0
end_of_record
TN:
SF:test/paymasters/BasePaymaster.t.sol
DA:13,0
FN:13,MockPaymaster._validateAndPayGeneralFlow
FNDA:0,MockPaymaster._validateAndPayGeneralFlow
DA:15,0
DA:18,0
FN:18,MockPaymaster._validateAndPayApprovalBasedFlow
FNDA:0,MockPaymaster._validateAndPayApprovalBasedFlow
DA:23,0
FNF:2
FNH:0
LF:4
LH:0
BRF:0
BRH:0
end_of_record
TN:
SF:test/paymasters/WhitelistPaymaster.t.sol
DA:14,0
FN:14,MockWhitelistPaymaster.mock_validateAndPayGeneralFlow
FNDA:0,MockWhitelistPaymaster.mock_validateAndPayGeneralFlow
DA:15,0
DA:18,0
FN:18,MockWhitelistPaymaster.mock_validateAndPayApprovalBasedFlow
FNDA:0,MockWhitelistPaymaster.mock_validateAndPayApprovalBasedFlow
DA:26,0
FNF:2
FNH:0
LF:4
LH:0
BRF:0
BRH:0
end_of_record
