TN:
SF:script/CheckBridge.s.sol
DA:13,0
FN:13,CheckBridge.setUp
FNDA:0,CheckBridge.setUp
DA:14,0
DA:15,0
DA:18,0
FN:18,CheckBridge.run
FNDA:0,CheckBridge.run
DA:19,0
DA:20,0
DA:22,0
DA:23,0
DA:25,0
BRDA:25,0,0,-
BRDA:25,0,1,-
DA:26,0
DA:28,0
DA:30,0
BRDA:30,1,0,-
BRDA:30,1,1,-
DA:31,0
DA:32,0
BRDA:32,2,0,-
BRDA:32,2,1,-
DA:33,0
DA:35,0
DA:38,0
FNF:2
FNH:0
LF:17
LH:0
BRF:6
BRH:0
end_of_record
TN:
SF:script/ContentSignWhitelist.s.sol
DA:13,0
FN:13,ContentSignWhitelist.setUp
FNDA:0,ContentSignWhitelist.setUp
DA:14,0
DA:15,0
DA:18,0
FN:18,ContentSignWhitelist.run
FNDA:0,ContentSignWhitelist.run
DA:19,0
DA:21,0
BRDA:21,0,0,-
BRDA:21,0,1,-
DA:22,0
DA:24,0
DA:26,0
DA:27,0
DA:28,0
FNF:2
FNH:0
LF:11
LH:0
BRF:2
BRH:0
end_of_record
TN:
SF:script/DeployClick.s.sol
DA:14,0
FN:14,DeployClick.setUp
FNDA:0,DeployClick.setUp
DA:15,0
DA:16,0
DA:18,0
DA:19,0
DA:22,0
FN:22,DeployClick.run
FNDA:0,DeployClick.run
DA:23,0
DA:25,0
DA:26,0
DA:28,0
DA:29,0
DA:32,0
DA:35,0
DA:37,0
DA:39,0
DA:40,0
DA:41,0
FNF:2
FNH:0
LF:17
LH:0
BRF:0
BRH:0
end_of_record
TN:
SF:script/DeployContentSignEnterprise.s.sol
DA:15,0
FN:15,DeployContentSignEnterprise.setUp
FNDA:0,DeployContentSignEnterprise.setUp
DA:16,0
DA:17,0
DA:18,0
DA:21,0
FN:21,DeployContentSignEnterprise.run
FNDA:0,DeployContentSignEnterprise.run
DA:22,0
DA:24,0
DA:26,0
DA:28,0
DA:29,0
DA:30,0
DA:31,0
FNF:2
FNH:0
LF:12
LH:0
BRF:0
BRH:0
end_of_record
TN:
SF:script/DeployL1Bridge.s.sol
DA:22,0
FN:22,DeployL1Bridge.setUp
FNDA:0,DeployL1Bridge.setUp
DA:23,0
DA:24,0
DA:25,0
DA:26,0
DA:28,0
DA:29,0
DA:30,0
DA:31,0
DA:34,0
FN:34,DeployL1Bridge.run
FNDA:0,DeployL1Bridge.run
DA:35,0
DA:37,0
DA:39,0
DA:40,0
DA:41,0
DA:43,0
DA:45,0
DA:46,0
FNF:2
FNH:0
LF:18
LH:0
BRF:0
BRH:0
end_of_record
TN:
SF:script/DeployL1Ens.s.sol
DA:18,0
FN:18,DeployL1Ens.run
FNDA:0,DeployL1Ens.run
DA:19,0
DA:20,0
DA:22,0
DA:24,0
BRDA:24,0,0,-
BRDA:24,0,1,-
DA:25,0
DA:26,0
BRDA:26,1,0,-
BRDA:26,1,1,-
DA:27,0
DA:28,0
DA:29,0
DA:30,0
DA:32,0
DA:35,0
DA:36,0
DA:39,0
DA:40,0
DA:42,0
DA:45,0
DA:47,0
BRDA:47,2,0,-
DA:48,0
DA:49,0
DA:55,0
DA:56,0
DA:59,0
DA:60,0
DA:62,0
DA:63,0
DA:65,0
DA:66,0
DA:68,0
FNF:1
FNH:0
LF:30
LH:0
BRF:5
BRH:0
end_of_record
TN:
SF:script/DeployL1Nodl.s.sol
DA:17,0
FN:17,DeployL1Nodl.setUp
FNDA:0,DeployL1Nodl.setUp
DA:18,0
DA:19,0
DA:21,0
DA:22,0
DA:25,0
FN:25,DeployL1Nodl.run
FNDA:0,DeployL1Nodl.run
DA:26,0
DA:28,0
DA:30,0
DA:32,0
FNF:2
FNH:0
LF:10
LH:0
BRF:0
BRH:0
end_of_record
TN:
SF:script/DeployL2Bridge.s.sol
DA:19,0
FN:19,DeployL2Bridge.setUp
FNDA:0,DeployL2Bridge.setUp
DA:20,0
DA:21,0
DA:23,0
DA:24,0
DA:27,0
FN:27,DeployL2Bridge.run
FNDA:0,DeployL2Bridge.run
DA:28,0
DA:30,0
DA:32,0
DA:33,0
DA:34,0
DA:36,0
DA:38,0
DA:39,0
FNF:2
FNH:0
LF:14
LH:0
BRF:0
BRH:0
end_of_record
TN:
SF:script/DeployL2Nodl.s.sol
DA:17,0
FN:17,DeployL2Nodl.setUp
FNDA:0,DeployL2Nodl.setUp
DA:18,0
DA:19,0
DA:21,0
DA:22,0
DA:25,0
FN:25,DeployL2Nodl.run
FNDA:0,DeployL2Nodl.run
DA:26,0
DA:28,0
DA:29,0
DA:30,0
DA:32,0
DA:34,0
FNF:2
FNH:0
LF:12
LH:0
BRF:0
BRH:0
end_of_record
TN:
SF:script/DeployMigrationNFT.s.sol
DA:18,0
FN:18,DeployMigrationNFT.setUp
FNDA:0,DeployMigrationNFT.setUp
DA:19,0
DA:20,0
DA:22,0
DA:23,0
DA:24,0
DA:25,0
DA:27,0
DA:28,0
DA:32,0
FN:32,DeployMigrationNFT.run
FNDA:0,DeployMigrationNFT.run
DA:33,0
DA:35,0
DA:37,0
DA:39,0
FNF:2
FNH:0
LF:14
LH:0
BRF:0
BRH:0
end_of_record
TN:
SF:script/DeployNodlMigration.sol
DA:14,0
FN:14,DeployNodlMigration.setUp
FNDA:0,DeployNodlMigration.setUp
DA:15,0
DA:16,0
DA:18,0
DA:19,0
DA:20,0
DA:23,0
FN:23,DeployNodlMigration.run
FNDA:0,DeployNodlMigration.run
DA:24,0
DA:26,0
DA:27,0
DA:29,0
DA:30,0
DA:32,0
DA:34,0
DA:36,0
DA:37,0
FNF:2
FNH:0
LF:16
LH:0
BRF:0
BRH:0
end_of_record
TN:
SF:script/DeployRewards.sol
DA:18,0
FN:18,DeployRewards.setUp
FNDA:0,DeployRewards.setUp
DA:19,0
DA:20,0
DA:21,0
DA:22,0
DA:23,0
DA:24,0
DA:27,0
FN:27,DeployRewards.run
FNDA:0,DeployRewards.run
DA:28,0
DA:29,0
BRDA:29,0,0,-
DA:30,0
DA:31,0
DA:32,0
DA:35,0
DA:36,0
DA:39,0
DA:40,0
DA:42,0
DA:44,0
FNF:2
FNH:0
LF:19
LH:0
BRF:1
BRH:0
end_of_record
TN:
SF:script/RewardsSig.s.sol
DA:15,0
FN:15,RewardsSig.setUp
FNDA:0,RewardsSig.setUp
DA:16,0
DA:17,0
DA:18,0
DA:19,0
DA:22,0
FN:22,RewardsSig.run
FNDA:0,RewardsSig.run
DA:23,0
DA:25,0
DA:26,0
DA:27,0
DA:29,0
DA:31,0
DA:33,0
DA:34,0
DA:36,0
DA:37,0
DA:39,0
DA:40,0
DA:42,0
DA:43,0
FNF:2
FNH:0
LF:20
LH:0
BRF:0
BRH:0
end_of_record
TN:
SF:src/Grants.sol
DA:56,0
FN:56,Grants.constructor
FNDA:0,Grants.constructor
DA:57,0
BRDA:57,0,0,-
DA:58,0
DA:61,0
DA:62,0
DA:63,0
DA:75,0
FN:75,Grants.addVestingSchedule
FNDA:0,Grants.addVestingSchedule
DA:83,0
DA:85,0
DA:87,0
DA:88,0
BRDA:88,1,0,-
DA:89,0
DA:90,0
DA:92,0
DA:94,0
DA:96,0
DA:106,0
FN:106,Grants.validateVestingSchedule
FNDA:0,Grants.validateVestingSchedule
DA:110,0
DA:111,0
DA:112,0
DA:113,0
DA:114,0
DA:123,0
FN:123,Grants.claim
FNDA:0,Grants.claim
DA:124,0
DA:125,0
DA:127,0
DA:129,0
DA:130,0
DA:131,0
DA:132,0
DA:133,0
DA:134,0
BRDA:134,2,0,-
DA:135,0
DA:136,0
DA:137,0
DA:138,0
DA:139,0
DA:140,0
DA:141,0
DA:142,0
BRDA:142,3,0,-
DA:143,0
DA:144,0
DA:145,0
DA:148,0
DA:152,0
BRDA:152,4,0,-
BRDA:152,4,1,-
DA:153,0
DA:154,0
DA:156,0
DA:167,0
FN:167,Grants.renounce
FNDA:0,Grants.renounce
DA:168,0
DA:170,0
DA:171,0
DA:172,0
DA:173,0
DA:174,0
BRDA:174,5,0,-
DA:175,0
DA:176,0
DA:181,0
BRDA:181,6,0,-
BRDA:181,6,1,-
DA:182,0
DA:184,0
DA:195,0
FN:195,Grants.cancelVestingSchedules
FNDA:0,Grants.cancelVestingSchedules
DA:196,0
DA:197,0
DA:198,0
DA:200,0
DA:201,0
DA:202,0
DA:203,0
DA:204,0
DA:205,0
DA:206,0
BRDA:206,7,0,-
DA:207,0
DA:208,0
DA:209,0
DA:210,0
DA:211,0
DA:212,0
DA:213,0
DA:214,0
DA:215,0
DA:216,0
DA:217,0
DA:219,0
DA:223,0
BRDA:223,8,0,-
DA:224,0
DA:227,0
BRDA:227,9,0,-
DA:228,0
DA:231,0
BRDA:231,10,0,-
DA:232,0
DA:235,0
DA:243,0
FN:243,Grants.getGrantsCount
FNDA:0,Grants.getGrantsCount
DA:244,0
DA:245,0
DA:246,0
DA:248,0
DA:253,0
FN:253,Grants._mustBeNonZero
FNDA:0,Grants._mustBeNonZero
DA:254,0
BRDA:254,11,0,-
DA:255,0
DA:259,0
FN:259,Grants._mustBeNonZeroAddress
FNDA:0,Grants._mustBeNonZeroAddress
DA:260,0
BRDA:260,12,0,-
DA:261,0
DA:265,0
FN:265,Grants._mustNotBeSelf
FNDA:0,Grants._mustNotBeSelf
DA:266,0
BRDA:266,13,0,-
DA:267,0
DA:271,0
FN:271,Grants._mustBeEqualOrExceedMinAmount
FNDA:0,Grants._mustBeEqualOrExceedMinAmount
DA:272,0
BRDA:272,14,0,-
DA:273,0
DA:277,0
FN:277,Grants._sanitizePageRange
FNDA:0,Grants._sanitizePageRange
DA:278,0
DA:279,0
BRDA:279,15,0,-
DA:280,0
DA:282,0
BRDA:282,16,0,-
DA:283,0
DA:285,0
FNF:12
FNH:0
LF:114
LH:0
BRF:19
BRH:0
end_of_record
TN:
SF:src/L1Nodl.sol
DA:18,0
FN:18,L1Nodl.constructor
FNDA:0,L1Nodl.constructor
DA:19,0
BRDA:19,0,0,-
DA:20,0
DA:22,0
DA:23,0
DA:26,0
FN:26,L1Nodl.mint
FNDA:0,L1Nodl.mint
DA:27,0
DA:30,0
FN:30,L1Nodl.clock
FNDA:0,L1Nodl.clock
DA:31,0
DA:35,0
FN:35,L1Nodl.CLOCK_MODE
FNDA:0,L1Nodl.CLOCK_MODE
DA:36,0
DA:39,0
FN:39,L1Nodl.nonces
FNDA:0,L1Nodl.nonces
DA:40,0
DA:43,0
FN:43,L1Nodl._update
FNDA:0,L1Nodl._update
DA:44,0
FNF:6
FNH:0
LF:15
LH:0
BRF:1
BRH:0
end_of_record
TN:
SF:src/NODL.sol
DA:12,0
FN:12,NODL.constructor
FNDA:0,NODL.constructor
DA:13,0
DA:14,0
DA:17,0
FN:17,NODL.mint
FNDA:0,NODL.mint
DA:18,0
DA:20,0
FNF:2
FNH:0
LF:6
LH:0
BRF:0
BRH:0
end_of_record
TN:
SF:src/Payment.sol
DA:40,0
FN:40,Payment.constructor
FNDA:0,Payment.constructor
DA:43,0
DA:44,0
DA:58,0
FN:58,Payment.pay
FNDA:0,Payment.pay
DA:59,0
DA:60,0
DA:62,0
BRDA:62,0,0,-
DA:63,0
DA:66,0
DA:67,0
DA:69,0
DA:70,0
DA:83,0
FN:83,Payment.withdraw
FNDA:0,Payment.withdraw
DA:84,0
FNF:3
FNH:0
LF:14
LH:0
BRF:1
BRH:0
end_of_record
TN:
SF:src/QuotaControl.sol
DA:84,0
FN:84,QuotaControl.constructor
FNDA:0,QuotaControl.constructor
DA:85,0
DA:86,0
DA:88,0
DA:89,0
DA:90,0
DA:97,0
FN:97,QuotaControl.setQuota
FNDA:0,QuotaControl.setQuota
DA:98,0
DA:99,0
DA:109,0
FN:109,QuotaControl.setPeriod
FNDA:0,QuotaControl.setPeriod
DA:110,0
DA:111,0
DA:112,0
DA:121,0
FN:121,QuotaControl._checkedResetClaimed
FNDA:0,QuotaControl._checkedResetClaimed
DA:122,0
BRDA:122,0,0,-
DA:123,0
DA:126,0
DA:127,0
DA:140,0
FN:140,QuotaControl._checkedUpdateClaimed
FNDA:0,QuotaControl._checkedUpdateClaimed
DA:141,0
DA:142,0
BRDA:142,1,0,-
DA:143,0
DA:145,0
DA:156,0
FN:156,QuotaControl._mustBeWithinPeriodRange
FNDA:0,QuotaControl._mustBeWithinPeriodRange
DA:157,0
BRDA:157,2,0,-
DA:158,0
DA:160,0
BRDA:160,3,0,-
DA:161,0
FNF:6
FNH:0
LF:28
LH:0
BRF:4
BRH:0
end_of_record
TN:
SF:src/Rewards.sol
DA:137,0
FN:137,Rewards.constructor
FNDA:0,Rewards.constructor
DA:145,0
DA:147,0
DA:148,0
DA:149,0
DA:157,0
FN:157,Rewards.mintReward
FNDA:0,Rewards.mintReward
DA:158,0
DA:159,0
DA:161,0
DA:162,0
DA:165,0
DA:166,0
DA:168,0
DA:176,0
FN:176,Rewards.mintBatchReward
FNDA:0,Rewards.mintBatchReward
DA:177,0
DA:178,0
DA:180,0
DA:182,0
DA:184,0
DA:186,0
DA:187,0
DA:189,0
DA:192,0
DA:194,0
DA:196,0
DA:197,0
DA:199,0
DA:201,0
DA:208,0
FN:208,Rewards.setBatchSubmitterRewardBasisPoints
FNDA:0,Rewards.setBatchSubmitterRewardBasisPoints
DA:209,0
DA:210,0
DA:211,0
DA:213,0
DA:220,0
FN:220,Rewards._mustBeLessThanBasisPointsDivisor
FNDA:0,Rewards._mustBeLessThanBasisPointsDivisor
DA:221,0
BRDA:221,0,0,-
DA:222,0
DA:231,0
FN:231,Rewards._mustBeExpectedSequence
FNDA:0,Rewards._mustBeExpectedSequence
DA:232,0
BRDA:232,1,0,-
DA:233,0
DA:241,0
FN:241,Rewards._mustBeExpectedBatchSequence
FNDA:0,Rewards._mustBeExpectedBatchSequence
DA:242,0
BRDA:242,2,0,-
DA:243,0
DA:251,0
FN:251,Rewards._mustBeValidBatchStructure
FNDA:0,Rewards._mustBeValidBatchStructure
DA:252,0
BRDA:252,3,0,-
DA:253,0
DA:263,0
FN:263,Rewards._mustBeFromAuthorizedOracle
FNDA:0,Rewards._mustBeFromAuthorizedOracle
DA:264,0
BRDA:264,4,0,-
DA:265,0
DA:274,0
FN:274,Rewards._batchSum
FNDA:0,Rewards._batchSum
DA:275,0
DA:276,0
DA:277,0
DA:279,0
DA:287,0
FN:287,Rewards.digestReward
FNDA:0,Rewards.digestReward
DA:288,0
DA:289,0
DA:297,0
FN:297,Rewards.digestBatchReward
FNDA:0,Rewards.digestBatchReward
DA:298,0
DA:299,0
DA:300,0
DA:301,0
DA:308,0
FN:308,Rewards.latestBatchDetails
FNDA:0,Rewards.latestBatchDetails
DA:309,0
FNF:13
FNH:0
LF:63
LH:0
BRF:5
BRH:0
end_of_record
TN:
SF:src/bridge/BridgeBase.sol
DA:70,0
FN:70,BridgeBase.constructor
FNDA:0,BridgeBase.constructor
DA:71,0
DA:72,0
DA:73,0
DA:75,0
DA:76,0
DA:79,0
DA:80,0
DA:81,0
DA:90,0
FN:90,BridgeBase._createVote
FNDA:0,BridgeBase._createVote
DA:91,0
DA:93,0
DA:99,0
FN:99,BridgeBase._recordVote
FNDA:0,BridgeBase._recordVote
DA:100,0
DA:102,0
DA:104,0
DA:108,0
FN:108,BridgeBase._processVote
FNDA:0,BridgeBase._processVote
DA:109,0
DA:110,0
DA:111,0
DA:116,0
FN:116,BridgeBase._execute
FNDA:0,BridgeBase._execute
DA:117,0
DA:118,0
DA:119,0
DA:121,0
DA:164,0
FN:164,BridgeBase._mustNotHaveExecutedYet
FNDA:0,BridgeBase._mustNotHaveExecutedYet
DA:165,0
BRDA:165,0,0,-
DA:166,0
DA:170,0
FN:170,BridgeBase._mustBePastSafetyDelay
FNDA:0,BridgeBase._mustBePastSafetyDelay
DA:171,0
BRDA:171,1,0,-
DA:172,0
DA:176,0
FN:176,BridgeBase._mustHaveEnoughVotes
FNDA:0,BridgeBase._mustHaveEnoughVotes
DA:177,0
BRDA:177,2,0,-
DA:178,0
DA:182,0
FN:182,BridgeBase._mustHaveEnoughOracles
FNDA:0,BridgeBase._mustHaveEnoughOracles
DA:183,0
BRDA:183,3,0,-
DA:184,0
DA:188,0
FN:188,BridgeBase._mustBeAnOracle
FNDA:0,BridgeBase._mustBeAnOracle
DA:189,0
BRDA:189,4,0,-
DA:190,0
DA:194,0
FN:194,BridgeBase._mustNotExceedMaxOracles
FNDA:0,BridgeBase._mustNotExceedMaxOracles
DA:195,0
BRDA:195,5,0,-
DA:196,0
DA:200,0
FN:200,BridgeBase._mustNotBeZeroMinVotes
FNDA:0,BridgeBase._mustNotBeZeroMinVotes
DA:201,0
BRDA:201,6,0,-
DA:202,0
DA:206,0
FN:206,BridgeBase._mustNotHaveVotedYet
FNDA:0,BridgeBase._mustNotHaveVotedYet
DA:207,0
BRDA:207,7,0,-
DA:208,0
FNF:13
FNH:0
LF:49
LH:0
BRF:8
BRH:0
end_of_record
TN:
SF:src/bridge/GrantsMigration.sol
DA:57,0
FN:57,GrantsMigration.constructor
FNDA:0,GrantsMigration.constructor
DA:60,0
DA:70,0
FN:70,GrantsMigration.bridge
FNDA:0,GrantsMigration.bridge
DA:73,0
DA:74,0
DA:76,0
BRDA:76,0,0,-
BRDA:76,0,1,-
DA:77,0
DA:78,0
DA:80,0
DA:88,0
FN:88,GrantsMigration.grant
FNDA:0,GrantsMigration.grant
DA:89,0
DA:90,0
DA:91,0
DA:92,0
DA:93,0
DA:94,0
DA:103,0
DA:108,0
FN:108,GrantsMigration._mustNotBeChangingParameters
FNDA:0,GrantsMigration._mustNotBeChangingParameters
DA:114,0
DA:116,0
BRDA:116,1,0,-
DA:117,0
DA:120,0
DA:121,0
BRDA:121,2,0,-
DA:122,0
DA:125,0
DA:127,0
DA:128,0
DA:129,0
DA:130,0
DA:131,0
DA:132,0
BRDA:132,3,0,-
DA:133,0
DA:138,0
FN:138,GrantsMigration._createProposal
FNDA:0,GrantsMigration._createProposal
DA:145,0
BRDA:145,4,0,-
DA:146,0
DA:148,0
BRDA:148,5,0,-
DA:149,0
DA:151,0
DA:152,0
DA:153,0
DA:156,0
DA:158,0
BRDA:158,6,0,-
DA:159,0
DA:161,0
DA:162,0
DA:165,0
FN:165,GrantsMigration._proposalExists
FNDA:0,GrantsMigration._proposalExists
DA:166,0
DA:169,0
FN:169,GrantsMigration._flagAsExecuted
FNDA:0,GrantsMigration._flagAsExecuted
DA:170,0
DA:173,0
FN:173,GrantsMigration._incTotalVotes
FNDA:0,GrantsMigration._incTotalVotes
DA:174,0
DA:177,0
FN:177,GrantsMigration._updateLastVote
FNDA:0,GrantsMigration._updateLastVote
DA:178,0
DA:181,0
FN:181,GrantsMigration._totalVotes
FNDA:0,GrantsMigration._totalVotes
DA:182,0
DA:185,0
FN:185,GrantsMigration._lastVote
FNDA:0,GrantsMigration._lastVote
DA:186,0
DA:189,0
FN:189,GrantsMigration._executed
FNDA:0,GrantsMigration._executed
DA:190,0
FNF:12
FNH:0
LF:59
LH:0
BRF:8
BRH:0
end_of_record
TN:
SF:src/bridge/L1Bridge.sol
DA:80,0
FN:80,L1Bridge.constructor
FNDA:0,L1Bridge.constructor
DA:81,0
BRDA:81,0,0,-
DA:82,0
DA:84,0
DA:85,0
DA:86,0
DA:94,0
FN:94,L1Bridge.pause
FNDA:0,L1Bridge.pause
DA:95,0
DA:99,0
FN:99,L1Bridge.unpause
FNDA:0,L1Bridge.unpause
DA:100,0
DA:115,0
FN:115,L1Bridge.quoteL2BaseCost
FNDA:0,L1Bridge.quoteL2BaseCost
DA:120,0
DA:130,0
FN:130,L1Bridge.quoteL2BaseCostAtGasPrice
FNDA:0,L1Bridge.quoteL2BaseCostAtGasPrice
DA:135,0
DA:152,0
FN:152,L1Bridge.deposit
FNDA:0,L1Bridge.deposit
DA:159,0
BRDA:159,1,0,-
DA:160,0
DA:162,0
BRDA:162,2,0,-
DA:163,0
DA:166,0
DA:168,0
DA:169,0
DA:171,0
DA:175,0
DA:177,0
DA:183,0
FN:183,L1Bridge.deposit
FNDA:0,L1Bridge.deposit
DA:189,0
DA:202,0
FN:202,L1Bridge.claimFailedDeposit
FNDA:0,L1Bridge.claimFailedDeposit
DA:210,0
DA:211,0
BRDA:211,3,0,-
DA:212,0
DA:214,0
DA:217,0
BRDA:217,4,0,-
DA:218,0
DA:220,0
DA:221,0
DA:222,0
DA:234,0
FN:234,L1Bridge.finalizeWithdrawal
FNDA:0,L1Bridge.finalizeWithdrawal
DA:241,0
BRDA:241,5,0,-
DA:242,0
DA:245,0
DA:246,0
DA:249,0
DA:255,0
BRDA:255,6,0,-
DA:256,0
DA:259,0
DA:261,0
DA:262,0
DA:276,0
FN:276,L1Bridge._parseL2WithdrawalMessage
FNDA:0,L1Bridge._parseL2WithdrawalMessage
DA:282,0
BRDA:282,7,0,-
DA:283,0
DA:287,0
DA:288,0
BRDA:288,8,0,-
DA:289,0
DA:291,0
DA:292,0
FNF:10
FNH:0
LF:56
LH:0
BRF:9
BRH:0
end_of_record
TN:
SF:src/bridge/L2Bridge.sol
DA:49,0
FN:49,L2Bridge.onlyL1Bridge
FNDA:0,L2Bridge.onlyL1Bridge
DA:50,0
BRDA:50,0,0,-
DA:51,0
DA:65,0
FN:65,L2Bridge.constructor
FNDA:0,L2Bridge.constructor
DA:66,0
BRDA:66,1,0,-
DA:67,0
DA:69,0
DA:70,0
DA:78,0
FN:78,L2Bridge.pause
FNDA:0,L2Bridge.pause
DA:79,0
DA:83,0
FN:83,L2Bridge.unpause
FNDA:0,L2Bridge.unpause
DA:84,0
DA:90,0
FN:90,L2Bridge.initialize
FNDA:0,L2Bridge.initialize
DA:91,0
BRDA:91,2,0,-
DA:92,0
DA:94,0
BRDA:94,3,0,-
DA:95,0
DA:97,0
DA:103,0
FN:103,L2Bridge.finalizeDeposit
FNDA:0,L2Bridge.finalizeDeposit
DA:109,0
BRDA:109,4,0,-
DA:110,0
DA:112,0
BRDA:112,5,0,-
DA:113,0
DA:116,0
DA:118,0
DA:124,0
FN:124,L2Bridge.withdraw
FNDA:0,L2Bridge.withdraw
DA:125,0
BRDA:125,6,0,-
DA:126,0
DA:128,0
BRDA:128,7,0,-
DA:129,0
DA:132,0
DA:135,0
DA:136,0
DA:138,0
FNF:7
FNH:0
LF:34
LH:0
BRF:8
BRH:0
end_of_record
TN:
SF:src/bridge/MigrationNFT.sol
DA:69,0
FN:69,MigrationNFT.constructor
FNDA:0,MigrationNFT.constructor
DA:75,0
BRDA:75,0,0,-
DA:76,0
DA:78,0
BRDA:78,1,0,-
DA:79,0
DA:81,0
BRDA:81,2,0,-
DA:82,0
DA:85,0
DA:86,0
BRDA:86,3,0,-
DA:87,0
DA:91,0
DA:92,0
DA:93,0
DA:94,0
DA:101,0
FN:101,MigrationNFT.tokenURI
FNDA:0,MigrationNFT.tokenURI
DA:102,0
DA:104,0
DA:105,0
DA:112,0
FN:112,MigrationNFT.safeMint
FNDA:0,MigrationNFT.safeMint
DA:113,0
DA:115,0
DA:117,0
DA:118,0
DA:119,0
DA:121,0
DA:123,0
DA:124,0
BRDA:124,4,0,-
DA:125,0
DA:128,0
DA:129,0
DA:130,0
DA:131,0
DA:132,0
DA:136,0
FN:136,MigrationNFT._computeLevelUps
FNDA:0,MigrationNFT._computeLevelUps
DA:141,0
DA:142,0
DA:147,0
DA:148,0
DA:149,0
BRDA:149,5,0,-
DA:150,0
DA:151,0
DA:155,0
BRDA:155,6,0,-
DA:156,0
DA:160,0
FN:160,MigrationNFT._mustNotHaveBeenClaimed
FNDA:0,MigrationNFT._mustNotHaveBeenClaimed
DA:161,0
BRDA:161,7,0,-
DA:162,0
DA:166,0
FN:166,MigrationNFT._mustBeAnExistingProposal
FNDA:0,MigrationNFT._mustBeAnExistingProposal
DA:168,0
BRDA:168,8,0,-
DA:169,0
DA:173,0
FN:173,MigrationNFT._mustBeExecuted
FNDA:0,MigrationNFT._mustBeExecuted
DA:174,0
BRDA:174,9,0,-
DA:175,0
DA:179,0
FN:179,MigrationNFT._mustAlreadyBeHolderOrEnoughHoldersRemaining
FNDA:0,MigrationNFT._mustAlreadyBeHolderOrEnoughHoldersRemaining
DA:180,0
DA:181,0
BRDA:181,10,0,-
DA:182,0
DA:186,0
FN:186,MigrationNFT._update
FNDA:0,MigrationNFT._update
DA:187,0
DA:188,0
BRDA:188,11,0,-
DA:190,0
DA:193,0
FNF:9
FNH:0
LF:61
LH:0
BRF:12
BRH:0
end_of_record
TN:
SF:src/bridge/NODLMigration.sol
DA:35,0
FN:35,NODLMigration.bridge
FNDA:0,NODLMigration.bridge
DA:36,0
DA:37,0
DA:39,0
BRDA:39,0,0,-
BRDA:39,0,1,-
DA:40,0
DA:41,0
DA:43,0
DA:50,0
FN:50,NODLMigration.withdraw
FNDA:0,NODLMigration.withdraw
DA:51,0
DA:52,0
DA:55,0
FN:55,NODLMigration._mustNotBeChangingParameters
FNDA:0,NODLMigration._mustNotBeChangingParameters
DA:56,0
BRDA:56,1,0,-
DA:57,0
DA:61,0
FN:61,NODLMigration._proposalExists
FNDA:0,NODLMigration._proposalExists
DA:62,0
DA:65,0
FN:65,NODLMigration._createVote
FNDA:0,NODLMigration._createVote
DA:66,0
DA:67,0
DA:68,0
DA:71,0
FN:71,NODLMigration._withdraw
FNDA:0,NODLMigration._withdraw
DA:72,0
DA:73,0
DA:76,0
FN:76,NODLMigration._flagAsExecuted
FNDA:0,NODLMigration._flagAsExecuted
DA:77,0
DA:80,0
FN:80,NODLMigration._incTotalVotes
FNDA:0,NODLMigration._incTotalVotes
DA:81,0
DA:84,0
FN:84,NODLMigration._updateLastVote
FNDA:0,NODLMigration._updateLastVote
DA:85,0
DA:88,0
FN:88,NODLMigration._totalVotes
FNDA:0,NODLMigration._totalVotes
DA:89,0
DA:92,0
FN:92,NODLMigration._lastVote
FNDA:0,NODLMigration._lastVote
DA:93,0
DA:96,0
FN:96,NODLMigration._executed
FNDA:0,NODLMigration._executed
DA:97,0
FNF:12
FNH:0
LF:34
LH:0
BRF:3
BRH:0
end_of_record
TN:
SF:src/contentsign/BaseContentSign.sol
DA:17,0
FN:17,BaseContentSign.safeMint
FNDA:0,BaseContentSign.safeMint
DA:18,0
DA:20,0
DA:21,0
DA:22,0
DA:25,0
FN:25,BaseContentSign.tokenURI
FNDA:0,BaseContentSign.tokenURI
DA:26,0
DA:29,0
FN:29,BaseContentSign.supportsInterface
FNDA:0,BaseContentSign.supportsInterface
DA:36,0
DA:39,0
FN:39,BaseContentSign._mustBeWhitelisted
FNDA:0,BaseContentSign._mustBeWhitelisted
DA:40,0
BRDA:40,0,0,-
DA:41,0
FNF:4
FNH:0
LF:12
LH:0
BRF:1
BRH:0
end_of_record
TN:
SF:src/contentsign/ClickBounty.sol
DA:158,0
FN:158,ClickBounty.constructor
FNDA:0,ClickBounty.constructor
DA:159,0
DA:160,0
DA:162,0
DA:163,0
DA:164,0
DA:181,0
FN:181,ClickBounty.payEntryFee
FNDA:0,ClickBounty.payEntryFee
DA:182,0
DA:184,0
BRDA:184,0,0,-
DA:185,0
DA:188,0
DA:189,0
BRDA:189,1,0,-
DA:190,0
DA:193,0
DA:194,0
DA:209,0
FN:209,ClickBounty.setEntryFee
FNDA:0,ClickBounty.setEntryFee
DA:210,0
DA:211,0
DA:212,0
DA:224,0
FN:224,ClickBounty.withdraw
FNDA:0,ClickBounty.withdraw
DA:225,0
DA:226,0
DA:254,0
FN:254,ClickBounty.awardBounty
FNDA:0,ClickBounty.awardBounty
DA:255,0
DA:257,0
BRDA:257,2,0,-
DA:258,0
DA:260,0
DA:262,0
BRDA:262,3,0,-
DA:263,0
DA:265,0
BRDA:265,4,0,-
DA:266,0
DA:269,0
DA:272,0
DA:275,0
DA:277,0
DA:280,0
DA:294,0
FN:294,ClickBounty.getLeaderboard
FNDA:0,ClickBounty.getLeaderboard
DA:295,0
DA:296,0
DA:297,0
DA:298,0
DA:317,0
FN:317,ClickBounty._updateLeaderboard
FNDA:0,ClickBounty._updateLeaderboard
DA:319,0
BRDA:319,5,0,-
DA:320,0
DA:321,0
DA:322,0
DA:326,0
DA:327,0
DA:328,0
DA:329,0
DA:330,0
BRDA:330,6,0,-
DA:331,0
DA:332,0
DA:337,0
BRDA:337,7,0,-
DA:338,0
DA:339,0
FNF:7
FNH:0
LF:56
LH:0
BRF:8
BRH:0
end_of_record
TN:
SF:src/contentsign/ClickContentSign.sol
DA:12,0
FN:12,ClickContentSign.constructor
FNDA:0,ClickContentSign.constructor
DA:13,0
DA:16,0
FN:16,ClickContentSign._userIsWhitelisted
FNDA:0,ClickContentSign._userIsWhitelisted
DA:17,0
FNF:2
FNH:0
LF:4
LH:0
BRF:0
BRH:0
end_of_record
TN:
SF:src/contentsign/EnterpriseContentSign.sol
DA:13,0
FN:13,EnterpriseContentSign.constructor
FNDA:0,EnterpriseContentSign.constructor
DA:14,0
DA:17,0
FN:17,EnterpriseContentSign.supportsInterface
FNDA:0,EnterpriseContentSign.supportsInterface
DA:23,0
DA:26,0
FN:26,EnterpriseContentSign._userIsWhitelisted
FNDA:0,EnterpriseContentSign._userIsWhitelisted
DA:27,0
FNF:3
FNH:0
LF:6
LH:0
BRF:0
BRH:0
end_of_record
TN:
SF:src/contentsign/PaymentMiddleware.sol
DA:21,0
FN:21,PaymentMiddleware.constructor
FNDA:0,PaymentMiddleware.constructor
DA:24,0
DA:25,0
DA:26,0
DA:27,0
DA:30,0
FN:30,PaymentMiddleware.safeMint
FNDA:0,PaymentMiddleware.safeMint
DA:32,0
BRDA:32,0,0,-
DA:33,0
DA:37,0
DA:40,0
DA:43,0
FN:43,PaymentMiddleware.withdraw
FNDA:0,PaymentMiddleware.withdraw
DA:44,0
DA:46,0
DA:47,0
DA:50,0
FN:50,PaymentMiddleware.setFeeAmount
FNDA:0,PaymentMiddleware.setFeeAmount
DA:51,0
DA:53,0
DA:56,0
FN:56,PaymentMiddleware.setTarget
FNDA:0,PaymentMiddleware.setTarget
DA:57,0
DA:59,0
DA:62,0
FN:62,PaymentMiddleware.setWhitelist
FNDA:0,PaymentMiddleware.setWhitelist
DA:63,0
DA:65,0
DA:68,0
FN:68,PaymentMiddleware.setFeeToken
FNDA:0,PaymentMiddleware.setFeeToken
DA:69,0
DA:71,0
FNF:7
FNH:0
LF:26
LH:0
BRF:1
BRH:0
end_of_record
TN:
SF:src/nameservice/ClickNameService.sol
DA:62,0
FN:62,ClickNameService.constructor
FNDA:0,ClickNameService.constructor
DA:63,0
DA:64,0
DA:68,0
FN:68,ClickNameService.resolve
FNDA:0,ClickNameService.resolve
DA:69,0
DA:70,0
DA:71,0
BRDA:71,0,0,-
DA:72,0
DA:74,0
DA:80,0
FN:80,ClickNameService.batchRegister
FNDA:0,ClickNameService.batchRegister
DA:81,0
BRDA:81,1,0,-
DA:82,0
DA:85,0
DA:86,0
DA:94,0
FN:94,ClickNameService.setDefaultExpiry
FNDA:0,ClickNameService.setDefaultExpiry
DA:95,0
DA:99,0
FN:99,ClickNameService.register
FNDA:0,ClickNameService.register
DA:100,0
DA:104,0
FN:104,ClickNameService.registerWithExpiry
FNDA:0,ClickNameService.registerWithExpiry
DA:105,0
BRDA:105,2,0,-
DA:106,0
DA:109,0
DA:110,0
DA:111,0
DA:112,0
DA:115,0
FN:115,ClickNameService._register
FNDA:0,ClickNameService._register
DA:116,0
BRDA:116,3,0,-
DA:117,0
DA:119,0
BRDA:119,4,0,-
DA:120,0
DA:123,0
DA:124,0
DA:125,0
BRDA:125,5,0,-
BRDA:125,5,1,-
DA:126,0
DA:128,0
BRDA:128,6,0,-
DA:129,0
DA:131,0
DA:134,0
DA:140,0
FN:140,ClickNameService.supportsInterface
FNDA:0,ClickNameService.supportsInterface
DA:141,0
DA:142,0
DA:149,0
FN:149,ClickNameService.burn
FNDA:0,ClickNameService.burn
DA:150,0
DA:151,0
DA:158,0
FN:158,ClickNameService.removeExpired
FNDA:0,ClickNameService.removeExpired
DA:159,0
DA:160,0
BRDA:160,7,0,-
DA:161,0
DA:163,0
DA:164,0
DA:171,0
FN:171,ClickNameService.extendExpiry
FNDA:0,ClickNameService.extendExpiry
DA:172,0
BRDA:172,8,0,-
DA:173,0
DA:175,0
BRDA:175,9,0,-
DA:176,0
DA:179,0
BRDA:179,10,0,-
BRDA:179,10,1,-
DA:180,0
DA:182,0
DA:187,0
FN:187,ClickNameService._isAlphanumeric
FNDA:0,ClickNameService._isAlphanumeric
DA:188,0
DA:189,0
DA:190,0
DA:191,0
DA:193,0
DA:197,0
FN:197,ClickNameService._isAuthorized
FNDA:0,ClickNameService._isAuthorized
DA:198,0
FNF:13
FNH:0
LF:66
LH:0
BRF:13
BRH:0
end_of_record
TN:
SF:src/nameservice/NameService.sol
DA:75,0
FN:75,NameService.constructor
FNDA:0,NameService.constructor
DA:78,0
DA:79,0
DA:83,0
FN:83,NameService.resolve
FNDA:0,NameService.resolve
DA:84,0
DA:85,0
DA:86,0
BRDA:86,0,0,-
DA:87,0
DA:89,0
DA:95,0
FN:95,NameService.batchRegister
FNDA:0,NameService.batchRegister
DA:96,0
BRDA:96,1,0,-
DA:97,0
DA:100,0
DA:101,0
DA:109,0
FN:109,NameService.setDefaultExpiry
FNDA:0,NameService.setDefaultExpiry
DA:110,0
DA:114,0
FN:114,NameService.register
FNDA:0,NameService.register
DA:115,0
DA:119,0
FN:119,NameService.registerWithExpiry
FNDA:0,NameService.registerWithExpiry
DA:120,0
BRDA:120,2,0,-
DA:121,0
DA:124,0
DA:125,0
DA:126,0
DA:127,0
DA:130,0
FN:130,NameService._register
FNDA:0,NameService._register
DA:131,0
BRDA:131,3,0,-
DA:132,0
DA:134,0
BRDA:134,4,0,-
DA:135,0
DA:138,0
DA:139,0
DA:140,0
BRDA:140,5,0,-
BRDA:140,5,1,-
DA:141,0
DA:143,0
BRDA:143,6,0,-
DA:144,0
DA:146,0
DA:149,0
DA:155,0
FN:155,NameService.supportsInterface
FNDA:0,NameService.supportsInterface
DA:156,0
DA:157,0
DA:164,0
FN:164,NameService.burn
FNDA:0,NameService.burn
DA:165,0
DA:167,0
DA:168,0
DA:169,0
DA:171,0
DA:173,0
DA:174,0
DA:181,0
FN:181,NameService.removeExpired
FNDA:0,NameService.removeExpired
DA:182,0
DA:183,0
BRDA:183,7,0,-
DA:184,0
DA:186,0
DA:187,0
DA:194,0
FN:194,NameService.extendExpiry
FNDA:0,NameService.extendExpiry
DA:195,0
BRDA:195,8,0,-
DA:196,0
DA:198,0
BRDA:198,9,0,-
DA:199,0
DA:202,0
BRDA:202,10,0,-
BRDA:202,10,1,-
DA:203,0
DA:205,0
DA:210,0
FN:210,NameService._isAlphanumeric
FNDA:0,NameService._isAlphanumeric
DA:211,0
DA:212,0
DA:213,0
DA:214,0
DA:216,0
DA:220,0
FN:220,NameService._isAuthorized
FNDA:0,NameService._isAuthorized
DA:221,0
DA:228,0
FN:228,NameService.setTextRecord
FNDA:0,NameService.setTextRecord
DA:229,0
DA:231,0
DA:232,0
DA:233,0
DA:235,0
BRDA:235,12,0,-
DA:236,0
DA:238,0
BRDA:238,13,0,-
DA:239,0
DA:241,0
DA:242,0
DA:249,0
FN:249,NameService.getTextRecord
FNDA:0,NameService.getTextRecord
DA:250,0
DA:251,0
BRDA:251,14,0,-
DA:252,0
DA:254,0
FNF:15
FNH:0
LF:87
LH:0
BRF:16
BRH:0
end_of_record
TN:
SF:src/nameservice/PaymasterTest.sol
DA:23,0
FN:23,PaymasterTest.register
FNDA:0,PaymasterTest.register
DA:24,0
BRDA:24,0,0,-
DA:25,0
DA:27,0
BRDA:27,1,0,-
DA:28,0
DA:31,0
DA:32,0
DA:33,0
BRDA:33,2,0,-
BRDA:33,2,1,-
DA:34,0
DA:36,0
DA:39,0
DA:43,0
FN:43,PaymasterTest._isAlphanumeric
FNDA:0,PaymasterTest._isAlphanumeric
DA:44,0
DA:45,0
DA:46,0
DA:47,0
DA:49,0
FNF:2
FNH:0
LF:17
LH:0
BRF:4
BRH:0
end_of_record
TN:
SF:src/nameservice/UniversalResolver.sol
DA:53,0
FN:53,UniversalResolver.constructor
FNDA:0,UniversalResolver.constructor
DA:56,0
DA:57,0
DA:58,0
DA:59,0
DA:62,0
DA:63,0
DA:66,0
FN:66,UniversalResolver.setUrl
FNDA:0,UniversalResolver.setUrl
DA:67,0
DA:81,0
FN:81,UniversalResolver._parseDnsDomain
FNDA:0,UniversalResolver._parseDnsDomain
DA:86,0
DA:88,0
DA:89,0
DA:93,0
DA:95,0
DA:96,0
DA:100,0
DA:102,0
DA:103,0
DA:105,0
DA:110,0
FN:110,UniversalResolver.getStorageKey
FNDA:0,UniversalResolver.getStorageKey
DA:111,0
DA:112,0
DA:119,0
FN:119,UniversalResolver.getTextRecordStorageKey
FNDA:0,UniversalResolver.getTextRecordStorageKey
DA:120,0
DA:121,0
DA:122,0
DA:130,0
FN:130,UniversalResolver.resolve
FNDA:0,UniversalResolver.resolve
DA:131,0
DA:133,0
BRDA:133,2,0,-
DA:134,0
DA:137,0
DA:138,0
DA:140,0
BRDA:140,3,0,-
BRDA:140,3,1,-
DA:141,0
DA:142,0
DA:143,0
BRDA:143,4,0,-
BRDA:143,4,1,-
DA:144,0
DA:145,0
BRDA:145,5,0,-
DA:146,0
DA:147,0
BRDA:147,6,0,-
DA:148,0
DA:152,0
DA:155,0
DA:156,0
DA:158,0
DA:159,0
DA:161,0
DA:167,0
FN:167,UniversalResolver.resolveWithProof
FNDA:0,UniversalResolver.resolveWithProof
DA:168,0
DA:169,0
DA:172,0
DA:174,0
DA:176,0
DA:178,0
BRDA:178,7,0,-
DA:179,0
DA:182,0
BRDA:182,8,0,-
BRDA:182,8,1,-
DA:183,0
DA:184,0
BRDA:184,9,0,-
BRDA:184,9,1,-
DA:185,0
DA:187,0
DA:194,0
FN:194,UniversalResolver.supportsInterface
FNDA:0,UniversalResolver.supportsInterface
DA:195,0
DA:196,0
FNF:8
FNH:0
LF:64
LH:0
BRF:12
BRH:0
end_of_record
TN:
SF:src/paymasters/BasePaymaster.sol
DA:33,0
FN:33,BasePaymaster.constructor
FNDA:0,BasePaymaster.constructor
DA:34,0
DA:35,0
DA:38,0
FN:38,BasePaymaster.validateAndPayForPaymasterTransaction
FNDA:0,BasePaymaster.validateAndPayForPaymasterTransaction
DA:43,0
DA:46,0
DA:48,0
BRDA:48,0,0,-
DA:49,0
DA:52,0
DA:56,0
DA:57,0
DA:58,0
DA:60,0
BRDA:60,1,0,-
BRDA:60,1,1,-
DA:61,0
DA:62,0
BRDA:62,2,0,-
BRDA:62,2,1,-
DA:63,0
DA:64,0
DA:66,0
DA:68,0
DA:72,0
DA:73,0
BRDA:73,3,0,-
DA:74,0
DA:77,0
DA:80,0
FN:80,BasePaymaster.postTransaction
FNDA:0,BasePaymaster.postTransaction
DA:88,0
DA:93,0
FN:93,BasePaymaster.withdraw
FNDA:0,BasePaymaster.withdraw
DA:94,0
DA:96,0
DA:97,0
BRDA:97,4,0,-
DA:99,0
DA:104,0
FN:104,BasePaymaster._mustBeBootloader
FNDA:0,BasePaymaster._mustBeBootloader
DA:105,0
BRDA:105,5,0,-
DA:106,0
FNF:5
FNH:0
LF:33
LH:0
BRF:8
BRH:0
end_of_record
TN:
SF:src/paymasters/WhitelistPaymaster.sol
DA:22,0
FN:22,WhitelistPaymaster.constructor
FNDA:0,WhitelistPaymaster.constructor
DA:23,0
DA:26,0
FN:26,WhitelistPaymaster.addWhitelistedContracts
FNDA:0,WhitelistPaymaster.addWhitelistedContracts
DA:27,0
DA:29,0
DA:30,0
DA:33,0
DA:36,0
FN:36,WhitelistPaymaster.removeWhitelistedContracts
FNDA:0,WhitelistPaymaster.removeWhitelistedContracts
DA:37,0
DA:39,0
DA:40,0
DA:43,0
DA:46,0
FN:46,WhitelistPaymaster.addWhitelistedUsers
FNDA:0,WhitelistPaymaster.addWhitelistedUsers
DA:47,0
DA:49,0
DA:50,0
DA:53,0
DA:56,0
FN:56,WhitelistPaymaster.removeWhitelistedUsers
FNDA:0,WhitelistPaymaster.removeWhitelistedUsers
DA:57,0
DA:59,0
DA:60,0
DA:63,0
DA:66,0
FN:66,WhitelistPaymaster._validateAndPayGeneralFlow
FNDA:0,WhitelistPaymaster._validateAndPayGeneralFlow
DA:67,0
BRDA:67,0,0,-
DA:68,0
DA:71,0
BRDA:71,1,0,-
DA:72,0
DA:76,0
FN:76,WhitelistPaymaster._validateAndPayApprovalBasedFlow
FNDA:0,WhitelistPaymaster._validateAndPayApprovalBasedFlow
DA:81,0
FNF:7
FNH:0
LF:29
LH:0
BRF:2
BRH:0
end_of_record
TN:
SF:src/swarms/FleetIdentity.sol
DA:227,128
FN:227,FleetIdentity.constructor
FNDA:128,FleetIdentity.constructor
DA:228,128
DA:229,128
DA:243,0
FN:243,FleetIdentity.registerFleetCountry
FNDA:0,FleetIdentity.registerFleetCountry
DA:248,0
BRDA:248,0,0,-
DA:249,0
BRDA:249,1,0,-
DA:250,0
DA:251,0
DA:252,0
DA:267,1389
FN:267,FleetIdentity.registerFleetLocal
FNDA:1389,FleetIdentity.registerFleetLocal
DA:272,1389
BRDA:272,2,0,-
DA:273,1389
BRDA:273,3,0,-
DA:274,1389
BRDA:274,4,0,-
DA:275,1389
DA:276,1389
DA:277,1389
DA:286,0
FN:286,FleetIdentity.promote
FNDA:0,FleetIdentity.promote
DA:287,0
DA:294,0
FN:294,FleetIdentity.reassignTier
FNDA:0,FleetIdentity.reassignTier
DA:295,0
DA:296,0
BRDA:296,5,0,-
DA:297,0
BRDA:297,6,0,-
BRDA:297,6,1,-
DA:298,0
DA:300,0
DA:316,0
FN:316,FleetIdentity.setOperator
FNDA:0,FleetIdentity.setOperator
DA:318,0
BRDA:318,7,0,-
DA:321,0
BRDA:321,8,0,-
DA:322,0
DA:325,0
DA:328,0
DA:329,0
DA:332,0
DA:335,0
DA:338,0
BRDA:338,9,0,-
DA:340,0
DA:342,0
DA:345,0
DA:367,20
FN:367,FleetIdentity.burn
FNDA:20,FleetIdentity.burn
DA:368,20
DA:370,20
DA:371,20
DA:372,20
DA:373,20
DA:374,20
DA:376,20
BRDA:376,10,0,10
BRDA:376,10,1,-
DA:378,10
BRDA:378,11,0,-
DA:380,10
DA:381,10
DA:382,10
DA:384,10
DA:387,10
BRDA:387,12,0,-
DA:388,0
DA:391,10
DA:392,10
DA:395,10
DA:397,10
DA:398,10
DA:400,10
BRDA:400,13,0,10
BRDA:400,13,1,-
DA:402,10
DA:403,10
DA:404,10
DA:408,0
DA:412,10
DA:414,10
DA:427,0
FN:427,FleetIdentity.claimUuid
FNDA:0,FleetIdentity.claimUuid
DA:428,0
BRDA:428,14,0,-
DA:429,0
BRDA:429,15,0,-
DA:432,0
DA:433,0
DA:434,0
DA:436,0
DA:439,0
DA:440,0
DA:442,0
DA:444,0
DA:454,1399
FN:454,FleetIdentity.tierBond
FNDA:1399,FleetIdentity.tierBond
DA:455,1399
DA:456,1399
DA:462,0
FN:462,FleetIdentity.localInclusionHint
FNDA:0,FleetIdentity.localInclusionHint
DA:467,0
BRDA:467,16,0,-
DA:468,0
BRDA:468,17,0,-
DA:469,0
DA:470,0
DA:478,0
FN:478,FleetIdentity.countryInclusionHint
FNDA:0,FleetIdentity.countryInclusionHint
DA:479,0
BRDA:479,18,0,-
DA:482,0
DA:485,0
DA:486,0
DA:487,0
DA:488,0
DA:489,0
DA:490,0
BRDA:490,19,0,-
DA:492,0
DA:496,0
FN:496,FleetIdentity.highestActiveTier
FNDA:0,FleetIdentity.highestActiveTier
DA:497,0
DA:498,0
DA:499,0
DA:503,0
FN:503,FleetIdentity.tierMemberCount
FNDA:0,FleetIdentity.tierMemberCount
DA:504,0
DA:508,0
FN:508,FleetIdentity.getTierMembers
FNDA:0,FleetIdentity.getTierMembers
DA:509,0
DA:513,0
FN:513,FleetIdentity.getTierUuids
FNDA:0,FleetIdentity.getTierUuids
DA:514,0
DA:515,0
DA:516,0
DA:517,0
DA:522,20
FN:522,FleetIdentity.tokenUuid
FNDA:20,FleetIdentity.tokenUuid
DA:523,20
DA:527,1439
FN:527,FleetIdentity.tokenRegion
FNDA:1439,FleetIdentity.tokenRegion
DA:528,1439
DA:532,1389
FN:532,FleetIdentity.computeTokenId
FNDA:1389,FleetIdentity.computeTokenId
DA:533,1389
DA:537,0
FN:537,FleetIdentity.bonds
FNDA:0,FleetIdentity.bonds
DA:538,0
DA:539,0
DA:540,0
DA:541,0
DA:545,0
FN:545,FleetIdentity.isOwnedOnly
FNDA:0,FleetIdentity.isOwnedOnly
DA:546,0
DA:554,20
FN:554,FleetIdentity.operatorOf
FNDA:20,FleetIdentity.operatorOf
DA:555,20
DA:556,20
BRDA:556,23,0,20
DA:557,20
DA:582,0
FN:582,FleetIdentity.buildHighestBondedUuidBundle
FNDA:0,FleetIdentity.buildHighestBondedUuidBundle
DA:587,0
BRDA:587,24,0,-
DA:588,0
BRDA:588,25,0,-
DA:590,0
DA:591,0
DA:593,0
DA:610,0
FN:610,FleetIdentity.buildCountryOnlyBundle
FNDA:0,FleetIdentity.buildCountryOnlyBundle
DA:615,0
BRDA:615,26,0,-
DA:617,0
DA:619,0
DA:621,0
DA:633,0
FN:633,FleetIdentity._buildHighestBondedUuidBundle
FNDA:0,FleetIdentity._buildHighestBondedUuidBundle
DA:638,0
DA:640,0
DA:643,0
DA:644,0
DA:647,0
DA:650,0
DA:655,0
DA:662,0
FN:662,FleetIdentity._appendTierUuids
FNDA:0,FleetIdentity._appendTierUuids
DA:668,0
DA:669,0
DA:670,0
DA:671,0
DA:673,0
DA:674,0
DA:675,0
DA:677,0
DA:685,0
FN:685,FleetIdentity.getActiveCountries
FNDA:0,FleetIdentity.getActiveCountries
DA:686,0
DA:691,0
FN:691,FleetIdentity.getActiveAdminAreas
FNDA:0,FleetIdentity.getActiveAdminAreas
DA:693,0
DA:694,0
DA:695,0
DA:696,0
DA:700,0
DA:701,0
DA:702,0
DA:703,0
DA:704,0
DA:705,0
DA:706,0
DA:709,0
DA:714,0
FN:714,FleetIdentity.getCountryAdminAreas
FNDA:0,FleetIdentity.getCountryAdminAreas
DA:715,0
DA:720,1389
FN:720,FleetIdentity.makeAdminRegion
FNDA:1389,FleetIdentity.makeAdminRegion
DA:721,1389
DA:731,1393
FN:731,FleetIdentity._countryFromRegion
FNDA:1393,FleetIdentity._countryFromRegion
DA:732,1393
DA:736,0
FN:736,FleetIdentity._adminFromRegion
FNDA:0,FleetIdentity._adminFromRegion
DA:737,0
DA:742,2798
FN:742,FleetIdentity._isCountryRegion
FNDA:2798,FleetIdentity._isCountryRegion
DA:743,2798
DA:749,1389
FN:749,FleetIdentity._pullBond
FNDA:1389,FleetIdentity._pullBond
DA:750,1389
BRDA:750,27,0,1389
DA:751,1389
DA:756,20
FN:756,FleetIdentity._refundBond
FNDA:20,FleetIdentity._refundBond
DA:757,20
BRDA:757,28,0,20
DA:758,20
DA:765,10
FN:765,FleetIdentity._clearUuidOwnership
FNDA:10,FleetIdentity._clearUuidOwnership
DA:766,10
DA:767,10
DA:768,10
DA:769,10
DA:770,10
DA:775,0
FN:775,FleetIdentity._decrementUuidCount
FNDA:0,FleetIdentity._decrementUuidCount
DA:776,0
DA:777,0
BRDA:777,29,0,-
BRDA:777,29,1,-
DA:778,0
DA:780,0
DA:788,10
FN:788,FleetIdentity._cleanupFleetFromTier
FNDA:10,FleetIdentity._cleanupFleetFromTier
DA:789,10
DA:790,10
DA:791,10
DA:792,10
DA:793,10
DA:800,1389
FN:800,FleetIdentity._mintFleetToken
FNDA:1389,FleetIdentity._mintFleetToken
DA:801,1389
DA:802,1389
DA:803,1389
DA:804,1389
DA:805,1389
DA:810,0
FN:810,FleetIdentity._mintFleetTokenTo
FNDA:0,FleetIdentity._mintFleetTokenTo
DA:811,0
DA:812,0
DA:813,0
DA:814,0
DA:815,0
DA:824,1389
FN:824,FleetIdentity._register
FNDA:1389,FleetIdentity._register
DA:825,1389
DA:826,1389
DA:827,1389
DA:828,0
DA:830,1389
BRDA:830,30,0,-
BRDA:830,30,1,-
DA:832,0
DA:833,0
BRDA:833,31,0,-
DA:834,0
DA:836,0
DA:837,0
DA:838,0
DA:840,0
DA:843,0
DA:845,0
DA:846,1389
BRDA:846,32,0,1389
BRDA:846,32,1,-
DA:848,1389
DA:849,1389
DA:850,1389
DA:851,1389
DA:854,1389
DA:857,1389
DA:859,1389
DA:862,0
DA:863,0
BRDA:863,33,0,-
DA:864,0
BRDA:864,34,0,-
DA:865,0
DA:867,0
DA:868,0
DA:870,0
DA:873,0
DA:875,0
DA:880,0
FN:880,FleetIdentity._promote
FNDA:0,FleetIdentity._promote
DA:881,0
DA:882,0
DA:883,0
BRDA:883,35,0,-
DA:885,0
DA:886,0
DA:887,0
BRDA:887,36,0,-
DA:888,0
BRDA:888,37,0,-
DA:889,0
BRDA:889,38,0,-
DA:891,0
DA:892,0
DA:893,0
DA:894,0
DA:897,0
DA:898,0
DA:899,0
DA:900,0
DA:903,0
DA:905,0
DA:909,0
FN:909,FleetIdentity._demote
FNDA:0,FleetIdentity._demote
DA:910,0
DA:911,0
DA:912,0
BRDA:912,39,0,-
DA:914,0
DA:915,0
DA:916,0
BRDA:916,40,0,-
DA:917,0
BRDA:917,41,0,-
DA:919,0
DA:920,0
DA:921,0
DA:922,0
DA:925,0
DA:926,0
DA:927,0
DA:928,0
DA:929,0
DA:932,0
DA:934,0
DA:938,1389
FN:938,FleetIdentity._validateExplicitTier
FNDA:1389,FleetIdentity._validateExplicitTier
DA:939,1389
BRDA:939,42,0,-
DA:940,1389
BRDA:940,43,0,-
DA:946,0
FN:946,FleetIdentity._findMaxTierIndex
FNDA:0,FleetIdentity._findMaxTierIndex
DA:951,0
DA:952,0
DA:954,0
DA:955,0
BRDA:955,44,0,-
DA:956,0
DA:976,0
FN:976,FleetIdentity._findCheapestInclusionTier
FNDA:0,FleetIdentity._findCheapestInclusionTier
DA:981,0
DA:982,0
DA:983,0
DA:985,0
DA:990,0
DA:991,0
DA:992,0
DA:994,0
BRDA:994,45,0,-
DA:995,0
DA:1000,0
DA:1001,0
DA:1002,0
DA:1003,0
DA:1007,0
BRDA:1007,46,0,-
DA:1008,0
DA:1011,0
DA:1016,1389
FN:1016,FleetIdentity._addToTier
FNDA:1389,FleetIdentity._addToTier
DA:1017,1389
DA:1018,1389
DA:1021,1389
BRDA:1021,47,0,1383
DA:1022,1383
DA:1027,10
FN:1027,FleetIdentity._removeFromTier
FNDA:10,FleetIdentity._removeFromTier
DA:1028,10
DA:1029,10
DA:1030,10
DA:1032,10
BRDA:1032,48,0,-
DA:1033,0
DA:1034,0
DA:1035,0
DA:1037,10
DA:1041,10
FN:1041,FleetIdentity._trimTierCount
FNDA:10,FleetIdentity._trimTierCount
DA:1042,10
DA:1043,20
DA:1044,10
DA:1046,10
DA:1052,1389
FN:1052,FleetIdentity._addToRegionIndex
FNDA:1389,FleetIdentity._addToRegionIndex
DA:1053,1389
BRDA:1053,49,0,-
BRDA:1053,49,1,1383
DA:1055,0
DA:1056,0
BRDA:1056,50,0,-
DA:1057,0
DA:1058,0
DA:1062,1389
BRDA:1062,51,0,1383
DA:1063,1383
DA:1065,1383
BRDA:1065,52,0,1383
DA:1066,1383
DA:1067,1383
DA:1069,1383
DA:1070,1383
DA:1076,10
FN:1076,FleetIdentity._removeFromRegionIndex
FNDA:10,FleetIdentity._removeFromRegionIndex
DA:1077,10
DA:1079,10
BRDA:1079,54,0,-
BRDA:1079,54,1,-
DA:1080,0
DA:1081,0
DA:1082,0
BRDA:1082,55,0,-
DA:1084,0
DA:1086,0
DA:1087,0
DA:1088,0
BRDA:1088,57,0,-
DA:1089,0
DA:1090,0
DA:1091,0
DA:1093,0
DA:1094,0
DA:1098,10
DA:1099,10
BRDA:1099,58,0,10
DA:1100,10
DA:1101,10
DA:1102,10
DA:1103,10
DA:1104,10
BRDA:1104,59,0,-
DA:1105,0
DA:1106,0
DA:1107,0
DA:1109,10
DA:1110,10
DA:1113,10
BRDA:1113,60,0,10
DA:1114,10
DA:1115,10
BRDA:1115,61,0,10
DA:1116,10
DA:1117,10
DA:1118,10
BRDA:1118,62,0,-
DA:1119,0
DA:1120,0
DA:1121,0
DA:1123,10
DA:1124,10
DA:1135,1419
FN:1135,FleetIdentity._update
FNDA:1419,FleetIdentity._update
DA:1136,1419
DA:1140,1419
DA:1141,1419
BRDA:1141,63,0,-
DA:1142,0
DA:1145,1419
DA:1148,0
FN:1148,FleetIdentity._increaseBalance
FNDA:0,FleetIdentity._increaseBalance
DA:1149,0
DA:1152,0
FN:1152,FleetIdentity.supportsInterface
FNDA:0,FleetIdentity.supportsInterface
DA:1153,0
FNF:53
FNH:24
LF:387
LH:144
BRF:67
BRH:13
end_of_record
TN:
SF:src/swarms/ServiceProvider.sol
DA:27,1407
FN:27,ServiceProvider.registerProvider
FNDA:1407,ServiceProvider.registerProvider
DA:28,1407
BRDA:28,0,0,-
DA:29,0
DA:32,1407
DA:34,1407
DA:36,1407
DA:38,1407
DA:43,15
FN:43,ServiceProvider.burn
FNDA:15,ServiceProvider.burn
DA:44,15
BRDA:44,1,0,-
DA:45,0
DA:48,15
DA:50,15
DA:52,15
FNF:2
FNH:2
LF:13
LH:11
BRF:2
BRH:0
end_of_record
TN:
SF:src/swarms/SwarmRegistryL1.sol
DA:83,313
FN:83,SwarmRegistryL1.computeSwarmId
FNDA:313,SwarmRegistryL1.computeSwarmId
DA:88,313
DA:91,63
FN:91,SwarmRegistryL1.constructor
FNDA:63,SwarmRegistryL1.constructor
DA:92,63
BRDA:92,0,0,3
DA:93,3
DA:95,60
DA:96,60
DA:106,573
FN:106,SwarmRegistryL1.registerSwarm
FNDA:573,SwarmRegistryL1.registerSwarm
DA:113,573
BRDA:113,1,0,1
DA:114,1
DA:116,572
BRDA:116,2,0,258
DA:117,258
DA:119,314
BRDA:119,3,0,2
DA:120,2
DA:124,312
BRDA:124,4,0,1
DA:125,1
DA:127,311
BRDA:127,5,0,-
DA:128,0
DA:131,310
DA:133,310
BRDA:133,6,0,1
DA:134,1
DA:137,309
DA:138,309
DA:139,309
DA:140,309
DA:141,309
DA:142,309
DA:144,309
DA:145,309
DA:147,309
DA:149,309
DA:154,7
FN:154,SwarmRegistryL1.acceptSwarm
FNDA:7,SwarmRegistryL1.acceptSwarm
DA:155,7
DA:156,7
BRDA:156,7,0,1
DA:158,6
DA:159,6
BRDA:159,8,0,2
DA:161,4
BRDA:161,9,0,1
DA:162,1
DA:164,3
DA:165,3
DA:170,4
FN:170,SwarmRegistryL1.rejectSwarm
FNDA:4,SwarmRegistryL1.rejectSwarm
DA:171,4
DA:172,4
BRDA:172,10,0,-
DA:174,4
DA:175,4
BRDA:175,11,0,1
DA:177,3
BRDA:177,12,0,1
DA:178,1
DA:180,2
DA:181,2
DA:187,5
FN:187,SwarmRegistryL1.updateSwarmProvider
FNDA:5,SwarmRegistryL1.updateSwarmProvider
DA:188,5
DA:189,5
BRDA:189,13,0,1
DA:190,1
DA:192,4
BRDA:192,14,0,1
DA:193,1
DA:195,3
BRDA:195,15,0,-
DA:196,0
DA:199,2
DA:201,2
DA:203,2
DA:205,2
DA:210,7
FN:210,SwarmRegistryL1.deleteSwarm
FNDA:7,SwarmRegistryL1.deleteSwarm
DA:211,7
DA:212,7
BRDA:212,16,0,1
DA:213,1
DA:215,6
BRDA:215,17,0,1
DA:216,1
DA:219,5
DA:221,5
DA:223,5
DA:225,5
DA:232,26
FN:232,SwarmRegistryL1.isSwarmValid
FNDA:26,SwarmRegistryL1.isSwarmValid
DA:233,26
DA:234,26
BRDA:234,18,0,1
DA:237,25
DA:239,25
BRDA:239,19,0,25
DA:240,18
DA:241,7
BRDA:241,19,1,7
DA:242,7
DA:248,6
FN:248,SwarmRegistryL1.purgeOrphanedSwarm
FNDA:6,SwarmRegistryL1.purgeOrphanedSwarm
DA:249,6
DA:250,6
BRDA:250,20,0,1
DA:252,5
DA:253,5
BRDA:253,21,0,1
DA:255,4
DA:257,4
DA:259,4
DA:261,4
DA:268,7
FN:268,SwarmRegistryL1.checkMembership
FNDA:7,SwarmRegistryL1.checkMembership
DA:269,7
DA:270,7
BRDA:270,22,0,1
DA:271,1
DA:275,6
DA:276,6
BRDA:276,23,0,1
DA:278,5
DA:279,5
DA:281,0
DA:285,5
BRDA:285,24,0,5
DA:287,5
DA:292,5
DA:293,5
DA:295,0
DA:297,4
DA:298,4
DA:299,4
DA:301,4
DA:302,4
DA:304,4
DA:305,4
DA:306,4
DA:308,4
DA:314,9
FN:314,SwarmRegistryL1._removeFromUuidSwarms
FNDA:9,SwarmRegistryL1._removeFromUuidSwarms
DA:315,9
DA:316,9
DA:317,9
DA:319,9
DA:320,9
DA:321,9
DA:322,9
DA:331,12
FN:331,SwarmRegistryL1._readFingerprint
FNDA:12,SwarmRegistryL1._readFingerprint
DA:332,12
DA:333,12
DA:334,12
DA:337,12
DA:340,12
DA:341,12
DA:342,24
DA:344,24
DA:348,12
DA:349,12
DA:350,12
DA:352,12
FNF:12
FNH:12
LF:132
LH:128
BRF:26
BRH:23
end_of_record
TN:
SF:src/swarms/SwarmRegistryUniversal.sol
DA:89,576
FN:89,SwarmRegistryUniversal.computeSwarmId
FNDA:576,SwarmRegistryUniversal.computeSwarmId
DA:94,576
DA:97,71
FN:97,SwarmRegistryUniversal.constructor
FNDA:71,SwarmRegistryUniversal.constructor
DA:98,71
BRDA:98,0,0,3
DA:99,3
DA:101,68
DA:102,68
DA:112,836
FN:112,SwarmRegistryUniversal.registerSwarm
FNDA:836,SwarmRegistryUniversal.registerSwarm
DA:119,836
BRDA:119,1,0,1
DA:120,1
DA:122,835
BRDA:122,2,0,258
DA:123,258
DA:125,577
BRDA:125,3,0,1
DA:126,1
DA:128,576
BRDA:128,4,0,1
DA:129,1
DA:133,575
BRDA:133,5,0,1
DA:134,1
DA:136,574
BRDA:136,6,0,-
DA:137,0
DA:140,573
DA:142,573
BRDA:142,7,0,1
DA:143,1
DA:146,572
DA:147,572
DA:148,572
DA:149,572
DA:150,572
DA:151,572
DA:152,572
DA:154,572
DA:156,572
DA:157,572
DA:159,572
DA:164,9
FN:164,SwarmRegistryUniversal.acceptSwarm
FNDA:9,SwarmRegistryUniversal.acceptSwarm
DA:165,9
DA:166,9
BRDA:166,8,0,1
DA:168,8
DA:169,8
BRDA:169,9,0,2
DA:171,6
BRDA:171,10,0,2
DA:172,2
DA:174,4
DA:175,4
DA:180,5
FN:180,SwarmRegistryUniversal.rejectSwarm
FNDA:5,SwarmRegistryUniversal.rejectSwarm
DA:181,5
DA:182,5
BRDA:182,11,0,-
DA:184,5
DA:185,5
BRDA:185,12,0,1
DA:187,4
BRDA:187,13,0,1
DA:188,1
DA:190,3
DA:191,3
DA:197,5
FN:197,SwarmRegistryUniversal.updateSwarmProvider
FNDA:5,SwarmRegistryUniversal.updateSwarmProvider
DA:198,5
DA:199,5
BRDA:199,14,0,1
DA:200,1
DA:202,4
BRDA:202,15,0,1
DA:203,1
DA:205,3
BRDA:205,16,0,-
DA:206,0
DA:209,2
DA:212,2
DA:213,2
DA:215,2
DA:220,8
FN:220,SwarmRegistryUniversal.deleteSwarm
FNDA:8,SwarmRegistryUniversal.deleteSwarm
DA:221,8
DA:222,8
BRDA:222,17,0,1
DA:223,1
DA:225,7
BRDA:225,18,0,1
DA:226,1
DA:229,6
DA:231,6
DA:233,6
DA:234,6
DA:236,6
DA:243,29
FN:243,SwarmRegistryUniversal.isSwarmValid
FNDA:29,SwarmRegistryUniversal.isSwarmValid
DA:244,29
DA:245,29
BRDA:245,19,0,1
DA:248,28
DA:250,28
BRDA:250,20,0,28
DA:251,20
DA:252,8
BRDA:252,20,1,8
DA:253,8
DA:259,7
FN:259,SwarmRegistryUniversal.purgeOrphanedSwarm
FNDA:7,SwarmRegistryUniversal.purgeOrphanedSwarm
DA:260,7
DA:261,7
BRDA:261,21,0,1
DA:263,6
DA:264,6
BRDA:264,22,0,1
DA:266,5
DA:268,5
DA:270,5
DA:271,5
DA:273,5
DA:280,6
FN:280,SwarmRegistryUniversal.checkMembership
FNDA:6,SwarmRegistryUniversal.checkMembership
DA:281,6
DA:282,6
BRDA:282,23,0,1
DA:283,1
DA:287,5
DA:288,5
BRDA:288,24,0,1
DA:290,4
DA:291,4
DA:294,4
DA:295,4
DA:298,4
DA:299,4
DA:300,4
DA:302,4
DA:303,4
DA:306,4
DA:307,4
DA:308,4
DA:310,4
DA:316,3
FN:316,SwarmRegistryUniversal.getFilterData
FNDA:3,SwarmRegistryUniversal.getFilterData
DA:317,3
BRDA:317,26,0,1
DA:318,1
DA:320,2
DA:326,11
FN:326,SwarmRegistryUniversal._removeFromUuidSwarms
FNDA:11,SwarmRegistryUniversal._removeFromUuidSwarms
DA:327,11
DA:328,11
DA:329,11
DA:331,11
DA:332,11
DA:333,11
DA:334,11
DA:343,12
FN:343,SwarmRegistryUniversal._readFingerprint
FNDA:12,SwarmRegistryUniversal._readFingerprint
DA:344,12
DA:345,12
DA:346,12
DA:349,12
DA:350,12
DA:351,24
DA:353,24
DA:358,12
DA:359,12
DA:360,12
DA:362,12
FNF:13
FNH:13
LF:136
LH:134
BRF:27
BRH:24
end_of_record
TN:
SF:test/FleetIdentity.t.sol
DA:12,0
FN:12,MockERC20.mint
FNDA:0,MockERC20.mint
DA:13,0
DA:23,0
FN:23,BadERC20.mint
FNDA:0,BadERC20.mint
DA:24,0
DA:27,0
FN:27,BadERC20.setFail
FNDA:0,BadERC20.setFail
DA:28,0
DA:31,0
FN:31,BadERC20.transfer
FNDA:0,BadERC20.transfer
DA:33,0
DA:36,0
FN:36,BadERC20.transferFrom
FNDA:0,BadERC20.transferFrom
DA:38,0
FNF:5
FNH:0
LF:10
LH:0
BRF:0
BRH:0
end_of_record
TN:
SF:test/FleetIdentityFairness.t.sol
DA:12,0
FN:12,MockERC20Fairness.mint
FNDA:0,MockERC20Fairness.mint
DA:13,0
FNF:1
FNH:0
LF:2
LH:0
BRF:0
BRH:0
end_of_record
TN:
SF:test/Grants.t.sol
DA:9,0
FN:9,MockToken.constructor
FNDA:0,MockToken.constructor
DA:10,0
FNF:1
FNH:0
LF:2
LH:0
BRF:0
BRH:0
end_of_record
TN:
SF:test/Payment.t.sol
DA:12,0
FN:12,MockToken.constructor
FNDA:0,MockToken.constructor
DA:13,0
FNF:1
FNH:0
LF:2
LH:0
BRF:0
BRH:0
end_of_record
TN:
SF:test/QuotaControl.t.sol
DA:14,0
FN:14,TestableQuotaControl.exposeCheckedResetClaimed
FNDA:0,TestableQuotaControl.exposeCheckedResetClaimed
DA:15,0
DA:18,0
FN:18,TestableQuotaControl.exposeCheckedUpdateClaimed
FNDA:0,TestableQuotaControl.exposeCheckedUpdateClaimed
DA:19,0
FNF:2
FNH:0
LF:4
LH:0
BRF:0
BRH:0
end_of_record
TN:
SF:test/SwarmRegistryL1.t.sol
DA:13,60
FN:13,MockBondTokenL1.mint
FNDA:60,MockBondTokenL1.mint
DA:14,60
FNF:1
FNH:1
LF:2
LH:2
BRF:0
BRH:0
end_of_record
TN:
SF:test/SwarmRegistryUniversal.t.sol
DA:13,68
FN:13,MockBondTokenUniv.mint
FNDA:68,MockBondTokenUniv.mint
DA:14,68
FNF:1
FNH:1
LF:2
LH:2
BRF:0
BRH:0
end_of_record
TN:
SF:test/__helpers__/AccessControlUtils.sol
DA:9,0
FN:9,AccessControlUtils.expectRevert_AccessControlUnauthorizedAccount
FNDA:0,AccessControlUtils.expectRevert_AccessControlUnauthorizedAccount
DA:10,0
FNF:1
FNH:0
LF:2
LH:0
BRF:0
BRH:0
end_of_record
TN:
SF:test/bridge/L1Bridge.t.sol
DA:31,0
FN:31,MockMailbox.setL1ToL2Failed
FNDA:0,MockMailbox.setL1ToL2Failed
DA:32,0
DA:35,0
FN:35,MockMailbox.setInclusion
FNDA:0,MockMailbox.setInclusion
DA:36,0
DA:39,0
FN:39,MockMailbox.setBaseCostReturn
FNDA:0,MockMailbox.setBaseCostReturn
DA:40,0
DA:43,0
FN:43,MockMailbox.expectBaseCostParams
FNDA:0,MockMailbox.expectBaseCostParams
DA:44,0
DA:45,0
DA:46,0
DA:50,0
FN:50,MockMailbox.requestL2Transaction
FNDA:0,MockMailbox.requestL2Transaction
DA:59,0
DA:60,0
DA:63,0
DA:66,0
FN:66,MockMailbox.proveL1ToL2TransactionStatus
FNDA:0,MockMailbox.proveL1ToL2TransactionStatus
DA:74,0
BRDA:74,0,0,-
DA:75,0
DA:77,0
DA:80,0
FN:80,MockMailbox.proveL2MessageInclusion
FNDA:0,MockMailbox.proveL2MessageInclusion
DA:86,0
DA:89,0
FN:89,MockMailbox.l2TransactionBaseCost
FNDA:0,MockMailbox.l2TransactionBaseCost
DA:95,0
BRDA:95,1,0,-
BRDA:95,1,1,-
DA:96,0
BRDA:96,2,0,-
BRDA:96,2,1,-
DA:97,0
BRDA:97,3,0,-
BRDA:97,3,1,-
DA:98,0
FNF:8
FNH:0
LF:25
LH:0
BRF:7
BRH:0
end_of_record
TN:
SF:test/bridge/MigrationNFT.t.sol
DA:12,0
FN:12,MigrationNFTTestUtils.bridgeTokens
FNDA:0,MigrationNFTTestUtils.bridgeTokens
DA:20,0
DA:21,0
DA:22,0
FNF:1
FNH:0
LF:4
LH:0
BRF:0
BRH:0
end_of_record
TN:
SF:test/contentsign/BaseContentSign.t.sol
DA:13,0
FN:13,MockContentSign.setWhitelisted
FNDA:0,MockContentSign.setWhitelisted
DA:14,0
DA:17,0
FN:17,MockContentSign._userIsWhitelisted
FNDA:0,MockContentSign._userIsWhitelisted
DA:18,0
FNF:2
FNH:0
LF:4
LH:0
BRF:0
BRH:0
end_of_record
TN:
SF:test/contentsign/ClickBounty.t.sol
DA:13,0
FN:13,MockERC20.constructor
FNDA:0,MockERC20.constructor
DA:14,0
DA:21,0
FN:21,MockContentSign._userIsWhitelisted
FNDA:0,MockContentSign._userIsWhitelisted
DA:22,0
FNF:2
FNH:0
LF:4
LH:0
BRF:0
BRH:0
end_of_record
TN:
SF:test/contentsign/PaymentMiddleware.t.sol
DA:16,0
FN:16,MockToken.mint
FNDA:0,MockToken.mint
DA:17,0
DA:24,0
FN:24,MockWhitelist.mint
FNDA:0,MockWhitelist.mint
DA:25,0
DA:32,0
FN:32,MockContentSign._userIsWhitelisted
FNDA:0,MockContentSign._userIsWhitelisted
DA:33,0
FNF:3
FNH:0
LF:6
LH:0
BRF:0
BRH:0
end_of_record
TN:
SF:test/paymasters/BasePaymaster.t.sol
DA:13,0
FN:13,MockPaymaster._validateAndPayGeneralFlow
FNDA:0,MockPaymaster._validateAndPayGeneralFlow
DA:15,0
DA:18,0
FN:18,MockPaymaster._validateAndPayApprovalBasedFlow
FNDA:0,MockPaymaster._validateAndPayApprovalBasedFlow
DA:23,0
FNF:2
FNH:0
LF:4
LH:0
BRF:0
BRH:0
end_of_record
TN:
SF:test/paymasters/WhitelistPaymaster.t.sol
DA:14,0
FN:14,MockWhitelistPaymaster.mock_validateAndPayGeneralFlow
FNDA:0,MockWhitelistPaymaster.mock_validateAndPayGeneralFlow
DA:15,0
DA:18,0
FN:18,MockWhitelistPaymaster.mock_validateAndPayApprovalBasedFlow
FNDA:0,MockWhitelistPaymaster.mock_validateAndPayApprovalBasedFlow
DA:26,0
FNF:2
FNH:0
LF:4
LH:0
BRF:0
BRH:0
end_of_record
