TN:
SF:script/CheckBridge.s.sol
DA:13,0
FN:13,CheckBridge.setUp
FNDA:0,CheckBridge.setUp
DA:14,0
DA:15,0
DA:18,0
FN:18,CheckBridge.run
FNDA:0,CheckBridge.run
DA:19,0
DA:20,0
DA:22,0
DA:23,0
DA:25,0
BRDA:25,0,0,-
BRDA:25,0,1,-
DA:26,0
DA:28,0
DA:30,0
BRDA:30,1,0,-
BRDA:30,1,1,-
DA:31,0
DA:32,0
BRDA:32,2,0,-
BRDA:32,2,1,-
DA:33,0
DA:35,0
DA:38,0
FNF:2
FNH:0
LF:17
LH:0
BRF:6
BRH:0
end_of_record
TN:
SF:script/ContentSignWhitelist.s.sol
DA:13,0
FN:13,ContentSignWhitelist.setUp
FNDA:0,ContentSignWhitelist.setUp
DA:14,0
DA:15,0
DA:18,0
FN:18,ContentSignWhitelist.run
FNDA:0,ContentSignWhitelist.run
DA:19,0
DA:21,0
BRDA:21,0,0,-
BRDA:21,0,1,-
DA:22,0
DA:24,0
DA:26,0
DA:27,0
DA:28,0
FNF:2
FNH:0
LF:11
LH:0
BRF:2
BRH:0
end_of_record
TN:
SF:script/DeployClick.s.sol
DA:14,0
FN:14,DeployClick.setUp
FNDA:0,DeployClick.setUp
DA:15,0
DA:16,0
DA:18,0
DA:19,0
DA:22,0
FN:22,DeployClick.run
FNDA:0,DeployClick.run
DA:23,0
DA:25,0
DA:26,0
DA:28,0
DA:29,0
DA:32,0
DA:35,0
DA:37,0
DA:39,0
DA:40,0
DA:41,0
FNF:2
FNH:0
LF:17
LH:0
BRF:0
BRH:0
end_of_record
TN:
SF:script/DeployContentSignEnterprise.s.sol
DA:15,0
FN:15,DeployContentSignEnterprise.setUp
FNDA:0,DeployContentSignEnterprise.setUp
DA:16,0
DA:17,0
DA:18,0
DA:21,0
FN:21,DeployContentSignEnterprise.run
FNDA:0,DeployContentSignEnterprise.run
DA:22,0
DA:24,0
DA:26,0
DA:28,0
DA:29,0
DA:30,0
DA:31,0
FNF:2
FNH:0
LF:12
LH:0
BRF:0
BRH:0
end_of_record
TN:
SF:script/DeployL1Bridge.s.sol
DA:22,0
FN:22,DeployL1Bridge.setUp
FNDA:0,DeployL1Bridge.setUp
DA:23,0
DA:24,0
DA:25,0
DA:26,0
DA:28,0
DA:29,0
DA:30,0
DA:31,0
DA:34,0
FN:34,DeployL1Bridge.run
FNDA:0,DeployL1Bridge.run
DA:35,0
DA:37,0
DA:39,0
DA:40,0
DA:41,0
DA:43,0
DA:45,0
DA:46,0
FNF:2
FNH:0
LF:18
LH:0
BRF:0
BRH:0
end_of_record
TN:
SF:script/DeployL1Ens.s.sol
DA:18,0
FN:18,DeployL1Ens.run
FNDA:0,DeployL1Ens.run
DA:19,0
DA:20,0
DA:22,0
DA:24,0
BRDA:24,0,0,-
BRDA:24,0,1,-
DA:25,0
DA:26,0
BRDA:26,1,0,-
BRDA:26,1,1,-
DA:27,0
DA:28,0
DA:29,0
DA:30,0
DA:32,0
DA:35,0
DA:36,0
DA:39,0
DA:40,0
DA:42,0
DA:45,0
DA:47,0
BRDA:47,2,0,-
DA:48,0
DA:49,0
DA:55,0
DA:56,0
DA:59,0
DA:60,0
DA:62,0
DA:63,0
DA:65,0
DA:66,0
DA:68,0
FNF:1
FNH:0
LF:30
LH:0
BRF:5
BRH:0
end_of_record
TN:
SF:script/DeployL1Nodl.s.sol
DA:17,0
FN:17,DeployL1Nodl.setUp
FNDA:0,DeployL1Nodl.setUp
DA:18,0
DA:19,0
DA:21,0
DA:22,0
DA:25,0
FN:25,DeployL1Nodl.run
FNDA:0,DeployL1Nodl.run
DA:26,0
DA:28,0
DA:30,0
DA:32,0
FNF:2
FNH:0
LF:10
LH:0
BRF:0
BRH:0
end_of_record
TN:
SF:script/DeployL2Bridge.s.sol
DA:19,0
FN:19,DeployL2Bridge.setUp
FNDA:0,DeployL2Bridge.setUp
DA:20,0
DA:21,0
DA:23,0
DA:24,0
DA:27,0
FN:27,DeployL2Bridge.run
FNDA:0,DeployL2Bridge.run
DA:28,0
DA:30,0
DA:32,0
DA:33,0
DA:34,0
DA:36,0
DA:38,0
DA:39,0
FNF:2
FNH:0
LF:14
LH:0
BRF:0
BRH:0
end_of_record
TN:
SF:script/DeployL2Nodl.s.sol
DA:17,0
FN:17,DeployL2Nodl.setUp
FNDA:0,DeployL2Nodl.setUp
DA:18,0
DA:19,0
DA:21,0
DA:22,0
DA:25,0
FN:25,DeployL2Nodl.run
FNDA:0,DeployL2Nodl.run
DA:26,0
DA:28,0
DA:29,0
DA:30,0
DA:32,0
DA:34,0
FNF:2
FNH:0
LF:12
LH:0
BRF:0
BRH:0
end_of_record
TN:
SF:script/DeployMigrationNFT.s.sol
DA:18,0
FN:18,DeployMigrationNFT.setUp
FNDA:0,DeployMigrationNFT.setUp
DA:19,0
DA:20,0
DA:22,0
DA:23,0
DA:24,0
DA:25,0
DA:27,0
DA:28,0
DA:32,0
FN:32,DeployMigrationNFT.run
FNDA:0,DeployMigrationNFT.run
DA:33,0
DA:35,0
DA:37,0
DA:39,0
FNF:2
FNH:0
LF:14
LH:0
BRF:0
BRH:0
end_of_record
TN:
SF:script/DeployNodlMigration.sol
DA:14,0
FN:14,DeployNodlMigration.setUp
FNDA:0,DeployNodlMigration.setUp
DA:15,0
DA:16,0
DA:18,0
DA:19,0
DA:20,0
DA:23,0
FN:23,DeployNodlMigration.run
FNDA:0,DeployNodlMigration.run
DA:24,0
DA:26,0
DA:27,0
DA:29,0
DA:30,0
DA:32,0
DA:34,0
DA:36,0
DA:37,0
FNF:2
FNH:0
LF:16
LH:0
BRF:0
BRH:0
end_of_record
TN:
SF:script/DeployRewards.sol
DA:18,0
FN:18,DeployRewards.setUp
FNDA:0,DeployRewards.setUp
DA:19,0
DA:20,0
DA:21,0
DA:22,0
DA:23,0
DA:24,0
DA:27,0
FN:27,DeployRewards.run
FNDA:0,DeployRewards.run
DA:28,0
DA:29,0
BRDA:29,0,0,-
DA:30,0
DA:31,0
DA:32,0
DA:35,0
DA:36,0
DA:39,0
DA:40,0
DA:42,0
DA:44,0
FNF:2
FNH:0
LF:19
LH:0
BRF:1
BRH:0
end_of_record
TN:
SF:script/DeploySwarmUpgradeable.s.sol
DA:46,0
FN:46,DeploySwarmUpgradeableL1.run
FNDA:0,DeploySwarmUpgradeableL1.run
DA:48,0
DA:49,0
DA:50,0
DA:51,0
DA:52,0
DA:54,0
DA:55,0
DA:56,0
DA:57,0
DA:58,0
DA:59,0
DA:61,0
DA:64,0
DA:65,0
DA:66,0
DA:68,0
DA:69,0
DA:70,0
DA:71,0
DA:72,0
DA:75,0
DA:76,0
DA:77,0
DA:79,0
DA:80,0
DA:81,0
DA:82,0
DA:83,0
DA:86,0
DA:87,0
DA:88,0
DA:90,0
DA:93,0
DA:94,0
DA:96,0
DA:99,0
DA:100,0
DA:101,0
DA:102,0
DA:103,0
DA:104,0
DA:105,0
DA:106,0
DA:107,0
DA:108,0
FNF:1
FNH:0
LF:46
LH:0
BRF:0
BRH:0
end_of_record
TN:
SF:script/DeploySwarmUpgradeableZkSync.s.sol
DA:35,0
FN:35,DeploySwarmUpgradeableZkSync.run
FNDA:0,DeploySwarmUpgradeableZkSync.run
DA:37,0
DA:38,0
DA:39,0
DA:40,0
DA:41,0
DA:43,0
DA:44,0
DA:45,0
DA:46,0
DA:47,0
DA:49,0
DA:52,0
DA:53,0
DA:54,0
DA:56,0
DA:57,0
DA:58,0
DA:59,0
DA:60,0
DA:63,0
DA:64,0
DA:65,0
DA:67,0
DA:68,0
DA:69,0
DA:70,0
DA:71,0
DA:74,0
DA:75,0
DA:76,0
DA:78,0
DA:81,0
DA:82,0
DA:84,0
DA:87,0
DA:88,0
DA:89,0
DA:90,0
DA:91,0
DA:92,0
DA:93,0
DA:94,0
DA:95,0
DA:96,0
FNF:1
FNH:0
LF:45
LH:0
BRF:0
BRH:0
end_of_record
TN:
SF:script/RewardsSig.s.sol
DA:15,0
FN:15,RewardsSig.setUp
FNDA:0,RewardsSig.setUp
DA:16,0
DA:17,0
DA:18,0
DA:19,0
DA:22,0
FN:22,RewardsSig.run
FNDA:0,RewardsSig.run
DA:23,0
DA:25,0
DA:26,0
DA:27,0
DA:29,0
DA:31,0
DA:33,0
DA:34,0
DA:36,0
DA:37,0
DA:39,0
DA:40,0
DA:42,0
DA:43,0
FNF:2
FNH:0
LF:20
LH:0
BRF:0
BRH:0
end_of_record
TN:
SF:script/UpgradeSwarm.s.sol
DA:52,0
FN:52,UpgradeSwarm.run
FNDA:0,UpgradeSwarm.run
DA:53,0
DA:54,0
DA:55,0
DA:56,0
DA:58,0
DA:59,0
DA:60,0
DA:61,0
DA:62,0
DA:64,0
DA:66,0
DA:68,0
BRDA:68,0,0,-
BRDA:68,0,1,-
DA:69,0
DA:70,0
BRDA:70,1,0,-
BRDA:70,1,1,-
DA:71,0
DA:72,0
BRDA:72,2,0,-
BRDA:72,2,1,-
DA:73,0
DA:74,0
BRDA:74,3,0,-
BRDA:74,3,1,-
DA:75,0
DA:77,0
DA:80,0
DA:82,0
DA:83,0
DA:84,0
DA:85,0
DA:88,0
FN:88,UpgradeSwarm._upgradeServiceProvider
FNDA:0,UpgradeSwarm._upgradeServiceProvider
DA:89,0
DA:90,0
DA:91,0
DA:93,0
DA:95,0
BRDA:95,4,0,-
BRDA:95,4,1,-
DA:96,0
DA:97,0
DA:99,0
DA:100,0
DA:104,0
FN:104,UpgradeSwarm._upgradeFleetIdentity
FNDA:0,UpgradeSwarm._upgradeFleetIdentity
DA:105,0
DA:106,0
DA:107,0
DA:109,0
DA:111,0
BRDA:111,5,0,-
BRDA:111,5,1,-
DA:112,0
DA:113,0
DA:115,0
DA:116,0
DA:120,0
FN:120,UpgradeSwarm._upgradeSwarmRegistryUniversal
FNDA:0,UpgradeSwarm._upgradeSwarmRegistryUniversal
DA:121,0
DA:122,0
DA:123,0
DA:125,0
DA:127,0
BRDA:127,6,0,-
BRDA:127,6,1,-
DA:128,0
DA:129,0
DA:131,0
DA:132,0
DA:136,0
FN:136,UpgradeSwarm._upgradeSwarmRegistryL1
FNDA:0,UpgradeSwarm._upgradeSwarmRegistryL1
DA:137,0
DA:138,0
DA:139,0
DA:141,0
DA:143,0
BRDA:143,7,0,-
BRDA:143,7,1,-
DA:144,0
DA:145,0
DA:147,0
DA:148,0
FNF:5
FNH:0
LF:66
LH:0
BRF:16
BRH:0
end_of_record
TN:
SF:src/Grants.sol
DA:56,0
FN:56,Grants.constructor
FNDA:0,Grants.constructor
DA:57,0
BRDA:57,0,0,-
DA:58,0
DA:61,0
DA:62,0
DA:63,0
DA:75,0
FN:75,Grants.addVestingSchedule
FNDA:0,Grants.addVestingSchedule
DA:83,0
DA:85,0
DA:87,0
DA:88,0
BRDA:88,1,0,-
DA:89,0
DA:90,0
DA:92,0
DA:94,0
DA:96,0
DA:106,0
FN:106,Grants.validateVestingSchedule
FNDA:0,Grants.validateVestingSchedule
DA:110,0
DA:111,0
DA:112,0
DA:113,0
DA:114,0
DA:123,0
FN:123,Grants.claim
FNDA:0,Grants.claim
DA:124,0
DA:125,0
DA:127,0
DA:129,0
DA:130,0
DA:131,0
DA:132,0
DA:133,0
DA:134,0
BRDA:134,2,0,-
DA:135,0
DA:136,0
DA:137,0
DA:138,0
DA:139,0
DA:140,0
DA:141,0
DA:142,0
BRDA:142,3,0,-
DA:143,0
DA:144,0
DA:145,0
DA:148,0
DA:152,0
BRDA:152,4,0,-
BRDA:152,4,1,-
DA:153,0
DA:154,0
DA:156,0
DA:167,0
FN:167,Grants.renounce
FNDA:0,Grants.renounce
DA:168,0
DA:170,0
DA:171,0
DA:172,0
DA:173,0
DA:174,0
BRDA:174,5,0,-
DA:175,0
DA:176,0
DA:181,0
BRDA:181,6,0,-
BRDA:181,6,1,-
DA:182,0
DA:184,0
DA:195,0
FN:195,Grants.cancelVestingSchedules
FNDA:0,Grants.cancelVestingSchedules
DA:196,0
DA:197,0
DA:198,0
DA:200,0
DA:201,0
DA:202,0
DA:203,0
DA:204,0
DA:205,0
DA:206,0
BRDA:206,7,0,-
DA:207,0
DA:208,0
DA:209,0
DA:210,0
DA:211,0
DA:212,0
DA:213,0
DA:214,0
DA:215,0
DA:216,0
DA:217,0
DA:219,0
DA:223,0
BRDA:223,8,0,-
DA:224,0
DA:227,0
BRDA:227,9,0,-
DA:228,0
DA:231,0
BRDA:231,10,0,-
DA:232,0
DA:235,0
DA:243,0
FN:243,Grants.getGrantsCount
FNDA:0,Grants.getGrantsCount
DA:244,0
DA:245,0
DA:246,0
DA:248,0
DA:253,0
FN:253,Grants._mustBeNonZero
FNDA:0,Grants._mustBeNonZero
DA:254,0
BRDA:254,11,0,-
DA:255,0
DA:259,0
FN:259,Grants._mustBeNonZeroAddress
FNDA:0,Grants._mustBeNonZeroAddress
DA:260,0
BRDA:260,12,0,-
DA:261,0
DA:265,0
FN:265,Grants._mustNotBeSelf
FNDA:0,Grants._mustNotBeSelf
DA:266,0
BRDA:266,13,0,-
DA:267,0
DA:271,0
FN:271,Grants._mustBeEqualOrExceedMinAmount
FNDA:0,Grants._mustBeEqualOrExceedMinAmount
DA:272,0
BRDA:272,14,0,-
DA:273,0
DA:277,0
FN:277,Grants._sanitizePageRange
FNDA:0,Grants._sanitizePageRange
DA:278,0
DA:279,0
BRDA:279,15,0,-
DA:280,0
DA:282,0
BRDA:282,16,0,-
DA:283,0
DA:285,0
FNF:12
FNH:0
LF:114
LH:0
BRF:19
BRH:0
end_of_record
TN:
SF:src/L1Nodl.sol
DA:18,0
FN:18,L1Nodl.constructor
FNDA:0,L1Nodl.constructor
DA:19,0
BRDA:19,0,0,-
DA:20,0
DA:22,0
DA:23,0
DA:26,0
FN:26,L1Nodl.mint
FNDA:0,L1Nodl.mint
DA:27,0
DA:30,0
FN:30,L1Nodl.clock
FNDA:0,L1Nodl.clock
DA:31,0
DA:35,0
FN:35,L1Nodl.CLOCK_MODE
FNDA:0,L1Nodl.CLOCK_MODE
DA:36,0
DA:39,0
FN:39,L1Nodl.nonces
FNDA:0,L1Nodl.nonces
DA:40,0
DA:43,0
FN:43,L1Nodl._update
FNDA:0,L1Nodl._update
DA:44,0
FNF:6
FNH:0
LF:15
LH:0
BRF:1
BRH:0
end_of_record
TN:
SF:src/NODL.sol
DA:12,0
FN:12,NODL.constructor
FNDA:0,NODL.constructor
DA:13,0
DA:14,0
DA:17,0
FN:17,NODL.mint
FNDA:0,NODL.mint
DA:18,0
DA:20,0
FNF:2
FNH:0
LF:6
LH:0
BRF:0
BRH:0
end_of_record
TN:
SF:src/Payment.sol
DA:40,0
FN:40,Payment.constructor
FNDA:0,Payment.constructor
DA:43,0
DA:44,0
DA:58,0
FN:58,Payment.pay
FNDA:0,Payment.pay
DA:59,0
DA:60,0
DA:62,0
BRDA:62,0,0,-
DA:63,0
DA:66,0
DA:67,0
DA:69,0
DA:70,0
DA:83,0
FN:83,Payment.withdraw
FNDA:0,Payment.withdraw
DA:84,0
FNF:3
FNH:0
LF:14
LH:0
BRF:1
BRH:0
end_of_record
TN:
SF:src/QuotaControl.sol
DA:84,0
FN:84,QuotaControl.constructor
FNDA:0,QuotaControl.constructor
DA:85,0
DA:86,0
DA:88,0
DA:89,0
DA:90,0
DA:97,0
FN:97,QuotaControl.setQuota
FNDA:0,QuotaControl.setQuota
DA:98,0
DA:99,0
DA:109,0
FN:109,QuotaControl.setPeriod
FNDA:0,QuotaControl.setPeriod
DA:110,0
DA:111,0
DA:112,0
DA:121,0
FN:121,QuotaControl._checkedResetClaimed
FNDA:0,QuotaControl._checkedResetClaimed
DA:122,0
BRDA:122,0,0,-
DA:123,0
DA:126,0
DA:127,0
DA:140,0
FN:140,QuotaControl._checkedUpdateClaimed
FNDA:0,QuotaControl._checkedUpdateClaimed
DA:141,0
DA:142,0
BRDA:142,1,0,-
DA:143,0
DA:145,0
DA:156,0
FN:156,QuotaControl._mustBeWithinPeriodRange
FNDA:0,QuotaControl._mustBeWithinPeriodRange
DA:157,0
BRDA:157,2,0,-
DA:158,0
DA:160,0
BRDA:160,3,0,-
DA:161,0
FNF:6
FNH:0
LF:28
LH:0
BRF:4
BRH:0
end_of_record
TN:
SF:src/Rewards.sol
DA:137,0
FN:137,Rewards.constructor
FNDA:0,Rewards.constructor
DA:145,0
DA:147,0
DA:148,0
DA:149,0
DA:157,0
FN:157,Rewards.mintReward
FNDA:0,Rewards.mintReward
DA:158,0
DA:159,0
DA:161,0
DA:162,0
DA:165,0
DA:166,0
DA:168,0
DA:176,0
FN:176,Rewards.mintBatchReward
FNDA:0,Rewards.mintBatchReward
DA:177,0
DA:178,0
DA:180,0
DA:182,0
DA:184,0
DA:186,0
DA:187,0
DA:189,0
DA:192,0
DA:194,0
DA:196,0
DA:197,0
DA:199,0
DA:201,0
DA:208,0
FN:208,Rewards.setBatchSubmitterRewardBasisPoints
FNDA:0,Rewards.setBatchSubmitterRewardBasisPoints
DA:209,0
DA:210,0
DA:211,0
DA:213,0
DA:220,0
FN:220,Rewards._mustBeLessThanBasisPointsDivisor
FNDA:0,Rewards._mustBeLessThanBasisPointsDivisor
DA:221,0
BRDA:221,0,0,-
DA:222,0
DA:231,0
FN:231,Rewards._mustBeExpectedSequence
FNDA:0,Rewards._mustBeExpectedSequence
DA:232,0
BRDA:232,1,0,-
DA:233,0
DA:241,0
FN:241,Rewards._mustBeExpectedBatchSequence
FNDA:0,Rewards._mustBeExpectedBatchSequence
DA:242,0
BRDA:242,2,0,-
DA:243,0
DA:251,0
FN:251,Rewards._mustBeValidBatchStructure
FNDA:0,Rewards._mustBeValidBatchStructure
DA:252,0
BRDA:252,3,0,-
DA:253,0
DA:263,0
FN:263,Rewards._mustBeFromAuthorizedOracle
FNDA:0,Rewards._mustBeFromAuthorizedOracle
DA:264,0
BRDA:264,4,0,-
DA:265,0
DA:274,0
FN:274,Rewards._batchSum
FNDA:0,Rewards._batchSum
DA:275,0
DA:276,0
DA:277,0
DA:279,0
DA:287,0
FN:287,Rewards.digestReward
FNDA:0,Rewards.digestReward
DA:288,0
DA:289,0
DA:297,0
FN:297,Rewards.digestBatchReward
FNDA:0,Rewards.digestBatchReward
DA:298,0
DA:299,0
DA:300,0
DA:301,0
DA:308,0
FN:308,Rewards.latestBatchDetails
FNDA:0,Rewards.latestBatchDetails
DA:309,0
FNF:13
FNH:0
LF:63
LH:0
BRF:5
BRH:0
end_of_record
TN:
SF:src/bridge/BridgeBase.sol
DA:70,0
FN:70,BridgeBase.constructor
FNDA:0,BridgeBase.constructor
DA:71,0
DA:72,0
DA:73,0
DA:75,0
DA:76,0
DA:79,0
DA:80,0
DA:81,0
DA:90,0
FN:90,BridgeBase._createVote
FNDA:0,BridgeBase._createVote
DA:91,0
DA:93,0
DA:99,0
FN:99,BridgeBase._recordVote
FNDA:0,BridgeBase._recordVote
DA:100,0
DA:102,0
DA:104,0
DA:108,0
FN:108,BridgeBase._processVote
FNDA:0,BridgeBase._processVote
DA:109,0
DA:110,0
DA:111,0
DA:116,0
FN:116,BridgeBase._execute
FNDA:0,BridgeBase._execute
DA:117,0
DA:118,0
DA:119,0
DA:121,0
DA:164,0
FN:164,BridgeBase._mustNotHaveExecutedYet
FNDA:0,BridgeBase._mustNotHaveExecutedYet
DA:165,0
BRDA:165,0,0,-
DA:166,0
DA:170,0
FN:170,BridgeBase._mustBePastSafetyDelay
FNDA:0,BridgeBase._mustBePastSafetyDelay
DA:171,0
BRDA:171,1,0,-
DA:172,0
DA:176,0
FN:176,BridgeBase._mustHaveEnoughVotes
FNDA:0,BridgeBase._mustHaveEnoughVotes
DA:177,0
BRDA:177,2,0,-
DA:178,0
DA:182,0
FN:182,BridgeBase._mustHaveEnoughOracles
FNDA:0,BridgeBase._mustHaveEnoughOracles
DA:183,0
BRDA:183,3,0,-
DA:184,0
DA:188,0
FN:188,BridgeBase._mustBeAnOracle
FNDA:0,BridgeBase._mustBeAnOracle
DA:189,0
BRDA:189,4,0,-
DA:190,0
DA:194,0
FN:194,BridgeBase._mustNotExceedMaxOracles
FNDA:0,BridgeBase._mustNotExceedMaxOracles
DA:195,0
BRDA:195,5,0,-
DA:196,0
DA:200,0
FN:200,BridgeBase._mustNotBeZeroMinVotes
FNDA:0,BridgeBase._mustNotBeZeroMinVotes
DA:201,0
BRDA:201,6,0,-
DA:202,0
DA:206,0
FN:206,BridgeBase._mustNotHaveVotedYet
FNDA:0,BridgeBase._mustNotHaveVotedYet
DA:207,0
BRDA:207,7,0,-
DA:208,0
FNF:13
FNH:0
LF:49
LH:0
BRF:8
BRH:0
end_of_record
TN:
SF:src/bridge/GrantsMigration.sol
DA:57,0
FN:57,GrantsMigration.constructor
FNDA:0,GrantsMigration.constructor
DA:60,0
DA:70,0
FN:70,GrantsMigration.bridge
FNDA:0,GrantsMigration.bridge
DA:73,0
DA:74,0
DA:76,0
BRDA:76,0,0,-
BRDA:76,0,1,-
DA:77,0
DA:78,0
DA:80,0
DA:88,0
FN:88,GrantsMigration.grant
FNDA:0,GrantsMigration.grant
DA:89,0
DA:90,0
DA:91,0
DA:92,0
DA:93,0
DA:94,0
DA:103,0
DA:108,0
FN:108,GrantsMigration._mustNotBeChangingParameters
FNDA:0,GrantsMigration._mustNotBeChangingParameters
DA:114,0
DA:116,0
BRDA:116,1,0,-
DA:117,0
DA:120,0
DA:121,0
BRDA:121,2,0,-
DA:122,0
DA:125,0
DA:127,0
DA:128,0
DA:129,0
DA:130,0
DA:131,0
DA:132,0
BRDA:132,3,0,-
DA:133,0
DA:138,0
FN:138,GrantsMigration._createProposal
FNDA:0,GrantsMigration._createProposal
DA:145,0
BRDA:145,4,0,-
DA:146,0
DA:148,0
BRDA:148,5,0,-
DA:149,0
DA:151,0
DA:152,0
DA:153,0
DA:156,0
DA:158,0
BRDA:158,6,0,-
DA:159,0
DA:161,0
DA:162,0
DA:165,0
FN:165,GrantsMigration._proposalExists
FNDA:0,GrantsMigration._proposalExists
DA:166,0
DA:169,0
FN:169,GrantsMigration._flagAsExecuted
FNDA:0,GrantsMigration._flagAsExecuted
DA:170,0
DA:173,0
FN:173,GrantsMigration._incTotalVotes
FNDA:0,GrantsMigration._incTotalVotes
DA:174,0
DA:177,0
FN:177,GrantsMigration._updateLastVote
FNDA:0,GrantsMigration._updateLastVote
DA:178,0
DA:181,0
FN:181,GrantsMigration._totalVotes
FNDA:0,GrantsMigration._totalVotes
DA:182,0
DA:185,0
FN:185,GrantsMigration._lastVote
FNDA:0,GrantsMigration._lastVote
DA:186,0
DA:189,0
FN:189,GrantsMigration._executed
FNDA:0,GrantsMigration._executed
DA:190,0
FNF:12
FNH:0
LF:59
LH:0
BRF:8
BRH:0
end_of_record
TN:
SF:src/bridge/L1Bridge.sol
DA:80,0
FN:80,L1Bridge.constructor
FNDA:0,L1Bridge.constructor
DA:81,0
BRDA:81,0,0,-
DA:82,0
DA:84,0
DA:85,0
DA:86,0
DA:94,0
FN:94,L1Bridge.pause
FNDA:0,L1Bridge.pause
DA:95,0
DA:99,0
FN:99,L1Bridge.unpause
FNDA:0,L1Bridge.unpause
DA:100,0
DA:115,0
FN:115,L1Bridge.quoteL2BaseCost
FNDA:0,L1Bridge.quoteL2BaseCost
DA:120,0
DA:130,0
FN:130,L1Bridge.quoteL2BaseCostAtGasPrice
FNDA:0,L1Bridge.quoteL2BaseCostAtGasPrice
DA:135,0
DA:152,0
FN:152,L1Bridge.deposit.0
FNDA:0,L1Bridge.deposit.0
DA:159,0
BRDA:159,1,0,-
DA:160,0
DA:162,0
BRDA:162,2,0,-
DA:163,0
DA:166,0
DA:168,0
DA:169,0
DA:171,0
DA:175,0
DA:177,0
DA:183,0
FN:183,L1Bridge.deposit.1
FNDA:0,L1Bridge.deposit.1
DA:189,0
DA:202,0
FN:202,L1Bridge.claimFailedDeposit
FNDA:0,L1Bridge.claimFailedDeposit
DA:210,0
DA:211,0
BRDA:211,3,0,-
DA:212,0
DA:214,0
DA:217,0
BRDA:217,4,0,-
DA:218,0
DA:221,0
DA:222,0
DA:234,0
FN:234,L1Bridge.finalizeWithdrawal
FNDA:0,L1Bridge.finalizeWithdrawal
DA:241,0
BRDA:241,5,0,-
DA:242,0
DA:245,0
DA:246,0
DA:249,0
DA:255,0
BRDA:255,6,0,-
DA:256,0
DA:259,0
DA:261,0
DA:262,0
DA:276,0
FN:276,L1Bridge._parseL2WithdrawalMessage
FNDA:0,L1Bridge._parseL2WithdrawalMessage
DA:282,0
BRDA:282,7,0,-
DA:283,0
DA:287,0
DA:288,0
BRDA:288,8,0,-
DA:289,0
DA:291,0
DA:292,0
FNF:10
FNH:0
LF:55
LH:0
BRF:9
BRH:0
end_of_record
TN:
SF:src/bridge/L2Bridge.sol
DA:49,0
FN:49,L2Bridge.onlyL1Bridge
FNDA:0,L2Bridge.onlyL1Bridge
DA:50,0
BRDA:50,0,0,-
DA:51,0
DA:65,0
FN:65,L2Bridge.constructor
FNDA:0,L2Bridge.constructor
DA:66,0
BRDA:66,1,0,-
DA:67,0
DA:69,0
DA:70,0
DA:78,0
FN:78,L2Bridge.pause
FNDA:0,L2Bridge.pause
DA:79,0
DA:83,0
FN:83,L2Bridge.unpause
FNDA:0,L2Bridge.unpause
DA:84,0
DA:90,0
FN:90,L2Bridge.initialize
FNDA:0,L2Bridge.initialize
DA:91,0
BRDA:91,2,0,-
DA:92,0
DA:94,0
BRDA:94,3,0,-
DA:95,0
DA:97,0
DA:103,0
FN:103,L2Bridge.finalizeDeposit
FNDA:0,L2Bridge.finalizeDeposit
DA:109,0
BRDA:109,4,0,-
DA:110,0
DA:112,0
BRDA:112,5,0,-
DA:113,0
DA:116,0
DA:118,0
DA:124,0
FN:124,L2Bridge.withdraw
FNDA:0,L2Bridge.withdraw
DA:125,0
BRDA:125,6,0,-
DA:126,0
DA:128,0
BRDA:128,7,0,-
DA:129,0
DA:132,0
DA:135,0
DA:136,0
DA:138,0
FNF:7
FNH:0
LF:34
LH:0
BRF:8
BRH:0
end_of_record
TN:
SF:src/bridge/MigrationNFT.sol
DA:69,0
FN:69,MigrationNFT.constructor
FNDA:0,MigrationNFT.constructor
DA:75,0
BRDA:75,0,0,-
DA:76,0
DA:78,0
BRDA:78,1,0,-
DA:79,0
DA:81,0
BRDA:81,2,0,-
DA:82,0
DA:85,0
DA:86,0
BRDA:86,3,0,-
DA:87,0
DA:91,0
DA:92,0
DA:93,0
DA:94,0
DA:101,0
FN:101,MigrationNFT.tokenURI
FNDA:0,MigrationNFT.tokenURI
DA:102,0
DA:104,0
DA:105,0
DA:112,0
FN:112,MigrationNFT.safeMint
FNDA:0,MigrationNFT.safeMint
DA:113,0
DA:115,0
DA:117,0
DA:118,0
DA:119,0
DA:121,0
DA:123,0
DA:124,0
BRDA:124,4,0,-
DA:125,0
DA:128,0
DA:129,0
DA:130,0
DA:131,0
DA:132,0
DA:136,0
FN:136,MigrationNFT._computeLevelUps
FNDA:0,MigrationNFT._computeLevelUps
DA:141,0
DA:142,0
DA:147,0
DA:148,0
DA:149,0
BRDA:149,5,0,-
DA:150,0
DA:151,0
DA:155,0
BRDA:155,6,0,-
DA:156,0
DA:160,0
FN:160,MigrationNFT._mustNotHaveBeenClaimed
FNDA:0,MigrationNFT._mustNotHaveBeenClaimed
DA:161,0
BRDA:161,7,0,-
DA:162,0
DA:166,0
FN:166,MigrationNFT._mustBeAnExistingProposal
FNDA:0,MigrationNFT._mustBeAnExistingProposal
DA:168,0
BRDA:168,8,0,-
DA:169,0
DA:173,0
FN:173,MigrationNFT._mustBeExecuted
FNDA:0,MigrationNFT._mustBeExecuted
DA:174,0
BRDA:174,9,0,-
DA:175,0
DA:179,0
FN:179,MigrationNFT._mustAlreadyBeHolderOrEnoughHoldersRemaining
FNDA:0,MigrationNFT._mustAlreadyBeHolderOrEnoughHoldersRemaining
DA:180,0
DA:181,0
BRDA:181,10,0,-
DA:182,0
DA:186,0
FN:186,MigrationNFT._update
FNDA:0,MigrationNFT._update
DA:187,0
DA:188,0
BRDA:188,11,0,-
DA:190,0
DA:193,0
FNF:9
FNH:0
LF:61
LH:0
BRF:12
BRH:0
end_of_record
TN:
SF:src/bridge/NODLMigration.sol
DA:35,0
FN:35,NODLMigration.bridge
FNDA:0,NODLMigration.bridge
DA:36,0
DA:37,0
DA:39,0
BRDA:39,0,0,-
BRDA:39,0,1,-
DA:40,0
DA:41,0
DA:43,0
DA:50,0
FN:50,NODLMigration.withdraw
FNDA:0,NODLMigration.withdraw
DA:51,0
DA:52,0
DA:55,0
FN:55,NODLMigration._mustNotBeChangingParameters
FNDA:0,NODLMigration._mustNotBeChangingParameters
DA:56,0
BRDA:56,1,0,-
DA:57,0
DA:61,0
FN:61,NODLMigration._proposalExists
FNDA:0,NODLMigration._proposalExists
DA:62,0
DA:65,0
FN:65,NODLMigration._createVote
FNDA:0,NODLMigration._createVote
DA:66,0
DA:67,0
DA:68,0
DA:71,0
FN:71,NODLMigration._withdraw
FNDA:0,NODLMigration._withdraw
DA:72,0
DA:73,0
DA:76,0
FN:76,NODLMigration._flagAsExecuted
FNDA:0,NODLMigration._flagAsExecuted
DA:77,0
DA:80,0
FN:80,NODLMigration._incTotalVotes
FNDA:0,NODLMigration._incTotalVotes
DA:81,0
DA:84,0
FN:84,NODLMigration._updateLastVote
FNDA:0,NODLMigration._updateLastVote
DA:85,0
DA:88,0
FN:88,NODLMigration._totalVotes
FNDA:0,NODLMigration._totalVotes
DA:89,0
DA:92,0
FN:92,NODLMigration._lastVote
FNDA:0,NODLMigration._lastVote
DA:93,0
DA:96,0
FN:96,NODLMigration._executed
FNDA:0,NODLMigration._executed
DA:97,0
FNF:12
FNH:0
LF:34
LH:0
BRF:3
BRH:0
end_of_record
TN:
SF:src/contentsign/BaseContentSign.sol
DA:17,0
FN:17,BaseContentSign.safeMint
FNDA:0,BaseContentSign.safeMint
DA:18,0
DA:20,0
DA:21,0
DA:22,0
DA:25,0
FN:25,BaseContentSign.tokenURI
FNDA:0,BaseContentSign.tokenURI
DA:26,0
DA:29,0
FN:29,BaseContentSign.supportsInterface
FNDA:0,BaseContentSign.supportsInterface
DA:36,0
DA:39,0
FN:39,BaseContentSign._mustBeWhitelisted
FNDA:0,BaseContentSign._mustBeWhitelisted
DA:40,0
BRDA:40,0,0,-
DA:41,0
FNF:4
FNH:0
LF:12
LH:0
BRF:1
BRH:0
end_of_record
TN:
SF:src/contentsign/ClickBounty.sol
DA:158,0
FN:158,ClickBounty.constructor
FNDA:0,ClickBounty.constructor
DA:159,0
DA:160,0
DA:162,0
DA:163,0
DA:164,0
DA:181,0
FN:181,ClickBounty.payEntryFee
FNDA:0,ClickBounty.payEntryFee
DA:182,0
DA:184,0
BRDA:184,0,0,-
DA:185,0
DA:188,0
DA:189,0
BRDA:189,1,0,-
DA:190,0
DA:193,0
DA:194,0
DA:209,0
FN:209,ClickBounty.setEntryFee
FNDA:0,ClickBounty.setEntryFee
DA:210,0
DA:211,0
DA:212,0
DA:224,0
FN:224,ClickBounty.withdraw
FNDA:0,ClickBounty.withdraw
DA:225,0
DA:226,0
DA:254,0
FN:254,ClickBounty.awardBounty
FNDA:0,ClickBounty.awardBounty
DA:255,0
DA:257,0
BRDA:257,2,0,-
DA:258,0
DA:260,0
DA:262,0
BRDA:262,3,0,-
DA:263,0
DA:265,0
BRDA:265,4,0,-
DA:266,0
DA:269,0
DA:272,0
DA:275,0
DA:277,0
DA:280,0
DA:294,0
FN:294,ClickBounty.getLeaderboard
FNDA:0,ClickBounty.getLeaderboard
DA:295,0
DA:296,0
DA:297,0
DA:298,0
DA:317,0
FN:317,ClickBounty._updateLeaderboard
FNDA:0,ClickBounty._updateLeaderboard
DA:319,0
BRDA:319,5,0,-
DA:320,0
DA:321,0
DA:322,0
DA:326,0
DA:327,0
DA:328,0
DA:329,0
DA:330,0
BRDA:330,6,0,-
DA:331,0
DA:332,0
DA:337,0
BRDA:337,7,0,-
DA:338,0
DA:339,0
FNF:7
FNH:0
LF:56
LH:0
BRF:8
BRH:0
end_of_record
TN:
SF:src/contentsign/ClickContentSign.sol
DA:12,0
FN:12,ClickContentSign.constructor
FNDA:0,ClickContentSign.constructor
DA:13,0
DA:16,0
FN:16,ClickContentSign._userIsWhitelisted
FNDA:0,ClickContentSign._userIsWhitelisted
DA:17,0
FNF:2
FNH:0
LF:4
LH:0
BRF:0
BRH:0
end_of_record
TN:
SF:src/contentsign/EnterpriseContentSign.sol
DA:13,0
FN:13,EnterpriseContentSign.constructor
FNDA:0,EnterpriseContentSign.constructor
DA:14,0
DA:17,0
FN:17,EnterpriseContentSign.supportsInterface
FNDA:0,EnterpriseContentSign.supportsInterface
DA:23,0
DA:26,0
FN:26,EnterpriseContentSign._userIsWhitelisted
FNDA:0,EnterpriseContentSign._userIsWhitelisted
DA:27,0
FNF:3
FNH:0
LF:6
LH:0
BRF:0
BRH:0
end_of_record
TN:
SF:src/contentsign/PaymentMiddleware.sol
DA:21,0
FN:21,PaymentMiddleware.constructor
FNDA:0,PaymentMiddleware.constructor
DA:24,0
DA:25,0
DA:26,0
DA:27,0
DA:30,0
FN:30,PaymentMiddleware.safeMint
FNDA:0,PaymentMiddleware.safeMint
DA:32,0
BRDA:32,0,0,-
DA:33,0
DA:37,0
DA:40,0
DA:43,0
FN:43,PaymentMiddleware.withdraw
FNDA:0,PaymentMiddleware.withdraw
DA:44,0
DA:46,0
DA:47,0
DA:50,0
FN:50,PaymentMiddleware.setFeeAmount
FNDA:0,PaymentMiddleware.setFeeAmount
DA:51,0
DA:53,0
DA:56,0
FN:56,PaymentMiddleware.setTarget
FNDA:0,PaymentMiddleware.setTarget
DA:57,0
DA:59,0
DA:62,0
FN:62,PaymentMiddleware.setWhitelist
FNDA:0,PaymentMiddleware.setWhitelist
DA:63,0
DA:65,0
DA:68,0
FN:68,PaymentMiddleware.setFeeToken
FNDA:0,PaymentMiddleware.setFeeToken
DA:69,0
DA:71,0
FNF:7
FNH:0
LF:26
LH:0
BRF:1
BRH:0
end_of_record
TN:
SF:src/nameservice/ClickNameService.sol
DA:62,0
FN:62,ClickNameService.constructor
FNDA:0,ClickNameService.constructor
DA:63,0
DA:64,0
DA:68,0
FN:68,ClickNameService.resolve
FNDA:0,ClickNameService.resolve
DA:69,0
DA:70,0
DA:71,0
BRDA:71,0,0,-
DA:72,0
DA:74,0
DA:80,0
FN:80,ClickNameService.batchRegister
FNDA:0,ClickNameService.batchRegister
DA:81,0
BRDA:81,1,0,-
DA:82,0
DA:85,0
DA:86,0
DA:94,0
FN:94,ClickNameService.setDefaultExpiry
FNDA:0,ClickNameService.setDefaultExpiry
DA:95,0
DA:99,0
FN:99,ClickNameService.register
FNDA:0,ClickNameService.register
DA:100,0
DA:104,0
FN:104,ClickNameService.registerWithExpiry
FNDA:0,ClickNameService.registerWithExpiry
DA:105,0
BRDA:105,2,0,-
DA:106,0
DA:109,0
DA:110,0
DA:111,0
DA:112,0
DA:115,0
FN:115,ClickNameService._register
FNDA:0,ClickNameService._register
DA:116,0
BRDA:116,3,0,-
DA:117,0
DA:119,0
BRDA:119,4,0,-
DA:120,0
DA:123,0
DA:124,0
DA:125,0
BRDA:125,5,0,-
BRDA:125,5,1,-
DA:126,0
DA:128,0
BRDA:128,6,0,-
DA:129,0
DA:131,0
DA:134,0
DA:140,0
FN:140,ClickNameService.supportsInterface
FNDA:0,ClickNameService.supportsInterface
DA:141,0
DA:142,0
DA:149,0
FN:149,ClickNameService.burn
FNDA:0,ClickNameService.burn
DA:151,0
DA:158,0
FN:158,ClickNameService.removeExpired
FNDA:0,ClickNameService.removeExpired
DA:159,0
DA:160,0
BRDA:160,7,0,-
DA:161,0
DA:164,0
DA:171,0
FN:171,ClickNameService.extendExpiry
FNDA:0,ClickNameService.extendExpiry
DA:172,0
BRDA:172,8,0,-
DA:173,0
DA:175,0
BRDA:175,9,0,-
DA:176,0
DA:179,0
BRDA:179,10,0,-
BRDA:179,10,1,-
DA:180,0
DA:182,0
DA:187,0
FN:187,ClickNameService._isAlphanumeric
FNDA:0,ClickNameService._isAlphanumeric
DA:188,0
DA:189,0
DA:190,0
DA:191,0
BRDA:191,11,0,-
DA:193,0
DA:197,0
FN:197,ClickNameService._isAuthorized
FNDA:0,ClickNameService._isAuthorized
DA:198,0
FNF:13
FNH:0
LF:64
LH:0
BRF:14
BRH:0
end_of_record
TN:
SF:src/nameservice/NameService.sol
DA:75,0
FN:75,NameService.constructor
FNDA:0,NameService.constructor
DA:78,0
DA:79,0
DA:83,0
FN:83,NameService.resolve
FNDA:0,NameService.resolve
DA:84,0
DA:85,0
DA:86,0
BRDA:86,0,0,-
DA:87,0
DA:89,0
DA:95,0
FN:95,NameService.batchRegister
FNDA:0,NameService.batchRegister
DA:96,0
BRDA:96,1,0,-
DA:97,0
DA:100,0
DA:101,0
DA:109,0
FN:109,NameService.setDefaultExpiry
FNDA:0,NameService.setDefaultExpiry
DA:110,0
DA:114,0
FN:114,NameService.register
FNDA:0,NameService.register
DA:115,0
DA:119,0
FN:119,NameService.registerWithExpiry
FNDA:0,NameService.registerWithExpiry
DA:120,0
BRDA:120,2,0,-
DA:121,0
DA:124,0
DA:125,0
DA:126,0
DA:127,0
DA:130,0
FN:130,NameService._register
FNDA:0,NameService._register
DA:131,0
BRDA:131,3,0,-
DA:132,0
DA:134,0
BRDA:134,4,0,-
DA:135,0
DA:138,0
DA:139,0
DA:140,0
BRDA:140,5,0,-
BRDA:140,5,1,-
DA:141,0
DA:143,0
BRDA:143,6,0,-
DA:144,0
DA:146,0
DA:149,0
DA:155,0
FN:155,NameService.supportsInterface
FNDA:0,NameService.supportsInterface
DA:156,0
DA:157,0
DA:164,0
FN:164,NameService.burn
FNDA:0,NameService.burn
DA:167,0
DA:168,0
DA:173,0
DA:174,0
DA:181,0
FN:181,NameService.removeExpired
FNDA:0,NameService.removeExpired
DA:182,0
DA:183,0
BRDA:183,7,0,-
DA:184,0
DA:187,0
DA:194,0
FN:194,NameService.extendExpiry
FNDA:0,NameService.extendExpiry
DA:195,0
BRDA:195,8,0,-
DA:196,0
DA:198,0
BRDA:198,9,0,-
DA:199,0
DA:202,0
BRDA:202,10,0,-
BRDA:202,10,1,-
DA:203,0
DA:205,0
DA:210,0
FN:210,NameService._isAlphanumeric
FNDA:0,NameService._isAlphanumeric
DA:211,0
DA:212,0
DA:213,0
DA:214,0
BRDA:214,11,0,-
DA:216,0
DA:220,0
FN:220,NameService._isAuthorized
FNDA:0,NameService._isAuthorized
DA:221,0
DA:228,0
FN:228,NameService.setTextRecord
FNDA:0,NameService.setTextRecord
DA:229,0
DA:231,0
DA:232,0
DA:233,0
DA:235,0
BRDA:235,12,0,-
DA:236,0
DA:238,0
BRDA:238,13,0,-
DA:239,0
DA:241,0
DA:242,0
DA:249,0
FN:249,NameService.getTextRecord
FNDA:0,NameService.getTextRecord
DA:250,0
DA:251,0
BRDA:251,14,0,-
DA:252,0
DA:254,0
FNF:15
FNH:0
LF:83
LH:0
BRF:17
BRH:0
end_of_record
TN:
SF:src/nameservice/PaymasterTest.sol
DA:23,0
FN:23,PaymasterTest.register
FNDA:0,PaymasterTest.register
DA:24,0
BRDA:24,0,0,-
DA:25,0
DA:27,0
BRDA:27,1,0,-
DA:28,0
DA:31,0
DA:32,0
DA:33,0
BRDA:33,2,0,-
BRDA:33,2,1,-
DA:34,0
DA:36,0
DA:39,0
DA:43,0
FN:43,PaymasterTest._isAlphanumeric
FNDA:0,PaymasterTest._isAlphanumeric
DA:44,0
DA:45,0
DA:46,0
DA:47,0
BRDA:47,3,0,-
DA:49,0
FNF:2
FNH:0
LF:17
LH:0
BRF:5
BRH:0
end_of_record
TN:
SF:src/nameservice/UniversalResolver.sol
DA:53,0
FN:53,UniversalResolver.constructor
FNDA:0,UniversalResolver.constructor
DA:56,0
DA:57,0
DA:58,0
DA:59,0
DA:62,0
DA:63,0
DA:66,0
FN:66,UniversalResolver.setUrl
FNDA:0,UniversalResolver.setUrl
DA:67,0
DA:81,0
FN:81,UniversalResolver._parseDnsDomain
FNDA:0,UniversalResolver._parseDnsDomain
DA:86,0
DA:88,0
DA:89,0
DA:93,0
BRDA:93,0,0,-
DA:95,0
DA:96,0
DA:100,0
BRDA:100,1,0,-
DA:102,0
DA:103,0
DA:105,0
DA:110,0
FN:110,UniversalResolver.getStorageKey
FNDA:0,UniversalResolver.getStorageKey
DA:111,0
DA:112,0
DA:119,0
FN:119,UniversalResolver.getTextRecordStorageKey
FNDA:0,UniversalResolver.getTextRecordStorageKey
DA:120,0
DA:121,0
DA:122,0
DA:130,0
FN:130,UniversalResolver.resolve
FNDA:0,UniversalResolver.resolve
DA:131,0
DA:133,0
BRDA:133,2,0,-
DA:134,0
DA:137,0
DA:138,0
DA:140,0
BRDA:140,3,0,-
BRDA:140,3,1,-
DA:141,0
DA:142,0
DA:143,0
BRDA:143,4,0,-
BRDA:143,4,1,-
DA:144,0
DA:145,0
BRDA:145,5,0,-
DA:146,0
DA:147,0
BRDA:147,6,0,-
DA:148,0
DA:152,0
DA:155,0
DA:156,0
DA:158,0
DA:159,0
DA:161,0
DA:167,0
FN:167,UniversalResolver.resolveWithProof
FNDA:0,UniversalResolver.resolveWithProof
DA:168,0
DA:169,0
DA:172,0
DA:174,0
DA:176,0
DA:178,0
BRDA:178,7,0,-
DA:179,0
DA:182,0
BRDA:182,8,0,-
BRDA:182,8,1,-
DA:183,0
DA:184,0
BRDA:184,9,0,-
BRDA:184,9,1,-
DA:185,0
DA:187,0
DA:194,0
FN:194,UniversalResolver.supportsInterface
FNDA:0,UniversalResolver.supportsInterface
DA:195,0
DA:196,0
FNF:8
FNH:0
LF:64
LH:0
BRF:14
BRH:0
end_of_record
TN:
SF:src/paymasters/BasePaymaster.sol
DA:36,19
FN:36,BasePaymaster.constructor
FNDA:19,BasePaymaster.constructor
DA:37,19
DA:38,19
DA:41,6
FN:41,BasePaymaster.validateAndPayForPaymasterTransaction
FNDA:6,BasePaymaster.validateAndPayForPaymasterTransaction
DA:46,0
DA:49,5
DA:51,5
BRDA:51,0,0,1
DA:52,1
DA:55,4
DA:59,4
DA:60,4
DA:61,4
DA:63,4
BRDA:63,1,0,2
BRDA:63,1,1,1
DA:64,2
DA:65,2
BRDA:65,2,0,1
BRDA:65,2,1,1
DA:66,1
DA:67,1
DA:69,1
DA:71,1
DA:75,3
DA:76,2
BRDA:76,3,0,1
DA:77,1
DA:80,2
DA:83,2
FN:83,BasePaymaster.postTransaction
FNDA:2,BasePaymaster.postTransaction
DA:91,0
DA:96,4
FN:96,BasePaymaster.withdraw
FNDA:4,BasePaymaster.withdraw
DA:97,4
DA:100,3
DA:102,4
DA:103,4
BRDA:103,4,0,1
DA:108,8
FN:108,BasePaymaster._mustBeBootloader
FNDA:8,BasePaymaster._mustBeBootloader
DA:109,8
BRDA:109,5,0,2
DA:110,2
FNF:5
FNH:5
LF:33
LH:31
BRF:8
BRH:8
end_of_record
TN:
SF:src/paymasters/WhitelistPaymaster.sol
DA:23,6
FN:23,WhitelistPaymaster.constructor
FNDA:6,WhitelistPaymaster.constructor
DA:24,6
DA:27,4
FN:27,WhitelistPaymaster.addWhitelistedContracts
FNDA:4,WhitelistPaymaster.addWhitelistedContracts
DA:28,4
DA:30,3
DA:31,3
DA:34,3
DA:37,2
FN:37,WhitelistPaymaster.removeWhitelistedContracts
FNDA:2,WhitelistPaymaster.removeWhitelistedContracts
DA:38,2
DA:40,1
DA:41,1
DA:44,1
DA:47,4
FN:47,WhitelistPaymaster.addWhitelistedUsers
FNDA:4,WhitelistPaymaster.addWhitelistedUsers
DA:48,4
DA:50,3
DA:51,3
DA:54,3
DA:57,2
FN:57,WhitelistPaymaster.removeWhitelistedUsers
FNDA:2,WhitelistPaymaster.removeWhitelistedUsers
DA:58,2
DA:60,1
DA:61,1
DA:64,1
DA:67,4
FN:67,WhitelistPaymaster._validateAndPayGeneralFlow
FNDA:4,WhitelistPaymaster._validateAndPayGeneralFlow
DA:68,4
BRDA:68,0,0,1
DA:69,1
DA:72,3
BRDA:72,1,0,1
DA:73,1
DA:76,2
BRDA:76,2,0,1
DA:77,1
DA:81,1
FN:81,WhitelistPaymaster._validateAndPayApprovalBasedFlow
FNDA:1,WhitelistPaymaster._validateAndPayApprovalBasedFlow
DA:86,1
FNF:7
FNH:7
LF:31
LH:31
BRF:3
BRH:3
end_of_record
TN:
SF:src/swarms/FleetIdentityUpgradeable.sol
DA:241,0
FN:241,FleetIdentityUpgradeable.constructor
FNDA:0,FleetIdentityUpgradeable.constructor
DA:242,0
DA:254,0
FN:254,FleetIdentityUpgradeable.initialize
FNDA:0,FleetIdentityUpgradeable.initialize
DA:258,0
BRDA:258,0,0,-
DA:260,0
DA:261,0
DA:262,0
DA:263,0
DA:265,0
DA:266,0
DA:267,0
DA:278,0
FN:278,FleetIdentityUpgradeable.setBaseBond
FNDA:0,FleetIdentityUpgradeable.setBaseBond
DA:279,0
BRDA:279,1,0,-
DA:280,0
DA:281,0
DA:282,0
DA:289,0
FN:289,FleetIdentityUpgradeable.setCountryBondMultiplier
FNDA:0,FleetIdentityUpgradeable.setCountryBondMultiplier
DA:290,0
BRDA:290,2,0,-
DA:291,0
DA:292,0
DA:293,0
DA:301,0
FN:301,FleetIdentityUpgradeable.setBondParameters
FNDA:0,FleetIdentityUpgradeable.setBondParameters
DA:302,0
BRDA:302,3,0,-
DA:303,0
BRDA:303,4,0,-
DA:305,0
DA:306,0
DA:308,0
DA:309,0
DA:311,0
DA:312,0
DA:320,0
FN:320,FleetIdentityUpgradeable.BOND_TOKEN
FNDA:0,FleetIdentityUpgradeable.BOND_TOKEN
DA:321,0
DA:325,0
FN:325,FleetIdentityUpgradeable.BASE_BOND
FNDA:0,FleetIdentityUpgradeable.BASE_BOND
DA:326,0
DA:330,0
FN:330,FleetIdentityUpgradeable.countryBondMultiplier
FNDA:0,FleetIdentityUpgradeable.countryBondMultiplier
DA:331,0
DA:339,0
FN:339,FleetIdentityUpgradeable.registerFleetCountry
FNDA:0,FleetIdentityUpgradeable.registerFleetCountry
DA:344,0
BRDA:344,5,0,-
DA:345,0
BRDA:345,6,0,-
DA:346,0
DA:347,0
DA:348,0
DA:356,0
FN:356,FleetIdentityUpgradeable.registerFleetLocal
FNDA:0,FleetIdentityUpgradeable.registerFleetLocal
DA:361,0
BRDA:361,7,0,-
DA:362,0
BRDA:362,8,0,-
DA:363,0
BRDA:363,9,0,-
DA:364,0
DA:365,0
DA:366,0
DA:374,0
FN:374,FleetIdentityUpgradeable.promote
FNDA:0,FleetIdentityUpgradeable.promote
DA:375,0
DA:379,0
FN:379,FleetIdentityUpgradeable.reassignTier
FNDA:0,FleetIdentityUpgradeable.reassignTier
DA:380,0
DA:381,0
BRDA:381,10,0,-
DA:382,0
BRDA:382,11,0,-
BRDA:382,11,1,-
DA:383,0
DA:385,0
DA:394,0
FN:394,FleetIdentityUpgradeable.setOperator
FNDA:0,FleetIdentityUpgradeable.setOperator
DA:395,0
BRDA:395,12,0,-
DA:396,0
BRDA:396,13,0,-
DA:397,0
DA:400,0
DA:401,0
DA:402,0
DA:404,0
DA:406,0
DA:408,0
BRDA:408,14,0,-
DA:409,0
DA:410,0
DA:413,0
DA:421,0
FN:421,FleetIdentityUpgradeable.burn
FNDA:0,FleetIdentityUpgradeable.burn
DA:422,0
DA:424,0
DA:425,0
DA:426,0
DA:427,0
DA:428,0
DA:430,0
BRDA:430,15,0,-
BRDA:430,15,1,-
DA:431,0
BRDA:431,16,0,-
DA:434,0
DA:436,0
DA:437,0
DA:438,0
DA:440,0
DA:442,0
BRDA:442,17,0,-
DA:443,0
DA:446,0
DA:448,0
DA:450,0
DA:452,0
DA:454,0
DA:456,0
BRDA:456,18,0,-
BRDA:456,18,1,-
DA:457,0
DA:458,0
DA:459,0
DA:461,0
DA:464,0
DA:466,0
DA:475,0
FN:475,FleetIdentityUpgradeable.claimUuid
FNDA:0,FleetIdentityUpgradeable.claimUuid
DA:476,0
BRDA:476,19,0,-
DA:477,0
BRDA:477,20,0,-
DA:479,0
DA:480,0
DA:481,0
DA:482,0
DA:484,0
DA:485,0
DA:487,0
DA:488,0
DA:490,0
DA:499,0
FN:499,FleetIdentityUpgradeable.tierBond
FNDA:0,FleetIdentityUpgradeable.tierBond
DA:500,0
DA:501,0
DA:506,0
FN:506,FleetIdentityUpgradeable._tokenTierBond
FNDA:0,FleetIdentityUpgradeable._tokenTierBond
DA:507,0
DA:511,0
FN:511,FleetIdentityUpgradeable.localInclusionHint
FNDA:0,FleetIdentityUpgradeable.localInclusionHint
DA:516,0
BRDA:516,21,0,-
DA:517,0
BRDA:517,22,0,-
DA:518,0
DA:519,0
DA:523,0
FN:523,FleetIdentityUpgradeable.countryInclusionHint
FNDA:0,FleetIdentityUpgradeable.countryInclusionHint
DA:524,0
BRDA:524,23,0,-
DA:526,0
DA:528,0
DA:529,0
DA:530,0
DA:531,0
DA:532,0
DA:533,0
BRDA:533,24,0,-
DA:535,0
DA:539,0
FN:539,FleetIdentityUpgradeable.highestActiveTier
FNDA:0,FleetIdentityUpgradeable.highestActiveTier
DA:540,0
DA:541,0
BRDA:541,25,0,-
DA:542,0
DA:546,0
FN:546,FleetIdentityUpgradeable.tierMemberCount
FNDA:0,FleetIdentityUpgradeable.tierMemberCount
DA:547,0
DA:551,0
FN:551,FleetIdentityUpgradeable.getTierMembers
FNDA:0,FleetIdentityUpgradeable.getTierMembers
DA:552,0
DA:556,0
FN:556,FleetIdentityUpgradeable.getTierUuids
FNDA:0,FleetIdentityUpgradeable.getTierUuids
DA:557,0
DA:558,0
DA:559,0
DA:560,0
DA:565,0
FN:565,FleetIdentityUpgradeable.tokenUuid
FNDA:0,FleetIdentityUpgradeable.tokenUuid
DA:566,0
DA:570,0
FN:570,FleetIdentityUpgradeable.tokenRegion
FNDA:0,FleetIdentityUpgradeable.tokenRegion
DA:571,0
DA:575,0
FN:575,FleetIdentityUpgradeable.computeTokenId
FNDA:0,FleetIdentityUpgradeable.computeTokenId
DA:576,0
DA:580,0
FN:580,FleetIdentityUpgradeable.bonds
FNDA:0,FleetIdentityUpgradeable.bonds
DA:581,0
BRDA:581,26,0,-
DA:582,0
DA:583,0
BRDA:583,27,0,-
DA:584,0
DA:588,0
FN:588,FleetIdentityUpgradeable.isOwnedOnly
FNDA:0,FleetIdentityUpgradeable.isOwnedOnly
DA:589,0
DA:593,0
FN:593,FleetIdentityUpgradeable.operatorOf
FNDA:0,FleetIdentityUpgradeable.operatorOf
DA:594,0
DA:595,0
BRDA:595,28,0,-
DA:596,0
DA:605,0
FN:605,FleetIdentityUpgradeable.buildHighestBondedUuidBundle
FNDA:0,FleetIdentityUpgradeable.buildHighestBondedUuidBundle
DA:610,0
BRDA:610,29,0,-
DA:611,0
BRDA:611,30,0,-
DA:613,0
DA:614,0
DA:616,0
DA:620,0
FN:620,FleetIdentityUpgradeable.buildCountryOnlyBundle
FNDA:0,FleetIdentityUpgradeable.buildCountryOnlyBundle
DA:625,0
BRDA:625,31,0,-
DA:627,0
DA:628,0
DA:630,0
DA:639,0
FN:639,FleetIdentityUpgradeable.getActiveCountries
FNDA:0,FleetIdentityUpgradeable.getActiveCountries
DA:640,0
DA:645,0
FN:645,FleetIdentityUpgradeable.getActiveAdminAreas
FNDA:0,FleetIdentityUpgradeable.getActiveAdminAreas
DA:646,0
DA:647,0
DA:648,0
DA:649,0
DA:652,0
DA:653,0
DA:654,0
DA:655,0
DA:656,0
DA:657,0
DA:658,0
DA:661,0
DA:667,0
FN:667,FleetIdentityUpgradeable.getCountryAdminAreas
FNDA:0,FleetIdentityUpgradeable.getCountryAdminAreas
DA:668,0
DA:675,0
FN:675,FleetIdentityUpgradeable.makeAdminRegion
FNDA:0,FleetIdentityUpgradeable.makeAdminRegion
DA:676,0
DA:684,0
FN:684,FleetIdentityUpgradeable._authorizeUpgrade
FNDA:0,FleetIdentityUpgradeable._authorizeUpgrade
DA:690,0
FN:690,FleetIdentityUpgradeable._countryFromRegion
FNDA:0,FleetIdentityUpgradeable._countryFromRegion
DA:691,0
DA:694,0
FN:694,FleetIdentityUpgradeable._adminFromRegion
FNDA:0,FleetIdentityUpgradeable._adminFromRegion
DA:695,0
DA:698,0
FN:698,FleetIdentityUpgradeable._isCountryRegion
FNDA:0,FleetIdentityUpgradeable._isCountryRegion
DA:699,0
DA:702,0
FN:702,FleetIdentityUpgradeable._pullBond
FNDA:0,FleetIdentityUpgradeable._pullBond
DA:703,0
BRDA:703,32,0,-
DA:704,0
DA:708,0
FN:708,FleetIdentityUpgradeable._refundBond
FNDA:0,FleetIdentityUpgradeable._refundBond
DA:709,0
BRDA:709,33,0,-
DA:710,0
DA:714,0
FN:714,FleetIdentityUpgradeable._clearUuidOwnership
FNDA:0,FleetIdentityUpgradeable._clearUuidOwnership
DA:723,0
FN:723,FleetIdentityUpgradeable._decrementUuidCount
FNDA:0,FleetIdentityUpgradeable._decrementUuidCount
DA:724,0
DA:725,0
BRDA:725,34,0,-
BRDA:725,34,1,-
DA:726,0
DA:728,0
DA:732,0
FN:732,FleetIdentityUpgradeable._cleanupFleetFromTier
FNDA:0,FleetIdentityUpgradeable._cleanupFleetFromTier
DA:733,0
DA:736,0
DA:737,0
DA:740,0
FN:740,FleetIdentityUpgradeable._mintFleetToken
FNDA:0,FleetIdentityUpgradeable._mintFleetToken
DA:741,0
DA:742,0
DA:743,0
DA:744,0
DA:745,0
DA:748,0
FN:748,FleetIdentityUpgradeable._mintFleetTokenTo
FNDA:0,FleetIdentityUpgradeable._mintFleetTokenTo
DA:752,0
DA:753,0
DA:754,0
DA:755,0
DA:756,0
DA:759,0
FN:759,FleetIdentityUpgradeable._register
FNDA:0,FleetIdentityUpgradeable._register
DA:760,0
DA:761,0
DA:762,0
DA:763,0
DA:766,0
DA:768,0
BRDA:768,35,0,-
BRDA:768,35,1,-
DA:769,0
DA:770,0
BRDA:770,36,0,-
DA:771,0
DA:773,0
DA:774,0
DA:775,0
DA:777,0
DA:778,0
DA:780,0
DA:782,0
DA:783,0
BRDA:783,37,0,-
BRDA:783,37,1,-
DA:784,0
DA:785,0
DA:786,0
DA:787,0
DA:789,0
DA:790,0
DA:791,0
DA:793,0
DA:795,0
DA:797,0
DA:798,0
BRDA:798,38,0,-
DA:799,0
BRDA:799,39,0,-
DA:800,0
DA:802,0
DA:803,0
DA:805,0
DA:806,0
DA:808,0
DA:810,0
DA:814,0
FN:814,FleetIdentityUpgradeable._promote
FNDA:0,FleetIdentityUpgradeable._promote
DA:815,0
DA:816,0
DA:817,0
BRDA:817,40,0,-
DA:819,0
DA:820,0
DA:821,0
BRDA:821,41,0,-
DA:822,0
BRDA:822,42,0,-
DA:823,0
BRDA:823,43,0,-
DA:825,0
DA:827,0
DA:828,0
DA:829,0
DA:832,0
DA:834,0
DA:835,0
DA:836,0
DA:837,0
DA:839,0
DA:841,0
DA:844,0
FN:844,FleetIdentityUpgradeable._demote
FNDA:0,FleetIdentityUpgradeable._demote
DA:845,0
DA:846,0
DA:847,0
BRDA:847,44,0,-
DA:849,0
DA:850,0
DA:851,0
BRDA:851,45,0,-
DA:852,0
BRDA:852,46,0,-
DA:855,0
DA:856,0
DA:857,0
DA:859,0
DA:860,0
DA:861,0
DA:862,0
DA:863,0
DA:865,0
DA:867,0
DA:870,0
FN:870,FleetIdentityUpgradeable._validateExplicitTier
FNDA:0,FleetIdentityUpgradeable._validateExplicitTier
DA:871,0
BRDA:871,47,0,-
DA:872,0
BRDA:872,48,0,-
DA:875,0
FN:875,FleetIdentityUpgradeable._buildHighestBondedUuidBundle
FNDA:0,FleetIdentityUpgradeable._buildHighestBondedUuidBundle
DA:880,0
DA:882,0
DA:884,0
DA:886,0
DA:889,0
DA:890,0
DA:894,0
DA:898,0
FN:898,FleetIdentityUpgradeable._appendTierUuids
FNDA:0,FleetIdentityUpgradeable._appendTierUuids
DA:903,0
DA:904,0
DA:905,0
DA:906,0
DA:908,0
DA:909,0
DA:911,0
DA:914,0
DA:917,0
FN:917,FleetIdentityUpgradeable._findMaxTierIndex
FNDA:0,FleetIdentityUpgradeable._findMaxTierIndex
DA:918,0
DA:919,0
DA:921,0
DA:922,0
BRDA:922,49,0,-
DA:923,0
DA:926,0
FN:926,FleetIdentityUpgradeable._findCheapestInclusionTier
FNDA:0,FleetIdentityUpgradeable._findCheapestInclusionTier
DA:931,0
DA:932,0
DA:933,0
DA:935,0
DA:936,0
DA:938,0
DA:939,0
DA:940,0
DA:942,0
BRDA:942,50,0,-
DA:943,0
DA:946,0
DA:947,0
DA:948,0
DA:949,0
DA:952,0
BRDA:952,51,0,-
DA:953,0
DA:956,0
DA:959,0
FN:959,FleetIdentityUpgradeable._addToTier
FNDA:0,FleetIdentityUpgradeable._addToTier
DA:960,0
DA:961,0
DA:963,0
BRDA:963,52,0,-
DA:964,0
DA:968,0
FN:968,FleetIdentityUpgradeable._removeFromTier
FNDA:0,FleetIdentityUpgradeable._removeFromTier
DA:969,0
DA:970,0
DA:971,0
DA:973,0
BRDA:973,53,0,-
DA:974,0
DA:975,0
DA:976,0
DA:978,0
DA:981,0
FN:981,FleetIdentityUpgradeable._trimTierCount
FNDA:0,FleetIdentityUpgradeable._trimTierCount
DA:982,0
DA:983,0
DA:984,0
DA:986,0
DA:989,0
FN:989,FleetIdentityUpgradeable._addToRegionIndex
FNDA:0,FleetIdentityUpgradeable._addToRegionIndex
DA:990,0
BRDA:990,54,0,-
BRDA:990,54,1,-
DA:991,0
DA:992,0
BRDA:992,55,0,-
DA:993,0
DA:994,0
DA:997,0
BRDA:997,56,0,-
DA:998,0
DA:999,0
BRDA:999,57,0,-
DA:1000,0
DA:1001,0
DA:1003,0
DA:1004,0
DA:1009,0
FN:1009,FleetIdentityUpgradeable._removeFromRegionIndex
FNDA:0,FleetIdentityUpgradeable._removeFromRegionIndex
DA:1010,0
BRDA:1010,58,0,-
DA:1012,0
BRDA:1012,59,0,-
BRDA:1012,59,1,-
DA:1013,0
DA:1014,0
DA:1015,0
BRDA:1015,60,0,-
DA:1016,0
BRDA:1016,61,0,-
DA:1018,0
DA:1019,0
DA:1020,0
BRDA:1020,62,0,-
DA:1021,0
DA:1022,0
DA:1023,0
DA:1025,0
DA:1029,0
DA:1030,0
BRDA:1030,63,0,-
DA:1031,0
DA:1032,0
DA:1033,0
DA:1034,0
DA:1035,0
BRDA:1035,64,0,-
DA:1036,0
DA:1037,0
DA:1038,0
DA:1040,0
DA:1043,0
BRDA:1043,65,0,-
DA:1044,0
DA:1045,0
BRDA:1045,66,0,-
DA:1046,0
DA:1047,0
DA:1048,0
BRDA:1048,67,0,-
DA:1049,0
DA:1050,0
DA:1051,0
DA:1053,0
DA:1065,0
FN:1065,FleetIdentityUpgradeable._update
FNDA:0,FleetIdentityUpgradeable._update
DA:1070,0
DA:1072,0
DA:1073,0
BRDA:1073,68,0,-
DA:1074,0
DA:1077,0
DA:1080,0
FN:1080,FleetIdentityUpgradeable._increaseBalance
FNDA:0,FleetIdentityUpgradeable._increaseBalance
DA:1081,0
DA:1084,0
FN:1084,FleetIdentityUpgradeable.supportsInterface
FNDA:0,FleetIdentityUpgradeable.supportsInterface
DA:1085,0
FNF:62
FNH:0
LF:421
LH:0
BRF:77
BRH:0
end_of_record
TN:
SF:src/swarms/ServiceProviderUpgradeable.sol
DA:66,0
FN:66,ServiceProviderUpgradeable.constructor
FNDA:0,ServiceProviderUpgradeable.constructor
DA:67,0
DA:76,0
FN:76,ServiceProviderUpgradeable.initialize
FNDA:0,ServiceProviderUpgradeable.initialize
DA:77,0
DA:78,0
DA:79,0
DA:89,0
FN:89,ServiceProviderUpgradeable.registerProvider
FNDA:0,ServiceProviderUpgradeable.registerProvider
DA:90,0
BRDA:90,0,0,-
DA:91,0
DA:94,0
DA:96,0
DA:98,0
DA:100,0
DA:105,0
FN:105,ServiceProviderUpgradeable.burn
FNDA:0,ServiceProviderUpgradeable.burn
DA:106,0
BRDA:106,1,0,-
DA:107,0
DA:112,0
DA:114,0
DA:122,0
FN:122,ServiceProviderUpgradeable._authorizeUpgrade
FNDA:0,ServiceProviderUpgradeable._authorizeUpgrade
FNF:5
FNH:0
LF:19
LH:0
BRF:2
BRH:0
end_of_record
TN:
SF:src/swarms/SwarmRegistryL1Upgradeable.sol
DA:113,0
FN:113,SwarmRegistryL1Upgradeable.constructor
FNDA:0,SwarmRegistryL1Upgradeable.constructor
DA:114,0
DA:125,0
FN:125,SwarmRegistryL1Upgradeable.initialize
FNDA:0,SwarmRegistryL1Upgradeable.initialize
DA:126,0
BRDA:126,0,0,-
DA:127,0
DA:130,0
DA:131,0
DA:133,0
DA:134,0
DA:142,0
FN:142,SwarmRegistryL1Upgradeable.FLEET_CONTRACT
FNDA:0,SwarmRegistryL1Upgradeable.FLEET_CONTRACT
DA:143,0
DA:147,0
FN:147,SwarmRegistryL1Upgradeable.PROVIDER_CONTRACT
FNDA:0,SwarmRegistryL1Upgradeable.PROVIDER_CONTRACT
DA:148,0
DA:156,0
FN:156,SwarmRegistryL1Upgradeable.computeSwarmId
FNDA:0,SwarmRegistryL1Upgradeable.computeSwarmId
DA:161,0
DA:174,0
FN:174,SwarmRegistryL1Upgradeable.registerSwarm
FNDA:0,SwarmRegistryL1Upgradeable.registerSwarm
DA:181,0
BRDA:181,1,0,-
DA:182,0
DA:184,0
BRDA:184,2,0,-
DA:185,0
DA:188,0
BRDA:188,3,0,-
DA:189,0
DA:191,0
BRDA:191,4,0,-
DA:192,0
BRDA:192,4,1,-
DA:193,0
DA:196,0
DA:198,0
BRDA:198,5,0,-
DA:199,0
DA:202,0
DA:203,0
DA:204,0
DA:205,0
DA:206,0
DA:207,0
DA:209,0
DA:210,0
DA:212,0
DA:214,0
DA:218,0
FN:218,SwarmRegistryL1Upgradeable.acceptSwarm
FNDA:0,SwarmRegistryL1Upgradeable.acceptSwarm
DA:219,0
DA:220,0
BRDA:220,6,0,-
DA:222,0
DA:223,0
BRDA:223,7,0,-
DA:225,0
BRDA:225,8,0,-
DA:226,0
DA:228,0
DA:229,0
DA:233,0
FN:233,SwarmRegistryL1Upgradeable.rejectSwarm
FNDA:0,SwarmRegistryL1Upgradeable.rejectSwarm
DA:234,0
DA:235,0
BRDA:235,9,0,-
DA:237,0
DA:238,0
BRDA:238,10,0,-
DA:240,0
BRDA:240,11,0,-
DA:241,0
DA:243,0
DA:244,0
DA:248,0
FN:248,SwarmRegistryL1Upgradeable.updateSwarmProvider
FNDA:0,SwarmRegistryL1Upgradeable.updateSwarmProvider
DA:249,0
DA:250,0
BRDA:250,12,0,-
DA:251,0
DA:253,0
BRDA:253,13,0,-
DA:254,0
DA:256,0
BRDA:256,14,0,-
DA:257,0
BRDA:257,14,1,-
DA:258,0
DA:261,0
DA:263,0
DA:264,0
DA:266,0
DA:270,0
FN:270,SwarmRegistryL1Upgradeable.deleteSwarm
FNDA:0,SwarmRegistryL1Upgradeable.deleteSwarm
DA:271,0
DA:272,0
BRDA:272,15,0,-
DA:273,0
DA:275,0
BRDA:275,16,0,-
DA:276,0
DA:279,0
DA:281,0
DA:285,0
DA:289,0
FN:289,SwarmRegistryL1Upgradeable.isSwarmValid
FNDA:0,SwarmRegistryL1Upgradeable.isSwarmValid
DA:290,0
DA:291,0
BRDA:291,17,0,-
DA:293,0
DA:295,0
BRDA:295,18,0,-
DA:296,0
DA:297,0
BRDA:297,18,1,-
DA:298,0
DA:303,0
FN:303,SwarmRegistryL1Upgradeable.purgeOrphanedSwarm
FNDA:0,SwarmRegistryL1Upgradeable.purgeOrphanedSwarm
DA:304,0
DA:305,0
BRDA:305,19,0,-
DA:307,0
DA:308,0
BRDA:308,20,0,-
DA:310,0
DA:312,0
DA:316,0
DA:320,0
FN:320,SwarmRegistryL1Upgradeable.getFilterData
FNDA:0,SwarmRegistryL1Upgradeable.getFilterData
DA:321,0
DA:322,0
BRDA:322,21,0,-
DA:323,0
DA:325,0
DA:329,0
FN:329,SwarmRegistryL1Upgradeable.checkMembership
FNDA:0,SwarmRegistryL1Upgradeable.checkMembership
DA:330,0
DA:331,0
BRDA:331,22,0,-
DA:332,0
DA:335,0
DA:336,0
BRDA:336,23,0,-
DA:338,0
DA:339,0
DA:341,0
DA:345,0
BRDA:345,24,0,-
DA:347,0
DA:353,0
DA:354,0
BRDA:354,25,0,-
DA:356,0
DA:358,0
DA:359,0
DA:360,0
DA:363,0
DA:364,0
DA:366,0
DA:367,0
DA:368,0
DA:370,0
DA:378,0
FN:378,SwarmRegistryL1Upgradeable._authorizeUpgrade
FNDA:0,SwarmRegistryL1Upgradeable._authorizeUpgrade
DA:384,0
FN:384,SwarmRegistryL1Upgradeable._removeFromUuidSwarms
FNDA:0,SwarmRegistryL1Upgradeable._removeFromUuidSwarms
DA:385,0
DA:386,0
DA:387,0
DA:389,0
DA:390,0
DA:391,0
DA:397,0
FN:397,SwarmRegistryL1Upgradeable._readFingerprint
FNDA:0,SwarmRegistryL1Upgradeable._readFingerprint
DA:402,0
BRDA:402,26,0,-
BRDA:402,26,1,-
DA:404,0
DA:405,0
DA:408,0
DA:409,0
DA:410,0
FNF:17
FNH:0
LF:137
LH:0
BRF:31
BRH:0
end_of_record
TN:
SF:src/swarms/SwarmRegistryUniversalUpgradeable.sol
DA:125,0
FN:125,SwarmRegistryUniversalUpgradeable.constructor
FNDA:0,SwarmRegistryUniversalUpgradeable.constructor
DA:126,0
DA:137,0
FN:137,SwarmRegistryUniversalUpgradeable.initialize
FNDA:0,SwarmRegistryUniversalUpgradeable.initialize
DA:138,0
BRDA:138,0,0,-
DA:139,0
DA:142,0
DA:143,0
DA:145,0
DA:146,0
DA:154,0
FN:154,SwarmRegistryUniversalUpgradeable.FLEET_CONTRACT
FNDA:0,SwarmRegistryUniversalUpgradeable.FLEET_CONTRACT
DA:155,0
DA:159,0
FN:159,SwarmRegistryUniversalUpgradeable.PROVIDER_CONTRACT
FNDA:0,SwarmRegistryUniversalUpgradeable.PROVIDER_CONTRACT
DA:160,0
DA:168,0
FN:168,SwarmRegistryUniversalUpgradeable.computeSwarmId
FNDA:0,SwarmRegistryUniversalUpgradeable.computeSwarmId
DA:173,0
DA:186,0
FN:186,SwarmRegistryUniversalUpgradeable.registerSwarm
FNDA:0,SwarmRegistryUniversalUpgradeable.registerSwarm
DA:193,0
BRDA:193,1,0,-
DA:194,0
DA:196,0
BRDA:196,2,0,-
DA:197,0
DA:199,0
BRDA:199,3,0,-
DA:200,0
DA:203,0
BRDA:203,4,0,-
DA:204,0
DA:206,0
BRDA:206,5,0,-
DA:207,0
BRDA:207,5,1,-
DA:208,0
DA:211,0
DA:213,0
BRDA:213,6,0,-
DA:214,0
DA:217,0
DA:218,0
DA:219,0
DA:220,0
DA:221,0
DA:222,0
DA:223,0
DA:225,0
DA:227,0
DA:228,0
DA:230,0
DA:234,0
FN:234,SwarmRegistryUniversalUpgradeable.acceptSwarm
FNDA:0,SwarmRegistryUniversalUpgradeable.acceptSwarm
DA:235,0
DA:236,0
BRDA:236,7,0,-
DA:238,0
DA:239,0
BRDA:239,8,0,-
DA:241,0
BRDA:241,9,0,-
DA:242,0
DA:244,0
DA:245,0
DA:249,0
FN:249,SwarmRegistryUniversalUpgradeable.rejectSwarm
FNDA:0,SwarmRegistryUniversalUpgradeable.rejectSwarm
DA:250,0
DA:251,0
BRDA:251,10,0,-
DA:253,0
DA:254,0
BRDA:254,11,0,-
DA:256,0
BRDA:256,12,0,-
DA:257,0
DA:259,0
DA:260,0
DA:264,0
FN:264,SwarmRegistryUniversalUpgradeable.updateSwarmProvider
FNDA:0,SwarmRegistryUniversalUpgradeable.updateSwarmProvider
DA:265,0
DA:266,0
BRDA:266,13,0,-
DA:267,0
DA:269,0
BRDA:269,14,0,-
DA:270,0
DA:272,0
BRDA:272,15,0,-
DA:273,0
BRDA:273,15,1,-
DA:274,0
DA:277,0
DA:279,0
DA:280,0
DA:282,0
DA:286,0
FN:286,SwarmRegistryUniversalUpgradeable.deleteSwarm
FNDA:0,SwarmRegistryUniversalUpgradeable.deleteSwarm
DA:287,0
DA:288,0
BRDA:288,16,0,-
DA:289,0
DA:291,0
BRDA:291,17,0,-
DA:292,0
DA:295,0
DA:297,0
DA:302,0
DA:306,0
FN:306,SwarmRegistryUniversalUpgradeable.isSwarmValid
FNDA:0,SwarmRegistryUniversalUpgradeable.isSwarmValid
DA:307,0
DA:308,0
BRDA:308,18,0,-
DA:310,0
DA:312,0
BRDA:312,19,0,-
DA:313,0
DA:314,0
BRDA:314,19,1,-
DA:315,0
DA:320,0
FN:320,SwarmRegistryUniversalUpgradeable.purgeOrphanedSwarm
FNDA:0,SwarmRegistryUniversalUpgradeable.purgeOrphanedSwarm
DA:321,0
DA:322,0
BRDA:322,20,0,-
DA:324,0
DA:325,0
BRDA:325,21,0,-
DA:327,0
DA:329,0
DA:334,0
DA:338,0
FN:338,SwarmRegistryUniversalUpgradeable.checkMembership
FNDA:0,SwarmRegistryUniversalUpgradeable.checkMembership
DA:339,0
DA:340,0
BRDA:340,22,0,-
DA:341,0
DA:344,0
DA:345,0
BRDA:345,23,0,-
DA:347,0
DA:348,0
DA:352,0
DA:353,0
BRDA:353,24,0,-
DA:355,0
DA:356,0
DA:357,0
DA:360,0
DA:361,0
DA:363,0
DA:364,0
DA:365,0
DA:367,0
DA:371,0
FN:371,SwarmRegistryUniversalUpgradeable.getFilterData
FNDA:0,SwarmRegistryUniversalUpgradeable.getFilterData
DA:372,0
BRDA:372,25,0,-
DA:373,0
DA:375,0
DA:383,0
FN:383,SwarmRegistryUniversalUpgradeable._authorizeUpgrade
FNDA:0,SwarmRegistryUniversalUpgradeable._authorizeUpgrade
DA:389,0
FN:389,SwarmRegistryUniversalUpgradeable._removeFromUuidSwarms
FNDA:0,SwarmRegistryUniversalUpgradeable._removeFromUuidSwarms
DA:390,0
DA:391,0
DA:392,0
DA:394,0
DA:395,0
DA:396,0
DA:402,0
FN:402,SwarmRegistryUniversalUpgradeable._readFingerprint
FNDA:0,SwarmRegistryUniversalUpgradeable._readFingerprint
DA:407,0
BRDA:407,26,0,-
BRDA:407,26,1,-
DA:409,0
DA:412,0
DA:413,0
FNF:17
FNH:0
LF:133
LH:0
BRF:31
BRH:0
end_of_record
TN:
SF:test/FleetIdentity.t.sol
DA:13,0
FN:13,MockERC20.mint.0
FNDA:0,MockERC20.mint.0
DA:14,0
DA:24,0
FN:24,BadERC20.mint.1
FNDA:0,BadERC20.mint.1
DA:25,0
DA:28,0
FN:28,BadERC20.setFail
FNDA:0,BadERC20.setFail
DA:29,0
DA:32,0
FN:32,BadERC20.transfer
FNDA:0,BadERC20.transfer
DA:33,0
BRDA:33,0,0,-
DA:34,0
DA:37,0
FN:37,BadERC20.transferFrom
FNDA:0,BadERC20.transferFrom
DA:38,0
BRDA:38,1,0,-
DA:39,0
FNF:5
FNH:0
LF:12
LH:0
BRF:2
BRH:0
end_of_record
TN:
SF:test/FleetIdentityFairness.t.sol
DA:13,0
FN:13,MockERC20Fairness.mint
FNDA:0,MockERC20Fairness.mint
DA:14,0
FNF:1
FNH:0
LF:2
LH:0
BRF:0
BRH:0
end_of_record
TN:
SF:test/Grants.t.sol
DA:9,0
FN:9,MockToken.constructor
FNDA:0,MockToken.constructor
DA:10,0
FNF:1
FNH:0
LF:2
LH:0
BRF:0
BRH:0
end_of_record
TN:
SF:test/Payment.t.sol
DA:12,0
FN:12,MockToken.constructor
FNDA:0,MockToken.constructor
DA:13,0
FNF:1
FNH:0
LF:2
LH:0
BRF:0
BRH:0
end_of_record
TN:
SF:test/QuotaControl.t.sol
DA:14,0
FN:14,TestableQuotaControl.exposeCheckedResetClaimed
FNDA:0,TestableQuotaControl.exposeCheckedResetClaimed
DA:15,0
DA:18,0
FN:18,TestableQuotaControl.exposeCheckedUpdateClaimed
FNDA:0,TestableQuotaControl.exposeCheckedUpdateClaimed
DA:19,0
FNF:2
FNH:0
LF:4
LH:0
BRF:0
BRH:0
end_of_record
TN:
SF:test/SwarmRegistryL1.t.sol
DA:15,0
FN:15,MockBondTokenL1.mint
FNDA:0,MockBondTokenL1.mint
DA:16,0
FNF:1
FNH:0
LF:2
LH:0
BRF:0
BRH:0
end_of_record
TN:
SF:test/SwarmRegistryUniversal.t.sol
DA:15,0
FN:15,MockBondTokenUniv.mint
FNDA:0,MockBondTokenUniv.mint
DA:16,0
FNF:1
FNH:0
LF:2
LH:0
BRF:0
BRH:0
end_of_record
TN:
SF:test/__helpers__/AccessControlUtils.sol
DA:9,4
FN:9,AccessControlUtils.expectRevert_AccessControlUnauthorizedAccount
FNDA:4,AccessControlUtils.expectRevert_AccessControlUnauthorizedAccount
DA:10,4
FNF:1
FNH:1
LF:2
LH:2
BRF:0
BRH:0
end_of_record
TN:
SF:test/__helpers__/MockERC20.sol
DA:11,0
FN:11,MockERC20.constructor
FNDA:0,MockERC20.constructor
DA:12,0
DA:15,0
FN:15,MockERC20.decimals
FNDA:0,MockERC20.decimals
DA:16,0
DA:19,0
FN:19,MockERC20.mint
FNDA:0,MockERC20.mint
DA:20,0
FNF:3
FNH:0
LF:6
LH:0
BRF:0
BRH:0
end_of_record
TN:
SF:test/bridge/L1Bridge.t.sol
DA:31,0
FN:31,MockMailbox.setL1ToL2Failed
FNDA:0,MockMailbox.setL1ToL2Failed
DA:32,0
DA:35,0
FN:35,MockMailbox.setInclusion
FNDA:0,MockMailbox.setInclusion
DA:36,0
DA:39,0
FN:39,MockMailbox.setBaseCostReturn
FNDA:0,MockMailbox.setBaseCostReturn
DA:40,0
DA:43,0
FN:43,MockMailbox.expectBaseCostParams
FNDA:0,MockMailbox.expectBaseCostParams
DA:44,0
DA:45,0
DA:46,0
DA:50,0
FN:50,MockMailbox.requestL2Transaction
FNDA:0,MockMailbox.requestL2Transaction
DA:59,0
DA:60,0
DA:63,0
DA:66,0
FN:66,MockMailbox.proveL1ToL2TransactionStatus
FNDA:0,MockMailbox.proveL1ToL2TransactionStatus
DA:74,0
BRDA:74,0,0,-
DA:75,0
DA:77,0
DA:80,0
FN:80,MockMailbox.proveL2MessageInclusion
FNDA:0,MockMailbox.proveL2MessageInclusion
DA:86,0
DA:89,0
FN:89,MockMailbox.l2TransactionBaseCost
FNDA:0,MockMailbox.l2TransactionBaseCost
DA:95,0
BRDA:95,1,0,-
BRDA:95,1,1,-
DA:96,0
BRDA:96,2,0,-
BRDA:96,2,1,-
DA:97,0
BRDA:97,3,0,-
BRDA:97,3,1,-
DA:98,0
FNF:8
FNH:0
LF:25
LH:0
BRF:7
BRH:0
end_of_record
TN:
SF:test/bridge/MigrationNFT.t.sol
DA:12,0
FN:12,MigrationNFTTestUtils.bridgeTokens
FNDA:0,MigrationNFTTestUtils.bridgeTokens
DA:20,0
DA:21,0
DA:22,0
FNF:1
FNH:0
LF:4
LH:0
BRF:0
BRH:0
end_of_record
TN:
SF:test/contentsign/BaseContentSign.t.sol
DA:13,0
FN:13,MockContentSign.setWhitelisted
FNDA:0,MockContentSign.setWhitelisted
DA:14,0
DA:17,0
FN:17,MockContentSign._userIsWhitelisted
FNDA:0,MockContentSign._userIsWhitelisted
DA:18,0
FNF:2
FNH:0
LF:4
LH:0
BRF:0
BRH:0
end_of_record
TN:
SF:test/contentsign/ClickBounty.t.sol
DA:13,0
FN:13,MockERC20.constructor
FNDA:0,MockERC20.constructor
DA:14,0
DA:21,0
FN:21,MockContentSign._userIsWhitelisted
FNDA:0,MockContentSign._userIsWhitelisted
DA:22,0
FNF:2
FNH:0
LF:4
LH:0
BRF:0
BRH:0
end_of_record
TN:
SF:test/contentsign/PaymentMiddleware.t.sol
DA:16,0
FN:16,MockToken.mint.0
FNDA:0,MockToken.mint.0
DA:17,0
DA:24,0
FN:24,MockWhitelist.mint.1
FNDA:0,MockWhitelist.mint.1
DA:25,0
DA:32,0
FN:32,MockContentSign._userIsWhitelisted
FNDA:0,MockContentSign._userIsWhitelisted
DA:33,0
FNF:3
FNH:0
LF:6
LH:0
BRF:0
BRH:0
end_of_record
TN:
SF:test/paymasters/BasePaymaster.t.sol
DA:19,2
FN:19,MockPaymaster._validateAndPayGeneralFlow
FNDA:2,MockPaymaster._validateAndPayGeneralFlow
DA:20,2
DA:23,1
FN:23,MockPaymaster._validateAndPayApprovalBasedFlow
FNDA:1,MockPaymaster._validateAndPayApprovalBasedFlow
DA:27,1
DA:33,1
FN:33,ETHRejecter.receive
FNDA:1,ETHRejecter.receive
DA:34,1
FNF:3
FNH:3
LF:6
LH:6
BRF:0
BRH:0
end_of_record
TN:
SF:test/paymasters/WhitelistPaymaster.t.sol
DA:14,4
FN:14,MockWhitelistPaymaster.mock_validateAndPayGeneralFlow
FNDA:4,MockWhitelistPaymaster.mock_validateAndPayGeneralFlow
DA:15,4
DA:18,1
FN:18,MockWhitelistPaymaster.mock_validateAndPayApprovalBasedFlow
FNDA:1,MockWhitelistPaymaster.mock_validateAndPayApprovalBasedFlow
DA:26,1
FNF:2
FNH:2
LF:4
LH:4
BRF:0
BRH:0
end_of_record
TN:
SF:test/upgrade-demo/TestUpgradeOnAnvil.s.sol
DA:20,0
FN:20,FleetIdentityUpgradeableV2.version.0
FNDA:0,FleetIdentityUpgradeableV2.version.0
DA:21,0
DA:27,0
FN:27,ServiceProviderUpgradeableV2.version.1
FNDA:0,ServiceProviderUpgradeableV2.version.1
DA:28,0
DA:34,0
FN:34,SwarmRegistryL1UpgradeableV2.version.2
FNDA:0,SwarmRegistryL1UpgradeableV2.version.2
DA:35,0
DA:41,0
FN:41,MockBondToken.constructor
FNDA:0,MockBondToken.constructor
DA:42,0
DA:45,0
FN:45,MockBondToken.mint
FNDA:0,MockBondToken.mint
DA:46,0
DA:83,0
FN:83,TestUpgradeOnAnvil.run
FNDA:0,TestUpgradeOnAnvil.run
DA:84,0
DA:85,0
DA:86,0
DA:88,0
DA:93,0
DA:96,0
DA:97,0
DA:99,0
DA:102,0
DA:103,0
DA:104,0
DA:108,0
DA:109,0
DA:110,0
DA:113,0
DA:114,0
DA:115,0
DA:119,0
DA:120,0
DA:121,0
DA:124,0
DA:125,0
DA:126,0
DA:130,0
DA:131,0
DA:132,0
DA:137,0
DA:140,0
DA:141,0
DA:142,0
BRDA:142,0,0,-
BRDA:142,0,1,-
DA:143,0
DA:144,0
BRDA:144,1,0,-
BRDA:144,1,1,-
DA:145,0
DA:146,0
BRDA:146,2,0,-
BRDA:146,2,1,-
DA:147,0
DA:150,0
DA:151,0
DA:152,0
BRDA:152,3,0,-
BRDA:152,3,1,-
DA:153,0
DA:154,0
BRDA:154,4,0,-
BRDA:154,4,1,-
DA:155,0
DA:156,0
BRDA:156,5,0,-
BRDA:156,5,1,-
DA:157,0
DA:158,0
BRDA:158,6,0,-
BRDA:158,6,1,-
DA:159,0
DA:160,0
BRDA:160,7,0,-
BRDA:160,7,1,-
DA:161,0
DA:162,0
BRDA:162,8,0,-
BRDA:162,8,1,-
DA:163,0
DA:166,0
DA:167,0
DA:168,0
BRDA:168,9,0,-
BRDA:168,9,1,-
DA:169,0
DA:170,0
BRDA:170,10,0,-
BRDA:170,10,1,-
DA:171,0
DA:172,0
BRDA:172,11,0,-
BRDA:172,11,1,-
DA:173,0
DA:175,0
DA:180,0
DA:183,0
DA:184,0
DA:185,0
DA:186,0
DA:187,0
DA:188,0
DA:191,0
DA:192,0
DA:195,0
DA:196,0
DA:197,0
DA:198,0
DA:199,0
DA:200,0
DA:201,0
DA:204,0
DA:205,0
DA:206,0
DA:207,0
DA:208,0
DA:213,0
DA:216,0
DA:217,0
DA:218,0
DA:219,0
DA:221,0
DA:222,0
DA:223,0
DA:226,0
DA:227,0
DA:228,0
DA:231,0
DA:232,0
DA:233,0
DA:236,0
DA:237,0
DA:238,0
DA:243,0
DA:246,0
DA:247,0
DA:248,0
DA:251,0
DA:252,0
DA:253,0
DA:254,0
DA:257,0
DA:258,0
DA:259,0
DA:260,0
DA:261,0
DA:262,0
DA:265,0
DA:268,0
DA:269,0
DA:272,0
DA:273,0
DA:274,0
DA:276,0
DA:281,0
DA:282,0
DA:283,0
DA:284,0
DA:285,0
DA:286,0
DA:287,0
DA:288,0
DA:289,0
DA:290,0
DA:291,0
FNF:6
FNH:0
LF:139
LH:0
BRF:24
BRH:0
end_of_record
TN:
SF:test/upgradeable/UpgradeableContracts.t.sol
DA:29,0
FN:29,ServiceProviderUpgradeableV2Mock.initializeV2.0
FNDA:0,ServiceProviderUpgradeableV2Mock.initializeV2.0
DA:30,0
DA:33,0
FN:33,ServiceProviderUpgradeableV2Mock.setProviderScore
FNDA:0,ServiceProviderUpgradeableV2Mock.setProviderScore
DA:34,0
BRDA:34,0,0,-
DA:35,0
DA:38,0
FN:38,ServiceProviderUpgradeableV2Mock.version.0
FNDA:0,ServiceProviderUpgradeableV2Mock.version.0
DA:39,0
DA:55,0
FN:55,FleetIdentityUpgradeableV2Mock.initializeV2.1
FNDA:0,FleetIdentityUpgradeableV2Mock.initializeV2.1
DA:56,0
DA:59,0
FN:59,FleetIdentityUpgradeableV2Mock.setFleetMetadata
FNDA:0,FleetIdentityUpgradeableV2Mock.setFleetMetadata
DA:60,0
BRDA:60,1,0,-
DA:61,0
DA:64,0
FN:64,FleetIdentityUpgradeableV2Mock.version.1
FNDA:0,FleetIdentityUpgradeableV2Mock.version.1
DA:65,0
DA:81,0
FN:81,SwarmRegistryUniversalUpgradeableV2Mock.initializeV2.2
FNDA:0,SwarmRegistryUniversalUpgradeableV2Mock.initializeV2.2
DA:82,0
DA:85,0
FN:85,SwarmRegistryUniversalUpgradeableV2Mock.pauseSwarm
FNDA:0,SwarmRegistryUniversalUpgradeableV2Mock.pauseSwarm
DA:86,0
DA:89,0
FN:89,SwarmRegistryUniversalUpgradeableV2Mock.version.2
FNDA:0,SwarmRegistryUniversalUpgradeableV2Mock.version.2
DA:90,0
FNF:9
FNH:0
LF:20
LH:0
BRF:2
BRH:0
end_of_record
